root - INFO - 2023-03-07 11:46:23.021400 - Finvant Alcubierre Mk1 OMS Backend turned on.
root - INFO - 2023-03-07 11:46:23.126457 - OMS Backend mainloop started.
root - INFO - 2023-03-07 11:46:25.196679 - OMSB: Logging in for backend kite ticker.
root - INFO - 2023-03-07 11:46:36.149169 - OMSB: Login succesful for backend kite ticker.
root - INFO - 2023-03-07 11:46:36.570636 - Attempting XTS login.
root - INFO - 2023-03-07 11:46:36.765874 - ODIN login for NB01.
root - INFO - 2023-03-07 11:46:39.147389 - ODIN login succesful for NB01.
root - INFO - 2023-03-07 11:46:39.254250 - OMSB: Zerodha login for WG5235.
root - INFO - 2023-03-07 11:46:47.245076 - OMSB: Zerodha login succesful for WG5235.
root - INFO - 2023-03-07 11:46:47.357630 - attempting XTS order. Token:47280, Position:BUY, Quantity:50.
root - INFO - 2023-03-07 11:46:47.520507 - XTS order placed. Token:47280, Position:BUY, Quantity:50.
root - CRITICAL - CRITICAL ERROR:2023-03-07 11:46:47.682415 - Failed to place XTS options order. User: MASTER_TRUST. Tradingsymbol:NIFTY2330917750PE. QTY:50 .
['Traceback (most recent call last):', '  File "/Users/aditya/Documents/dev/CloudAccess/CloudDownloads/OMS/Backend/Scripts/OrderPlacement.py", line 174, in placeOrder', "    log_interface.postLog(severity='INFO',message='Placed XTS options order for:{}, instrument:{}, qty:{}, transaction type:{}, placed price:{}, id:{}.'.format(username,tradingsymbol,qty*lot_size, transaction_type,placed_price, order_id), publish=1, tag='ORDER')", "UnboundLocalError: local variable 'placed_price' referenced before assignment"]
root - CRITICAL - CRITICAL ERROR:2023-03-07 11:46:47.788668 - Failed to update order placement in DB. User: MASTER_TRUST. Tradingsymbol:NIFTY2330917750PE. QTY:50.
['Traceback (most recent call last):', '  File "/Users/aditya/Documents/dev/CloudAccess/CloudDownloads/OMS/Backend/Scripts/OrderPlacement.py", line 209, in placeOrder', '    update_order_placement(username=username,tradingsymbol=tradingsymbol,placed_qty=qty,placed_price=placed_price, spread_list=spread_list, debug=debug) # If this fails, infinite order placement -> stop this thread + critical user message', '  File "/Users/aditya/Documents/dev/CloudAccess/CloudDownloads/OMS/Backend/Scripts/DBManager.py", line 439, in update_order_placement', '    update_orderbuffer(username=username,tradingsymbol=tradingsymbol,placed_qty=placed_qty,placed_price=placed_price,cur=cur, spread_list= spread_list, debug=debug)', '  File "/Users/aditya/Documents/dev/CloudAccess/CloudDownloads/OMS/Backend/Scripts/DBManager.py", line 377, in update_orderbuffer', '    update_order_reference(username=username, position_list=positions_list, placed_price=new_placement_price,order_completion=order_completion,cur=cur, spread_list=spread_list, rollover = rollover, debug=debug)', '  File "/Users/aditya/Documents/dev/CloudAccess/CloudDownloads/OMS/Backend/Scripts/DBManager.py", line 400, in update_order_reference', "    order_id = list(cur.execute('SELECT order_id FROM orderbook WHERE username={} AND strategy_name={} AND position={} AND instrument_nomenclature={};'.format(gSF(username),gSF(strategy_name),gSF(traded_position),gSF(instrument_nomenclature))).fetchall()[0])[0]", 'IndexError: list index out of range']
root - CRITICAL - CRITICAL ERROR:2023-03-07 11:47:25.467484 - Failed to place Zerodha Kite options order. User: FINVANT_LIVE. Tradingsymbol:NIFTY2330917700CE. QTY:-50 .
['Traceback (most recent call last):', '  File "/Users/aditya/Documents/dev/CloudAccess/CloudDownloads/OMS/Backend/Scripts/OrderPlacement.py", line 77, in placeOrder', "    order_id = brokerage_object.place_order(variety='regular', exchange=exchange, tradingsymbol=tradingsymbol, transaction_type=transaction_type, quantity=abs(qty*lot_size), product=brokerage_object.PRODUCT_NRML, order_type=brokerage_object.ORDER_TYPE_LIMIT, price=price, validity=None, disclosed_quantity=None, trigger_price=None, squareoff=None, stoploss=None, trailing_stoploss=None, tag=None)", '  File "/opt/homebrew/lib/python3.9/site-packages/kiteconnect/connect.py", line 355, in place_order', '    return self._post("order.place",', '  File "/opt/homebrew/lib/python3.9/site-packages/kiteconnect/connect.py", line 841, in _post', '    return self._request(route, "POST", url_args=url_args, params=params, is_json=is_json, query_params=query_params)', '  File "/opt/homebrew/lib/python3.9/site-packages/kiteconnect/connect.py", line 913, in _request', '    raise exp(data["message"], code=r.status_code)', 'kiteconnect.exceptions.InputException: Markets are closed right now. Use GTT for placing long standing orders instead. [Read more.](https://support.zerodha.com/category/trading-and-markets/gtt/articles/what-is-the-good-till-triggered-gtt-feature)']
root - INFO - 2023-03-07 11:47:25.579789 - 218.8091278076172
root - CRITICAL - CRITICAL ERROR:2023-03-07 11:47:26.976634 - Failed to place ODIN options order. User: ODIN. Tradingsymbol:NIFTY2330917700CE. QTY:-50 .
['Traceback (most recent call last):', '  File "/Users/aditya/Documents/dev/CloudAccess/CloudDownloads/OMS/Backend/Scripts/OrderPlacement.py", line 257, in placeOrder', "    order_id = order_detail['order_id']", "KeyError: 'order_id'"]
root - INFO - 2023-03-07 11:47:27.083960 - 1723.1221199035645
root - INFO - 2023-03-07 11:55:22.352666 - Finvant Alcubierre Mk1 OMS Backend turned on.
root - INFO - 2023-03-07 11:55:22.461677 - OMS Backend mainloop started.
root - INFO - 2023-03-07 11:55:24.565748 - OMSB: Logging in for backend kite ticker.
root - INFO - 2023-03-07 11:55:34.770659 - OMSB: Login succesful for backend kite ticker.
root - INFO - 2023-03-07 11:55:35.180106 - Attempting XTS login.
root - INFO - 2023-03-07 11:55:35.372625 - ODIN login for NB01.
root - INFO - 2023-03-07 11:55:36.568984 - ODIN login succesful for NB01.
root - INFO - 2023-03-07 11:55:36.914188 - OMSB: Zerodha login for WG5235.
root - INFO - 2023-03-07 11:55:44.917667 - OMSB: Zerodha login succesful for WG5235.
root - INFO - 2023-03-07 11:55:45.028352 - attempting XTS order. Token:47223, Position:SELL, Quantity:50.
root - CRITICAL - CRITICAL ERROR:2023-03-07 11:55:45.120449 - Failed to place Zerodha Kite options order. User: FINVANT_LIVE. Tradingsymbol:NIFTY2330917700CE. QTY:-50 .
['Traceback (most recent call last):', '  File "/Users/aditya/Documents/dev/CloudAccess/CloudDownloads/OMS/Backend/Scripts/OrderPlacement.py", line 77, in placeOrder', "    order_id = brokerage_object.place_order(variety='regular', exchange=exchange, tradingsymbol=tradingsymbol, transaction_type=transaction_type, quantity=abs(qty*lot_size), product=brokerage_object.PRODUCT_NRML, order_type=brokerage_object.ORDER_TYPE_LIMIT, price=price, validity=None, disclosed_quantity=None, trigger_price=None, squareoff=None, stoploss=None, trailing_stoploss=None, tag=None)", '  File "/opt/homebrew/lib/python3.9/site-packages/kiteconnect/connect.py", line 355, in place_order', '    return self._post("order.place",', '  File "/opt/homebrew/lib/python3.9/site-packages/kiteconnect/connect.py", line 841, in _post', '    return self._request(route, "POST", url_args=url_args, params=params, is_json=is_json, query_params=query_params)', '  File "/opt/homebrew/lib/python3.9/site-packages/kiteconnect/connect.py", line 913, in _request', '    raise exp(data["message"], code=r.status_code)', 'kiteconnect.exceptions.InputException: Markets are closed right now. Use GTT for placing long standing orders instead. [Read more.](https://support.zerodha.com/category/trading-and-markets/gtt/articles/what-is-the-good-till-triggered-gtt-feature)']
root - INFO - 2023-03-07 11:55:45.186723 - XTS order placed. Token:47223, Position:SELL, Quantity:50.
root - INFO - 2023-03-07 11:55:45.226420 - 199.56493377685547
root - INFO - 2023-03-07 11:55:45.345055 - Placed XTS options order for:MASTER_TRUST, instrument:NIFTY2330917700CE, qty:-50, transaction type:SELL, placed price:66.7, id:1200027659.
root - INFO - 2023-03-07 11:55:45.461128 - 434.5879554748535
root - CRITICAL - CRITICAL ERROR:2023-03-07 11:55:46.720228 - Failed to place ODIN options order. User: ODIN. Tradingsymbol:NIFTY2330917700CE. QTY:-50 .
['Traceback (most recent call last):', '  File "/Users/aditya/Documents/dev/CloudAccess/CloudDownloads/OMS/Backend/Scripts/OrderPlacement.py", line 261, in placeOrder', "    order_id = order_detail['order_id']", "KeyError: 'order_id'"]
root - INFO - 2023-03-07 11:55:46.831275 - 1804.7497272491455
root - INFO - 2023-03-07 11:55:52.003483 - attempting XTS order. Token:47223, Position:SELL, Quantity:50.
root - INFO - 2023-03-07 11:55:52.165517 - XTS order placed. Token:47223, Position:SELL, Quantity:50.
root - INFO - 2023-03-07 11:55:52.332397 - Placed XTS options order for:MASTER_TRUST, instrument:NIFTY2330917700CE, qty:-50, transaction type:SELL, placed price:66.7, id:1200027660.
root - INFO - 2023-03-07 11:55:52.442234 - 440.16098976135254
root - INFO - 2023-03-07 11:55:59.000944 - attempting XTS order. Token:47223, Position:SELL, Quantity:50.
root - INFO - 2023-03-07 11:55:59.159099 - XTS order placed. Token:47223, Position:SELL, Quantity:50.
root - INFO - 2023-03-07 11:55:59.319898 - Placed XTS options order for:MASTER_TRUST, instrument:NIFTY2330917700CE, qty:-50, transaction type:SELL, placed price:66.7, id:1200027661.
root - INFO - 2023-03-07 11:55:59.424370 - 424.0379333496094
root - INFO - 2023-03-07 11:56:06.003114 - attempting XTS order. Token:47223, Position:SELL, Quantity:50.
root - INFO - 2023-03-07 11:56:06.169186 - XTS order placed. Token:47223, Position:SELL, Quantity:50.
root - INFO - 2023-03-07 11:56:06.332057 - Placed XTS options order for:MASTER_TRUST, instrument:NIFTY2330917700CE, qty:-50, transaction type:SELL, placed price:66.7, id:1200027662.
root - INFO - 2023-03-07 11:56:06.455678 - 454.58221435546875
root - INFO - 2023-03-07 11:56:13.003691 - attempting XTS order. Token:47223, Position:SELL, Quantity:50.
root - INFO - 2023-03-07 11:56:13.182272 - XTS order placed. Token:47223, Position:SELL, Quantity:50.
root - INFO - 2023-03-07 11:56:13.342983 - Placed XTS options order for:MASTER_TRUST, instrument:NIFTY2330917700CE, qty:-50, transaction type:SELL, placed price:66.7, id:1200027663.
root - INFO - 2023-03-07 11:56:13.461000 - 459.5510959625244
root - INFO - 2023-03-07 11:56:20.003016 - attempting XTS order. Token:47223, Position:SELL, Quantity:50.
root - INFO - 2023-03-07 11:56:20.167829 - XTS order placed. Token:47223, Position:SELL, Quantity:50.
root - INFO - 2023-03-07 11:56:20.337061 - Placed XTS options order for:MASTER_TRUST, instrument:NIFTY2330917700CE, qty:-50, transaction type:SELL, placed price:66.7, id:1200027664.
root - INFO - 2023-03-07 11:56:20.468033 - 466.11523628234863
root - INFO - 2023-03-07 11:56:27.004318 - attempting XTS order. Token:47223, Position:SELL, Quantity:50.
root - INFO - 2023-03-07 11:56:27.176512 - XTS order placed. Token:47223, Position:SELL, Quantity:50.
root - INFO - 2023-03-07 11:56:27.338879 - Placed XTS options order for:MASTER_TRUST, instrument:NIFTY2330917700CE, qty:-50, transaction type:SELL, placed price:66.7, id:1200027665.
root - INFO - 2023-03-07 11:56:27.458303 - 456.3729763031006
root - INFO - 2023-03-07 11:56:34.003167 - attempting XTS order. Token:47223, Position:SELL, Quantity:50.
root - INFO - 2023-03-07 11:56:34.163357 - XTS order placed. Token:47223, Position:SELL, Quantity:50.
root - INFO - 2023-03-07 11:56:34.321194 - Placed XTS options order for:MASTER_TRUST, instrument:NIFTY2330917700CE, qty:-50, transaction type:SELL, placed price:66.7, id:1200027666.
root - INFO - 2023-03-07 11:56:34.435106 - 433.9601993560791
root - INFO - 2023-03-07 11:56:41.002111 - attempting XTS order. Token:47223, Position:SELL, Quantity:50.
root - INFO - 2023-03-07 11:56:41.173705 - XTS order placed. Token:47223, Position:SELL, Quantity:50.
root - INFO - 2023-03-07 11:56:41.338630 - Placed XTS options order for:MASTER_TRUST, instrument:NIFTY2330917700CE, qty:-50, transaction type:SELL, placed price:66.7, id:1200027667.
root - INFO - 2023-03-07 11:56:41.456301 - 455.73902130126953
root - INFO - 2023-03-07 11:56:48.003390 - attempting XTS order. Token:47223, Position:SELL, Quantity:50.
root - INFO - 2023-03-07 11:56:48.177571 - XTS order placed. Token:47223, Position:SELL, Quantity:50.
root - INFO - 2023-03-07 11:56:48.347712 - Placed XTS options order for:MASTER_TRUST, instrument:NIFTY2330917700CE, qty:-50, transaction type:SELL, placed price:66.7, id:1200027668.
root - INFO - 2023-03-07 11:56:48.469983 - 468.6262607574463
