root - INFO - 2023-02-10 17:19:44.416212 - Finvant Alcubierre Mk1 OMS Backend turned on.
root - INFO - 2023-02-10 17:19:44.549639 - OMS Backend mainloop started.
root - INFO - 2023-02-10 17:19:44.734877 - OMSB: Logging in for backend kite ticker.
root - INFO - 2023-02-10 17:19:52.429089 - OMSB: Login succesful for backend kite ticker.
root - INFO - 2023-02-10 17:19:52.878233 - OMSB: Zerodha login for WG5235.
root - INFO - 2023-02-10 17:20:02.263771 - OMSB: Zerodha login succesful for WG5235.
root - CRITICAL - CRITICAL ERROR:2023-02-10 17:20:35.778920 - Failed to initialise Log server/ADS.
['Traceback (most recent call last):', '  File "Main.py", line 31, in __init__', '    self.start()', '  File "Main.py", line 39, in start', '    self.main_loop()', '  File "Main.py", line 79, in main_loop', '    sleep(1)', 'KeyboardInterrupt']
root - INFO - 2023-02-10 17:21:58.847099 - Finvant Alcubierre Mk1 OMS Backend turned on.
root - INFO - 2023-02-10 17:21:58.976321 - OMS Backend mainloop started.
root - INFO - 2023-02-10 17:21:59.202515 - OMSB: Logging in for backend kite ticker.
root - INFO - 2023-02-10 17:22:06.141278 - OMSB: Login succesful for backend kite ticker.
root - INFO - 2023-02-10 17:22:06.506174 - OMSB: Zerodha login for WG5235.
root - INFO - 2023-02-10 17:22:13.659003 - OMSB: Zerodha login succesful for WG5235.
root - CRITICAL - CRITICAL ERROR:2023-02-10 17:23:11.356119 - Failed to initialise Log server/ADS.
['Traceback (most recent call last):', '  File "Main.py", line 31, in __init__', '    self.start()', '  File "Main.py", line 39, in start', '    self.main_loop()', '  File "Main.py", line 79, in main_loop', '    sleep(1)', 'KeyboardInterrupt']
root - INFO - 2023-02-10 17:24:40.216097 - Finvant Alcubierre Mk1 OMS Backend turned on.
root - INFO - 2023-02-10 17:24:40.361671 - OMS Backend mainloop started.
root - INFO - 2023-02-10 17:24:40.610976 - OMSB: Logging in for backend kite ticker.
root - INFO - 2023-02-10 17:24:47.609516 - OMSB: Login succesful for backend kite ticker.
root - INFO - 2023-02-10 17:24:47.986147 - OMSB: Zerodha login for WG5235.
root - INFO - 2023-02-10 17:24:54.848996 - OMSB: Zerodha login succesful for WG5235.
root - CRITICAL - CRITICAL ERROR:2023-02-10 17:35:30.334501 - Failed to initialise Log server/ADS.
['Traceback (most recent call last):', '  File "Main.py", line 31, in __init__', '    self.start()', '  File "Main.py", line 39, in start', '    self.main_loop()', '  File "Main.py", line 79, in main_loop', '    sleep(1)', 'KeyboardInterrupt']
root - INFO - 2023-02-10 17:40:34.259309 - Finvant Alcubierre Mk1 OMS Backend turned on.
root - INFO - 2023-02-10 17:40:34.406202 - OMS Backend mainloop started.
root - INFO - 2023-02-10 17:40:34.608617 - OMSB: Logging in for backend kite ticker.
root - INFO - 2023-02-10 17:40:41.698916 - OMSB: Login succesful for backend kite ticker.
root - INFO - 2023-02-10 17:40:42.119401 - OMSB: Zerodha login for WG5235.
root - INFO - 2023-02-10 17:40:49.895975 - OMSB: Zerodha login succesful for WG5235.
root - CRITICAL - CRITICAL ERROR:2023-02-10 17:40:59.402701 - Failed to initialise Log server/ADS.
['Traceback (most recent call last):', '  File "Main.py", line 31, in __init__', '    self.start()', '  File "Main.py", line 39, in start', '    self.main_loop()', '  File "Main.py", line 79, in main_loop', '    sleep(1)', 'KeyboardInterrupt']
root - INFO - 2023-02-10 17:42:09.078166 - Finvant Alcubierre Mk1 OMS Backend turned on.
root - INFO - 2023-02-10 17:42:09.215304 - OMS Backend mainloop started.
root - INFO - 2023-02-10 17:42:09.395724 - OMSB: Logging in for backend kite ticker.
root - INFO - 2023-02-10 17:42:16.318266 - OMSB: Login succesful for backend kite ticker.
root - INFO - 2023-02-10 17:42:16.706978 - OMSB: Zerodha login for WG5235.
root - INFO - 2023-02-10 17:42:23.809252 - OMSB: Zerodha login succesful for WG5235.
root - CRITICAL - CRITICAL ERROR:2023-02-10 17:42:28.468080 - Failed to initialise Log server/ADS.
['Traceback (most recent call last):', '  File "Main.py", line 31, in __init__', '    self.start()', '  File "Main.py", line 39, in start', '    self.main_loop()', '  File "Main.py", line 79, in main_loop', '    sleep(1)', 'KeyboardInterrupt']
root - INFO - 2023-02-10 17:42:41.131709 - Finvant Alcubierre Mk1 OMS Backend turned on.
root - INFO - 2023-02-10 17:42:41.277710 - OMS Backend mainloop started.
root - INFO - 2023-02-10 17:42:41.498855 - OMSB: Logging in for backend kite ticker.
root - INFO - 2023-02-10 17:42:48.561496 - OMSB: Login succesful for backend kite ticker.
root - INFO - 2023-02-10 17:42:48.940597 - OMSB: Zerodha login for WG5235.
root - INFO - 2023-02-10 17:42:56.014659 - OMSB: Zerodha login succesful for WG5235.
kiteconnect.ticker - ERROR - Connection error: 1006 - connection was closed uncleanly (None)
kiteconnect.ticker - ERROR - Connection closed: 1006 - connection was closed uncleanly (None)
kiteconnect.ticker - ERROR - Connection error: 1006 - connection was closed uncleanly (None)
kiteconnect.ticker - ERROR - Connection closed: 1006 - connection was closed uncleanly (None)
root - INFO - 2023-02-10 17:53:52.760089 - Placed Zerodha Kite options order for:FINVANT, instrument:BANKNIFTY2321641600PE, qty:25, transaction type:BUY, placed price:303.0, id:271.
root - CRITICAL - CRITICAL ERROR:2023-02-10 17:53:52.965711 - Failed to place Zerodha Kite options order. User: FINVANT. Tradingsymbol:BANKNIFTY2321641600PE. QTY:25 .
['Traceback (most recent call last):', '  File "/Users/vishaljha/Desktop/FINVANT/API/Backend/Scripts/OrderPlacement.py", line 69, in placeOrder', '    cur.execute("INSERT INTO ORDER_HISTORY (order_id, username, strategy_name, tradingsymbol, position, instrument_nomenclature, order_status, order_price, order_qty, order_time) VALUES (?,?,?,?,?,?,?,?,?,?)", (order_id, username, \'\', tradingsymbol, transaction_type, \'OPTIONS\', \'COMPLETE\', placed_price, qty*lot_size, time.time()))', 'sqlite3.OperationalError: no such table: ORDER_HISTORY']
root - INFO - 2023-02-10 17:53:53.155607 - 1403.318166732788
root - INFO - 2023-02-10 17:53:54.608540 - Placed Zerodha Kite options order for:FINVANT, instrument:BANKNIFTY2321641600CE, qty:-25, transaction type:SELL, placed price:286.0, id:835.
root - CRITICAL - CRITICAL ERROR:2023-02-10 17:53:54.768097 - Failed to place Zerodha Kite options order. User: FINVANT. Tradingsymbol:BANKNIFTY2321641600CE. QTY:-25 .
['Traceback (most recent call last):', '  File "/Users/vishaljha/Desktop/FINVANT/API/Backend/Scripts/OrderPlacement.py", line 69, in placeOrder', '    cur.execute("INSERT INTO ORDER_HISTORY (order_id, username, strategy_name, tradingsymbol, position, instrument_nomenclature, order_status, order_price, order_qty, order_time) VALUES (?,?,?,?,?,?,?,?,?,?)", (order_id, username, \'\', tradingsymbol, transaction_type, \'OPTIONS\', \'COMPLETE\', placed_price, qty*lot_size, time.time()))', 'sqlite3.OperationalError: no such table: ORDER_HISTORY']
root - INFO - 2023-02-10 17:53:54.968075 - 1366.490125656128
root - CRITICAL - CRITICAL ERROR:2023-02-10 17:54:40.273273 - Failed to initialise Log server/ADS.
['Traceback (most recent call last):', '  File "Main.py", line 31, in __init__', '    self.start()', '  File "Main.py", line 39, in start', '    self.main_loop()', '  File "Main.py", line 79, in main_loop', '    sleep(1)', 'KeyboardInterrupt']
