root - INFO - 2023-01-21 18:10:40.857025 - Finvant Alcubierre Mk1 OMS Backend turned on.
root - INFO - 2023-01-21 18:10:41.016456 - OMS Backend mainloop started.
root - INFO - 2023-01-21 18:10:41.215334 - OMSB: Logging in for backend kite ticker.
root - INFO - 2023-01-21 18:10:49.473988 - OMSB: Login succesful for backend kite ticker.
root - INFO - 2023-01-21 18:10:49.627840 - OMSB: Zerodha login for WG5235.
root - INFO - 2023-01-21 18:10:49.628953 - OMSB: Zerodha login for WG5235.
root - INFO - 2023-01-21 18:10:49.629598 - OMSB: Zerodha login for WG5235.
root - INFO - 2023-01-21 18:10:49.629698 - OMSB: Zerodha login for WG5235.
root - INFO - 2023-01-21 18:10:56.358780 - OMSB: Zerodha login succesful for WG5235.
root - INFO - 2023-01-21 18:10:56.507213 - OMSB: Zerodha login for WG5235.
root - INFO - 2023-01-21 18:10:56.761839 - OMSB: Zerodha login succesful for WG5235.
root - INFO - 2023-01-21 18:10:56.902997 - OMSB: Zerodha login for WG5235.
root - INFO - 2023-01-21 18:10:57.282237 - OMSB: Zerodha login succesful for WG5235.
root - INFO - 2023-01-21 18:10:57.359920 - OMSB: Zerodha login succesful for WG5235.
root - INFO - 2023-01-21 18:10:57.410491 - OMSB: Zerodha login for WG5235.
root - INFO - 2023-01-21 18:10:57.517491 - OMSB: Zerodha login for WG5235.
root - INFO - 2023-01-21 18:11:04.090240 - OMSB: Zerodha login succesful for WG5235.
root - INFO - 2023-01-21 18:11:04.246618 - OMSB: Zerodha login for WG5235.
root - INFO - 2023-01-21 18:11:04.274239 - OMSB: Zerodha login succesful for WG5235.
root - INFO - 2023-01-21 18:11:04.451149 - OMSB: Zerodha login for WG5235.
root - INFO - 2023-01-21 18:11:05.172656 - OMSB: Zerodha login succesful for WG5235.
root - INFO - 2023-01-21 18:11:05.299894 - OMSB: Zerodha login for WG5235.
root - INFO - 2023-01-21 18:11:05.779660 - OMSB: Zerodha login succesful for WG5235.
root - INFO - 2023-01-21 18:11:05.906173 - OMSB: Zerodha login for WG5235.
root - INFO - 2023-01-21 18:11:11.259591 - OMSB: Zerodha login succesful for WG5235.
root - INFO - 2023-01-21 18:11:11.400857 - OMSB: Zerodha login for WG5235.
root - INFO - 2023-01-21 18:11:11.778208 - OMSB: Zerodha login succesful for WG5235.
root - INFO - 2023-01-21 18:11:11.904434 - OMSB: Zerodha login for WG5235.
root - INFO - 2023-01-21 18:11:12.885557 - OMSB: Zerodha login succesful for WG5235.
root - INFO - 2023-01-21 18:11:12.888355 - OMSB: Zerodha login succesful for WG5235.
root - INFO - 2023-01-21 18:11:13.015777 - OMSB: Zerodha login for WG5235.
root - INFO - 2023-01-21 18:11:13.085390 - OMSB: Zerodha login for WG5235.
root - INFO - 2023-01-21 18:11:18.330942 - OMSB: Zerodha login succesful for WG5235.
root - INFO - 2023-01-21 18:11:18.475408 - OMSB: Zerodha login for WG5235.
root - INFO - 2023-01-21 18:11:19.021390 - OMSB: Zerodha login succesful for WG5235.
root - INFO - 2023-01-21 18:11:19.148083 - OMSB: Zerodha login for WG5235.
root - CRITICAL - CRITICAL ERROR:2023-01-21 18:11:20.328365 - OMSB: Failed auto login to kite for user:WG5235.
['Traceback (most recent call last):', '  File "/Users/vishaljha/Desktop/FINVANT/API/Backend/Scripts/AutoLoginZerodha.py", line 119, in auto_login_zerodha', '    data = kite.generate_session(key, api_secret=api_secret)', '  File "/Users/vishaljha/anaconda3/lib/python3.8/site-packages/kiteconnect/connect.py", line 258, in generate_session', '    resp = self._post("api.token", params={', '  File "/Users/vishaljha/anaconda3/lib/python3.8/site-packages/kiteconnect/connect.py", line 841, in _post', '    return self._request(route, "POST", url_args=url_args, params=params, is_json=is_json, query_params=query_params)', '  File "/Users/vishaljha/anaconda3/lib/python3.8/site-packages/kiteconnect/connect.py", line 913, in _request', '    raise exp(data["message"], code=r.status_code)', 'kiteconnect.exceptions.InputException: `request_token` should be minimum 10 characters in length.']
root - INFO - 2023-01-21 18:11:20.468971 - OMSB: Zerodha login for WG5235.
root - INFO - 2023-01-21 18:11:20.509706 - OMSB: Zerodha login succesful for WG5235.
root - INFO - 2023-01-21 18:11:20.679506 - OMSB: Zerodha login for WG5235.
root - INFO - 2023-01-21 18:11:25.314461 - OMSB: Zerodha login succesful for WG5235.
root - INFO - 2023-01-21 18:11:25.959662 - OMSB: Zerodha login succesful for WG5235.
root - INFO - 2023-01-21 18:11:27.367254 - OMSB: Zerodha login succesful for WG5235.
root - INFO - 2023-01-21 18:11:27.382393 - OMSB: Zerodha login succesful for WG5235.
root - INFO - 2023-01-21 18:11:57.051055 - Placed Zerodha Kite futures order for:WprNkyOw, instrument:NIFTY23JANFUT, qty:50, transaction type:BUY, placed price:18055.95, id:582.
root - INFO - 2023-01-21 18:11:57.055758 - Placed Zerodha Kite futures order for:DHYVmDuL, instrument:NIFTY23JANFUT, qty:50, transaction type:BUY, placed price:18055.95, id:293.
root - INFO - 2023-01-21 18:11:57.059108 - Placed Zerodha Kite futures order for:KsCsvenc, instrument:NIFTY23JANFUT, qty:50, transaction type:BUY, placed price:18055.95, id:777.
root - INFO - 2023-01-21 18:11:57.062466 - Placed Zerodha Kite futures order for:LXfgnNeV, instrument:NIFTY23JANFUT, qty:50, transaction type:BUY, placed price:18055.95, id:469.
root - INFO - 2023-01-21 18:11:57.064221 - Placed Zerodha Kite futures order for:cJPEsAqA, instrument:NIFTY23JANFUT, qty:50, transaction type:BUY, placed price:18055.95, id:18.
root - INFO - 2023-01-21 18:11:57.069441 - Placed Zerodha Kite futures order for:PVYWqipD, instrument:NIFTY23JANFUT, qty:50, transaction type:BUY, placed price:18055.95, id:189.
root - INFO - 2023-01-21 18:11:57.070429 - Placed Zerodha Kite futures order for:uRSwdIpo, instrument:NIFTY23JANFUT, qty:50, transaction type:BUY, placed price:18055.95, id:823.
root - INFO - 2023-01-21 18:11:57.071063 - Placed Zerodha Kite futures order for:TTQaNDXf, instrument:NIFTY23JANFUT, qty:50, transaction type:BUY, placed price:18055.95, id:287.
root - INFO - 2023-01-21 18:11:57.072588 - Placed Zerodha Kite futures order for:ecCsimDH, instrument:NIFTY23JANFUT, qty:50, transaction type:BUY, placed price:18055.95, id:571.
root - INFO - 2023-01-21 18:11:57.237828 - 188.7948513031006
root - INFO - 2023-01-21 18:11:57.308772 - 252.7151107788086
root - INFO - 2023-01-21 18:11:57.371304 - 325.0281810760498
root - INFO - 2023-01-21 18:11:57.437744 - 390.3849124908447
root - INFO - 2023-01-21 18:11:57.500880 - 448.5430717468262
root - INFO - 2023-01-21 18:11:57.551382 - 499.77707862854004
root - INFO - 2023-01-21 18:11:57.610602 - 557.0528507232666
root - INFO - 2023-01-21 18:11:57.679585 - 627.0811557769775
root - INFO - 2023-01-21 18:11:57.753164 - 693.9818859100342
root - INFO - 2023-01-21 18:12:24.545743 - Placed Zerodha Kite futures order for:PVYWqipD, instrument:NIFTY23JANFUT, qty:-50, transaction type:SELL, placed price:18055.95, id:843.
root - INFO - 2023-01-21 18:12:24.547548 - Placed Zerodha Kite futures order for:KsCsvenc, instrument:NIFTY23JANFUT, qty:-50, transaction type:SELL, placed price:18055.95, id:609.
root - INFO - 2023-01-21 18:12:24.553574 - Placed Zerodha Kite futures order for:LXfgnNeV, instrument:NIFTY23JANFUT, qty:-50, transaction type:SELL, placed price:18055.95, id:142.
root - INFO - 2023-01-21 18:12:24.555080 - Placed Zerodha Kite futures order for:uRSwdIpo, instrument:NIFTY23JANFUT, qty:-50, transaction type:SELL, placed price:18055.95, id:832.
root - INFO - 2023-01-21 18:12:24.555974 - Placed Zerodha Kite futures order for:TTQaNDXf, instrument:NIFTY23JANFUT, qty:-50, transaction type:SELL, placed price:18055.95, id:742.
root - INFO - 2023-01-21 18:12:24.557668 - Placed Zerodha Kite futures order for:WprNkyOw, instrument:NIFTY23JANFUT, qty:-50, transaction type:SELL, placed price:18055.95, id:328.
root - INFO - 2023-01-21 18:12:24.563418 - Placed Zerodha Kite futures order for:ecCsimDH, instrument:NIFTY23JANFUT, qty:-50, transaction type:SELL, placed price:18055.95, id:448.
root - INFO - 2023-01-21 18:12:24.565192 - Placed Zerodha Kite futures order for:DHYVmDuL, instrument:NIFTY23JANFUT, qty:-50, transaction type:SELL, placed price:18055.95, id:634.
root - INFO - 2023-01-21 18:12:24.567474 - Placed Zerodha Kite futures order for:cJPEsAqA, instrument:NIFTY23JANFUT, qty:-50, transaction type:SELL, placed price:18055.95, id:147.
root - INFO - 2023-01-21 18:12:24.762073 - 213.0138874053955
root - INFO - 2023-01-21 18:12:24.823151 - 281.2769412994385
root - INFO - 2023-01-21 18:12:24.889392 - 341.84789657592773
root - INFO - 2023-01-21 18:12:24.928461 - 375.44703483581543
root - INFO - 2023-01-21 18:12:24.991794 - 440.8879280090332
root - INFO - 2023-01-21 18:12:25.045256 - 492.9337501525879
root - INFO - 2023-01-21 18:12:25.086817 - 534.4791412353516
root - INFO - 2023-01-21 18:12:25.148216 - 606.776237487793
root - INFO - 2023-01-21 18:12:25.742095 - 1197.741985321045
root - CRITICAL - CRITICAL ERROR:2023-01-21 18:13:33.714945 - Failed to initialise Log server/ADS.
['Traceback (most recent call last):', '  File "Main.py", line 30, in __init__', '    self.start()', '  File "Main.py", line 38, in start', '    self.main_loop()', '  File "Main.py", line 78, in main_loop', '    sleep(1)', 'KeyboardInterrupt']
root - INFO - 2023-01-21 18:32:50.532995 - Finvant Alcubierre Mk1 OMS Backend turned on.
root - INFO - 2023-01-21 18:32:50.677455 - OMS Backend mainloop started.
root - INFO - 2023-01-21 18:32:50.862517 - OMSB: Logging in for backend kite ticker.
root - INFO - 2023-01-21 18:32:58.168444 - OMSB: Login succesful for backend kite ticker.
root - INFO - 2023-01-21 18:32:58.328024 - OMSB: Zerodha login for WG5235.
root - INFO - 2023-01-21 18:32:58.328141 - OMSB: Zerodha login for WG5235.
root - INFO - 2023-01-21 18:32:58.328248 - OMSB: Zerodha login for WG5235.
root - INFO - 2023-01-21 18:32:58.328475 - OMSB: Zerodha login for WG5235.
root - INFO - 2023-01-21 18:33:05.730345 - OMSB: Zerodha login succesful for WG5235.
root - INFO - 2023-01-21 18:33:05.859530 - OMSB: Zerodha login for WG5235.
root - INFO - 2023-01-21 18:33:05.927312 - OMSB: Zerodha login succesful for WG5235.
root - INFO - 2023-01-21 18:33:06.075189 - OMSB: Zerodha login for WG5235.
root - INFO - 2023-01-21 18:33:06.574450 - OMSB: Zerodha login succesful for WG5235.
root - INFO - 2023-01-21 18:33:06.723448 - OMSB: Zerodha login for WG5235.
root - INFO - 2023-01-21 18:33:06.764539 - OMSB: Zerodha login succesful for WG5235.
root - INFO - 2023-01-21 18:33:06.937273 - OMSB: Zerodha login for WG5235.
root - INFO - 2023-01-21 18:33:13.689908 - OMSB: Zerodha login succesful for WG5235.
root - INFO - 2023-01-21 18:33:13.817751 - OMSB: Zerodha login for WG5235.
root - CRITICAL - CRITICAL ERROR:2023-01-21 18:33:14.414097 - OMSB: Failed auto login to kite for user:WG5235.
['Traceback (most recent call last):', '  File "/Users/vishaljha/Desktop/FINVANT/API/Backend/Scripts/AutoLoginZerodha.py", line 119, in auto_login_zerodha', '    data = kite.generate_session(key, api_secret=api_secret)', '  File "/Users/vishaljha/anaconda3/lib/python3.8/site-packages/kiteconnect/connect.py", line 258, in generate_session', '    resp = self._post("api.token", params={', '  File "/Users/vishaljha/anaconda3/lib/python3.8/site-packages/kiteconnect/connect.py", line 841, in _post', '    return self._request(route, "POST", url_args=url_args, params=params, is_json=is_json, query_params=query_params)', '  File "/Users/vishaljha/anaconda3/lib/python3.8/site-packages/kiteconnect/connect.py", line 913, in _request', '    raise exp(data["message"], code=r.status_code)', 'kiteconnect.exceptions.InputException: `request_token` should be minimum 10 characters in length.']
root - INFO - 2023-01-21 18:33:14.558701 - OMSB: Zerodha login for WG5235.
root - INFO - 2023-01-21 18:33:14.662373 - OMSB: Zerodha login succesful for WG5235.
root - INFO - 2023-01-21 18:33:14.843491 - OMSB: Zerodha login for WG5235.
root - INFO - 2023-01-21 18:33:15.676046 - OMSB: Zerodha login succesful for WG5235.
root - INFO - 2023-01-21 18:33:15.816351 - OMSB: Zerodha login for WG5235.
root - INFO - 2023-01-21 18:33:20.884952 - OMSB: Zerodha login succesful for WG5235.
root - INFO - 2023-01-21 18:33:21.013280 - OMSB: Zerodha login for WG5235.
root - INFO - 2023-01-21 18:33:21.741968 - OMSB: Zerodha login succesful for WG5235.
root - INFO - 2023-01-21 18:33:21.872221 - OMSB: Zerodha login for WG5235.
root - INFO - 2023-01-21 18:33:23.259435 - OMSB: Zerodha login succesful for WG5235.
root - INFO - 2023-01-21 18:33:23.406935 - OMSB: Zerodha login for WG5235.
root - INFO - 2023-01-21 18:33:23.908871 - OMSB: Zerodha login succesful for WG5235.
root - INFO - 2023-01-21 18:33:24.035054 - OMSB: Zerodha login for WG5235.
root - INFO - 2023-01-21 18:33:28.323806 - OMSB: Zerodha login succesful for WG5235.
root - INFO - 2023-01-21 18:33:28.446522 - OMSB: Zerodha login for WG5235.
root - INFO - 2023-01-21 18:33:28.955692 - OMSB: Zerodha login succesful for WG5235.
root - INFO - 2023-01-21 18:33:29.085948 - OMSB: Zerodha login for WG5235.
root - INFO - 2023-01-21 18:33:30.979732 - OMSB: Zerodha login succesful for WG5235.
root - INFO - 2023-01-21 18:33:31.148215 - OMSB: Zerodha login for WG5235.
root - INFO - 2023-01-21 18:33:33.555185 - OMSB: Zerodha login succesful for WG5235.
root - INFO - 2023-01-21 18:33:33.727930 - OMSB: Zerodha login for WG5235.
root - INFO - 2023-01-21 18:33:35.784217 - OMSB: Zerodha login succesful for WG5235.
root - INFO - 2023-01-21 18:33:37.298778 - OMSB: Zerodha login succesful for WG5235.
root - INFO - 2023-01-21 18:33:38.042883 - OMSB: Zerodha login succesful for WG5235.
root - INFO - 2023-01-21 18:33:43.665948 - OMSB: Zerodha login succesful for WG5235.
root - INFO - 2023-01-21 18:39:51.884192 - Placed Zerodha Kite futures order for:WprNkyOw, instrument:NIFTY23JANFUT, qty:50, transaction type:BUY, placed price:18055.95, id:973.
root - INFO - 2023-01-21 18:39:51.887437 - Placed Zerodha Kite futures order for:KsCsvenc, instrument:NIFTY23JANFUT, qty:50, transaction type:BUY, placed price:18055.95, id:665.
root - INFO - 2023-01-21 18:39:51.888508 - Placed Zerodha Kite futures order for:PVYWqipD, instrument:NIFTY23JANFUT, qty:50, transaction type:BUY, placed price:18055.95, id:876.
root - INFO - 2023-01-21 18:39:51.897360 - Placed Zerodha Kite futures order for:TTQaNDXf, instrument:NIFTY23JANFUT, qty:50, transaction type:BUY, placed price:18055.95, id:897.
root - INFO - 2023-01-21 18:39:51.898049 - Placed Zerodha Kite futures order for:DHYVmDuL, instrument:NIFTY23JANFUT, qty:50, transaction type:BUY, placed price:18055.95, id:337.
root - INFO - 2023-01-21 18:39:51.900665 - Placed Zerodha Kite futures order for:ecCsimDH, instrument:NIFTY23JANFUT, qty:50, transaction type:BUY, placed price:18055.95, id:309.
root - INFO - 2023-01-21 18:39:51.905114 - Placed Zerodha Kite futures order for:LXfgnNeV, instrument:NIFTY23JANFUT, qty:50, transaction type:BUY, placed price:18055.95, id:361.
root - INFO - 2023-01-21 18:39:51.907164 - Placed Zerodha Kite futures order for:uRSwdIpo, instrument:NIFTY23JANFUT, qty:50, transaction type:BUY, placed price:18055.95, id:447.
root - INFO - 2023-01-21 18:39:51.911249 - Placed Zerodha Kite futures order for:cJPEsAqA, instrument:NIFTY23JANFUT, qty:50, transaction type:BUY, placed price:18055.95, id:545.
root - INFO - 2023-01-21 18:39:52.161672 - 276.90911293029785
root - INFO - 2023-01-21 18:39:52.205941 - 322.1628665924072
root - INFO - 2023-01-21 18:39:52.277480 - 391.9639587402344
root - INFO - 2023-01-21 18:39:52.325517 - 428.16734313964844
root - INFO - 2023-01-21 18:39:52.392094 - 510.98108291625977
root - INFO - 2023-01-21 18:39:52.441012 - 541.9609546661377
root - INFO - 2023-01-21 18:39:52.504776 - 625.6041526794434
root - INFO - 2023-01-21 18:39:52.584126 - 697.3090171813965
root - INFO - 2023-01-21 18:39:52.644496 - 738.9700412750244
root - INFO - 2023-01-21 18:45:11.083675 - Placed Zerodha Kite futures order for:cJPEsAqA, instrument:NIFTY23JANFUT, qty:-50, transaction type:SELL, placed price:18055.95, id:587.
root - INFO - 2023-01-21 18:45:11.093614 - Placed Zerodha Kite futures order for:TTQaNDXf, instrument:NIFTY23JANFUT, qty:-50, transaction type:SELL, placed price:18055.95, id:211.
root - INFO - 2023-01-21 18:45:11.094102 - Placed Zerodha Kite futures order for:uRSwdIpo, instrument:NIFTY23JANFUT, qty:-50, transaction type:SELL, placed price:18055.95, id:784.
root - INFO - 2023-01-21 18:45:11.102362 - Placed Zerodha Kite futures order for:ecCsimDH, instrument:NIFTY23JANFUT, qty:-50, transaction type:SELL, placed price:18055.95, id:133.
root - INFO - 2023-01-21 18:45:11.106173 - Placed Zerodha Kite futures order for:WprNkyOw, instrument:NIFTY23JANFUT, qty:-50, transaction type:SELL, placed price:18055.95, id:748.
root - INFO - 2023-01-21 18:45:11.107021 - Placed Zerodha Kite futures order for:KsCsvenc, instrument:NIFTY23JANFUT, qty:-50, transaction type:SELL, placed price:18055.95, id:874.
root - INFO - 2023-01-21 18:45:11.107222 - Placed Zerodha Kite futures order for:DHYVmDuL, instrument:NIFTY23JANFUT, qty:-50, transaction type:SELL, placed price:18055.95, id:152.
root - INFO - 2023-01-21 18:45:11.116960 - Placed Zerodha Kite futures order for:PVYWqipD, instrument:NIFTY23JANFUT, qty:-50, transaction type:SELL, placed price:18055.95, id:394.
root - INFO - 2023-01-21 18:45:11.119025 - Placed Zerodha Kite futures order for:LXfgnNeV, instrument:NIFTY23JANFUT, qty:-50, transaction type:SELL, placed price:18055.95, id:123.
root - INFO - 2023-01-21 18:45:11.331136 - 252.08187103271484
root - INFO - 2023-01-21 18:45:11.378892 - 290.51971435546875
root - INFO - 2023-01-21 18:45:11.440136 - 354.6109199523926
root - INFO - 2023-01-21 18:45:11.485254 - 400.8188247680664
root - INFO - 2023-01-21 18:45:11.546668 - 455.9309482574463
root - INFO - 2023-01-21 18:45:11.593425 - 499.44090843200684
root - INFO - 2023-01-21 18:45:11.661977 - 564.2890930175781
root - INFO - 2023-01-21 18:45:11.711836 - 621.2470531463623
root - INFO - 2023-01-21 18:45:12.296932 - 1216.0069942474365
root - INFO - 2023-01-21 18:45:37.807421 - Placed Zerodha Kite futures order for:uRSwdIpo, instrument:NIFTY23JANFUT, qty:50, transaction type:BUY, placed price:18055.95, id:955.
root - INFO - 2023-01-21 18:45:37.812782 - Placed Zerodha Kite futures order for:KsCsvenc, instrument:NIFTY23JANFUT, qty:50, transaction type:BUY, placed price:18055.95, id:178.
root - INFO - 2023-01-21 18:45:37.817240 - Placed Zerodha Kite futures order for:WprNkyOw, instrument:NIFTY23JANFUT, qty:50, transaction type:BUY, placed price:18055.95, id:444.
root - INFO - 2023-01-21 18:45:37.823126 - Placed Zerodha Kite futures order for:cJPEsAqA, instrument:NIFTY23JANFUT, qty:50, transaction type:BUY, placed price:18055.95, id:260.
root - INFO - 2023-01-21 18:45:37.824617 - Placed Zerodha Kite futures order for:DHYVmDuL, instrument:NIFTY23JANFUT, qty:50, transaction type:BUY, placed price:18055.95, id:51.
root - INFO - 2023-01-21 18:45:37.826084 - Placed Zerodha Kite futures order for:PVYWqipD, instrument:NIFTY23JANFUT, qty:50, transaction type:BUY, placed price:18055.95, id:74.
root - INFO - 2023-01-21 18:45:37.835824 - Placed Zerodha Kite futures order for:TTQaNDXf, instrument:NIFTY23JANFUT, qty:50, transaction type:BUY, placed price:18055.95, id:889.
root - INFO - 2023-01-21 18:45:37.845148 - Placed Zerodha Kite futures order for:ecCsimDH, instrument:NIFTY23JANFUT, qty:50, transaction type:BUY, placed price:18055.95, id:618.
root - INFO - 2023-01-21 18:45:37.847808 - Placed Zerodha Kite futures order for:LXfgnNeV, instrument:NIFTY23JANFUT, qty:50, transaction type:BUY, placed price:18055.95, id:466.
root - INFO - 2023-01-21 18:45:38.016661 - 222.63097763061523
root - INFO - 2023-01-21 18:45:38.100220 - 304.31675910949707
root - INFO - 2023-01-21 18:45:38.165675 - 366.43314361572266
root - INFO - 2023-01-21 18:45:38.236100 - 434.79394912719727
root - INFO - 2023-01-21 18:45:38.273838 - 483.0636978149414
root - INFO - 2023-01-21 18:45:38.333101 - 532.1578979492188
root - INFO - 2023-01-21 18:45:38.385070 - 577.8040885925293
root - INFO - 2023-01-21 18:45:38.456124 - 663.3660793304443
root - INFO - 2023-01-21 18:45:38.517763 - 723.8330841064453
root - INFO - 2023-01-21 18:45:58.159997 - Placed Zerodha Kite futures order for:DHYVmDuL, instrument:NIFTY23JANFUT, qty:-50, transaction type:SELL, placed price:18055.95, id:221.
root - INFO - 2023-01-21 18:45:58.162920 - Placed Zerodha Kite futures order for:TTQaNDXf, instrument:NIFTY23JANFUT, qty:-50, transaction type:SELL, placed price:18055.95, id:785.
root - INFO - 2023-01-21 18:45:58.166946 - Placed Zerodha Kite futures order for:LXfgnNeV, instrument:NIFTY23JANFUT, qty:-50, transaction type:SELL, placed price:18055.95, id:251.
root - INFO - 2023-01-21 18:45:58.169819 - Placed Zerodha Kite futures order for:KsCsvenc, instrument:NIFTY23JANFUT, qty:-50, transaction type:SELL, placed price:18055.95, id:501.
root - INFO - 2023-01-21 18:45:58.172651 - Placed Zerodha Kite futures order for:PVYWqipD, instrument:NIFTY23JANFUT, qty:-50, transaction type:SELL, placed price:18055.95, id:239.
root - INFO - 2023-01-21 18:45:58.173440 - Placed Zerodha Kite futures order for:ecCsimDH, instrument:NIFTY23JANFUT, qty:-50, transaction type:SELL, placed price:18055.95, id:157.
root - INFO - 2023-01-21 18:45:58.174326 - Placed Zerodha Kite futures order for:uRSwdIpo, instrument:NIFTY23JANFUT, qty:-50, transaction type:SELL, placed price:18055.95, id:77.
root - INFO - 2023-01-21 18:45:58.181962 - Placed Zerodha Kite futures order for:cJPEsAqA, instrument:NIFTY23JANFUT, qty:-50, transaction type:SELL, placed price:18055.95, id:215.
root - INFO - 2023-01-21 18:45:58.185309 - Placed Zerodha Kite futures order for:WprNkyOw, instrument:NIFTY23JANFUT, qty:-50, transaction type:SELL, placed price:18055.95, id:330.
root - INFO - 2023-01-21 18:45:58.393299 - 231.3690185546875
root - INFO - 2023-01-21 18:45:58.436305 - 278.0160903930664
root - INFO - 2023-01-21 18:45:58.517707 - 360.08310317993164
root - INFO - 2023-01-21 18:45:58.582596 - 424.67713356018066
root - INFO - 2023-01-21 18:45:58.638279 - 477.6499271392822
root - INFO - 2023-01-21 18:45:58.691784 - 532.5920581817627
root - INFO - 2023-01-21 18:45:58.756917 - 585.2890014648438
root - INFO - 2023-01-21 18:45:58.821106 - 656.2669277191162
root - INFO - 2023-01-21 18:45:58.887785 - 716.529130935669
root - INFO - 2023-01-21 18:52:09.860763 - Placed Zerodha Kite futures order for:uRSwdIpo, instrument:NIFTY23JANFUT, qty:50, transaction type:BUY, placed price:18055.95, id:555.
root - INFO - 2023-01-21 18:52:09.871072 - Placed Zerodha Kite futures order for:cJPEsAqA, instrument:NIFTY23JANFUT, qty:50, transaction type:BUY, placed price:18055.95, id:824.
root - INFO - 2023-01-21 18:52:09.875737 - Placed Zerodha Kite futures order for:ecCsimDH, instrument:NIFTY23JANFUT, qty:50, transaction type:BUY, placed price:18055.95, id:809.
root - INFO - 2023-01-21 18:52:09.875908 - Placed Zerodha Kite futures order for:KsCsvenc, instrument:NIFTY23JANFUT, qty:50, transaction type:BUY, placed price:18055.95, id:419.
root - INFO - 2023-01-21 18:52:09.879358 - Placed Zerodha Kite futures order for:PVYWqipD, instrument:NIFTY23JANFUT, qty:50, transaction type:BUY, placed price:18055.95, id:450.
root - INFO - 2023-01-21 18:52:09.881007 - Placed Zerodha Kite futures order for:WprNkyOw, instrument:NIFTY23JANFUT, qty:50, transaction type:BUY, placed price:18055.95, id:278.
root - INFO - 2023-01-21 18:52:09.881980 - Placed Zerodha Kite futures order for:TTQaNDXf, instrument:NIFTY23JANFUT, qty:50, transaction type:BUY, placed price:18055.95, id:162.
root - INFO - 2023-01-21 18:52:09.888205 - Placed Zerodha Kite futures order for:LXfgnNeV, instrument:NIFTY23JANFUT, qty:50, transaction type:BUY, placed price:18055.95, id:725.
root - INFO - 2023-01-21 18:52:09.889071 - Placed Zerodha Kite futures order for:DHYVmDuL, instrument:NIFTY23JANFUT, qty:50, transaction type:BUY, placed price:18055.95, id:533.
root - INFO - 2023-01-21 18:52:10.096047 - 233.30307006835938
root - INFO - 2023-01-21 18:52:10.142356 - 282.73582458496094
root - INFO - 2023-01-21 18:52:10.210281 - 351.0410785675049
root - INFO - 2023-01-21 18:52:10.292473 - 423.3570098876953
root - INFO - 2023-01-21 18:52:10.341552 - 468.76001358032227
root - INFO - 2023-01-21 18:52:10.385054 - 523.2479572296143
root - INFO - 2023-01-21 18:52:10.436501 - 567.4421787261963
root - INFO - 2023-01-21 18:52:10.491110 - 620.7919120788574
root - INFO - 2023-01-21 18:52:10.595334 - 728.9390563964844
root - INFO - 2023-01-21 18:52:29.490385 - Placed Zerodha Kite futures order for:ecCsimDH, instrument:NIFTY23JANFUT, qty:-50, transaction type:SELL, placed price:18055.95, id:946.
root - INFO - 2023-01-21 18:52:29.496272 - Placed Zerodha Kite futures order for:WprNkyOw, instrument:NIFTY23JANFUT, qty:-50, transaction type:SELL, placed price:18055.95, id:252.
root - INFO - 2023-01-21 18:52:29.498075 - Placed Zerodha Kite futures order for:uRSwdIpo, instrument:NIFTY23JANFUT, qty:-50, transaction type:SELL, placed price:18055.95, id:492.
root - INFO - 2023-01-21 18:52:29.499040 - Placed Zerodha Kite futures order for:LXfgnNeV, instrument:NIFTY23JANFUT, qty:-50, transaction type:SELL, placed price:18055.95, id:454.
root - INFO - 2023-01-21 18:52:29.501283 - Placed Zerodha Kite futures order for:PVYWqipD, instrument:NIFTY23JANFUT, qty:-50, transaction type:SELL, placed price:18055.95, id:247.
root - INFO - 2023-01-21 18:52:29.502678 - Placed Zerodha Kite futures order for:DHYVmDuL, instrument:NIFTY23JANFUT, qty:-50, transaction type:SELL, placed price:18055.95, id:653.
root - INFO - 2023-01-21 18:52:29.503520 - Placed Zerodha Kite futures order for:cJPEsAqA, instrument:NIFTY23JANFUT, qty:-50, transaction type:SELL, placed price:18055.95, id:664.
root - INFO - 2023-01-21 18:52:29.510430 - Placed Zerodha Kite futures order for:KsCsvenc, instrument:NIFTY23JANFUT, qty:-50, transaction type:SELL, placed price:18055.95, id:861.
root - INFO - 2023-01-21 18:52:29.511300 - Placed Zerodha Kite futures order for:TTQaNDXf, instrument:NIFTY23JANFUT, qty:-50, transaction type:SELL, placed price:18055.95, id:751.
root - INFO - 2023-01-21 18:52:29.681390 - 194.29469108581543
root - INFO - 2023-01-21 18:52:29.752431 - 264.9879455566406
root - INFO - 2023-01-21 18:52:29.858324 - 359.50732231140137
root - INFO - 2023-01-21 18:52:29.890422 - 398.1492519378662
root - INFO - 2023-01-21 18:52:29.915037 - 423.5258102416992
root - INFO - 2023-01-21 18:52:29.976313 - 487.55812644958496
root - INFO - 2023-01-21 18:52:30.065345 - 569.8978900909424
root - INFO - 2023-01-21 18:52:30.134194 - 632.2710514068604
root - INFO - 2023-01-21 18:52:30.191208 - 696.6648101806641
root - INFO - 2023-01-21 18:53:41.432050 - Placed Zerodha Kite futures order for:DHYVmDuL, instrument:NIFTY23JANFUT, qty:50, transaction type:BUY, placed price:18055.95, id:390.
root - INFO - 2023-01-21 18:53:41.433086 - Placed Zerodha Kite futures order for:LXfgnNeV, instrument:NIFTY23JANFUT, qty:50, transaction type:BUY, placed price:18055.95, id:664.
root - INFO - 2023-01-21 18:53:41.437104 - Placed Zerodha Kite futures order for:KsCsvenc, instrument:NIFTY23JANFUT, qty:50, transaction type:BUY, placed price:18055.95, id:93.
root - INFO - 2023-01-21 18:53:41.438093 - Placed Zerodha Kite futures order for:PVYWqipD, instrument:NIFTY23JANFUT, qty:50, transaction type:BUY, placed price:18055.95, id:905.
root - INFO - 2023-01-21 18:53:41.439205 - Placed Zerodha Kite futures order for:uRSwdIpo, instrument:NIFTY23JANFUT, qty:50, transaction type:BUY, placed price:18055.95, id:40.
root - INFO - 2023-01-21 18:53:41.446352 - Placed Zerodha Kite futures order for:cJPEsAqA, instrument:NIFTY23JANFUT, qty:50, transaction type:BUY, placed price:18055.95, id:365.
root - INFO - 2023-01-21 18:53:41.448903 - Placed Zerodha Kite futures order for:ecCsimDH, instrument:NIFTY23JANFUT, qty:50, transaction type:BUY, placed price:18055.95, id:910.
root - INFO - 2023-01-21 18:53:41.450076 - Placed Zerodha Kite futures order for:WprNkyOw, instrument:NIFTY23JANFUT, qty:50, transaction type:BUY, placed price:18055.95, id:200.
root - INFO - 2023-01-21 18:53:41.471153 - Placed Zerodha Kite futures order for:TTQaNDXf, instrument:NIFTY23JANFUT, qty:50, transaction type:BUY, placed price:18055.95, id:950.
root - INFO - 2023-01-21 18:53:41.660455 - 229.2001247406006
root - INFO - 2023-01-21 18:53:41.728318 - 293.37620735168457
root - INFO - 2023-01-21 18:53:41.784880 - 354.6149730682373
root - INFO - 2023-01-21 18:53:41.852165 - 407.26494789123535
root - INFO - 2023-01-21 18:53:41.900424 - 470.6900119781494
root - INFO - 2023-01-21 18:53:41.967148 - 527.1449089050293
root - INFO - 2023-01-21 18:53:42.022382 - 575.5538940429688
root - INFO - 2023-01-21 18:53:42.092019 - 657.5069427490234
root - INFO - 2023-01-21 18:53:42.154602 - 711.1611366271973
root - INFO - 2023-01-21 18:53:59.391427 - Placed Zerodha Kite futures order for:uRSwdIpo, instrument:NIFTY23JANFUT, qty:-50, transaction type:SELL, placed price:18055.95, id:697.
root - INFO - 2023-01-21 18:53:59.400099 - Placed Zerodha Kite futures order for:PVYWqipD, instrument:NIFTY23JANFUT, qty:-50, transaction type:SELL, placed price:18055.95, id:176.
root - INFO - 2023-01-21 18:53:59.401093 - Placed Zerodha Kite futures order for:LXfgnNeV, instrument:NIFTY23JANFUT, qty:-50, transaction type:SELL, placed price:18055.95, id:356.
root - INFO - 2023-01-21 18:53:59.401622 - Placed Zerodha Kite futures order for:KsCsvenc, instrument:NIFTY23JANFUT, qty:-50, transaction type:SELL, placed price:18055.95, id:319.
root - INFO - 2023-01-21 18:53:59.404674 - Placed Zerodha Kite futures order for:WprNkyOw, instrument:NIFTY23JANFUT, qty:-50, transaction type:SELL, placed price:18055.95, id:695.
root - INFO - 2023-01-21 18:53:59.406761 - Placed Zerodha Kite futures order for:cJPEsAqA, instrument:NIFTY23JANFUT, qty:-50, transaction type:SELL, placed price:18055.95, id:735.
root - INFO - 2023-01-21 18:53:59.409382 - Placed Zerodha Kite futures order for:ecCsimDH, instrument:NIFTY23JANFUT, qty:-50, transaction type:SELL, placed price:18055.95, id:96.
root - INFO - 2023-01-21 18:53:59.413079 - Placed Zerodha Kite futures order for:DHYVmDuL, instrument:NIFTY23JANFUT, qty:-50, transaction type:SELL, placed price:18055.95, id:326.
root - INFO - 2023-01-21 18:53:59.418127 - Placed Zerodha Kite futures order for:TTQaNDXf, instrument:NIFTY23JANFUT, qty:-50, transaction type:SELL, placed price:18055.95, id:272.
root - INFO - 2023-01-21 18:53:59.586869 - 194.57101821899414
root - INFO - 2023-01-21 18:53:59.640447 - 260.1780891418457
root - INFO - 2023-01-21 18:53:59.709851 - 327.51011848449707
root - INFO - 2023-01-21 18:53:59.783712 - 401.1340141296387
root - INFO - 2023-01-21 18:53:59.858211 - 477.31494903564453
root - INFO - 2023-01-21 18:53:59.945487 - 554.1660785675049
root - INFO - 2023-01-21 18:54:00.068287 - 674.8480796813965
root - INFO - 2023-01-21 18:54:00.164169 - 776.5989303588867
root - INFO - 2023-01-21 18:54:00.236530 - 848.067045211792
root - CRITICAL - CRITICAL ERROR:2023-01-21 18:55:17.191832 - Failed to initialise Log server/ADS.
['Traceback (most recent call last):', '  File "Main.py", line 30, in __init__', '    self.start()', '  File "Main.py", line 38, in start', '    self.main_loop()', '  File "Main.py", line 78, in main_loop', '    sleep(1)', 'KeyboardInterrupt']
