root - INFO - 2023-02-01 12:10:58.945785 - Finvant Alcubierre Mk1 OMS Backend turned on.
root - INFO - 2023-02-01 12:10:59.521243 - OMS Backend mainloop started.
root - INFO - 2023-02-01 12:11:00.095448 - OMSB: Logging in for backend kite ticker.
root - INFO - 2023-02-01 12:11:07.727539 - OMSB: Login succesful for backend kite ticker.
root - INFO - 2023-02-01 12:11:08.522252 - OMSB: Zerodha login for WG5235.
root - INFO - 2023-02-01 12:11:08.522876 - OMSB: Zerodha login for WG5235.
root - INFO - 2023-02-01 12:11:08.523050 - OMSB: Zerodha login for WG5235.
root - INFO - 2023-02-01 12:11:08.523173 - OMSB: Zerodha login for WG5235.
root - INFO - 2023-02-01 12:11:10.063189 - TARGET HIT FOR USER:VBlucmpm STRATEGY:NOVA INSTRUMENT:NIFTY_SYNTHETIC_INTRADAY_LONG.
root - INFO - 2023-02-01 12:11:10.954352 - TARGET HIT FOR USER:uZANeTKL STRATEGY:NOVA INSTRUMENT:NIFTY_SYNTHETIC_INTRADAY_LONG.
root - INFO - 2023-02-01 12:11:11.701559 - TARGET HIT FOR USER:xfixjbHf STRATEGY:NOVA INSTRUMENT:NIFTY_SYNTHETIC_INTRADAY_LONG.
root - INFO - 2023-02-01 12:11:12.294974 - TARGET HIT FOR USER:ZsjdYVoL STRATEGY:NOVA INSTRUMENT:NIFTY_SYNTHETIC_INTRADAY_LONG.
root - INFO - 2023-02-01 12:11:12.969920 - TARGET HIT FOR USER:KpyJKNXg STRATEGY:NOVA INSTRUMENT:NIFTY_SYNTHETIC_INTRADAY_LONG.
root - INFO - 2023-02-01 12:11:13.610913 - TARGET HIT FOR USER:wbLfdaNd STRATEGY:NOVA INSTRUMENT:NIFTY_SYNTHETIC_INTRADAY_LONG.
root - INFO - 2023-02-01 12:11:14.088031 - TARGET HIT FOR USER:lAnfCJFj STRATEGY:NOVA INSTRUMENT:NIFTY_SYNTHETIC_INTRADAY_LONG.
root - INFO - 2023-02-01 12:11:14.753261 - TARGET HIT FOR USER:GgaxFcnL STRATEGY:NOVA INSTRUMENT:NIFTY_SYNTHETIC_INTRADAY_LONG.
root - INFO - 2023-02-01 12:11:15.335246 - TARGET HIT FOR USER:EvbaUZol STRATEGY:NOVA INSTRUMENT:NIFTY_SYNTHETIC_INTRADAY_LONG.
root - INFO - 2023-02-01 12:11:15.894512 - TARGET HIT FOR USER:CdchIrbD STRATEGY:NOVA INSTRUMENT:NIFTY_SYNTHETIC_INTRADAY_LONG.
root - INFO - 2023-02-01 12:11:16.412507 - TARGET HIT FOR USER:iaealpCB STRATEGY:NOVA INSTRUMENT:NIFTY_SYNTHETIC_INTRADAY_LONG.
root - INFO - 2023-02-01 12:11:16.636272 - OMSB: Zerodha login succesful for WG5235.
root - INFO - 2023-02-01 12:11:17.370204 - OMSB: Zerodha login for WG5235.
root - INFO - 2023-02-01 12:11:17.509944 - OMSB: Zerodha login succesful for WG5235.
root - INFO - 2023-02-01 12:11:17.934588 - OMSB: Zerodha login succesful for WG5235.
root - INFO - 2023-02-01 12:11:18.053402 - OMSB: Zerodha login succesful for WG5235.
root - INFO - 2023-02-01 12:11:18.531648 - OMSB: Zerodha login for WG5235.
root - INFO - 2023-02-01 12:11:18.880833 - OMSB: Zerodha login for WG5235.
root - INFO - 2023-02-01 12:11:19.416696 - OMSB: Zerodha login for WG5235.
kiteconnect.ticker - ERROR - Connection error: 1006 - connection was closed uncleanly (None)
kiteconnect.ticker - ERROR - Connection closed: 1006 - connection was closed uncleanly (None)
root - INFO - 2023-02-01 12:11:25.562995 - OMSB: Zerodha login succesful for WG5235.
root - INFO - 2023-02-01 12:11:26.066399 - OMSB: Zerodha login for WG5235.
root - INFO - 2023-02-01 12:11:26.909227 - OMSB: Zerodha login succesful for WG5235.
root - INFO - 2023-02-01 12:11:27.643310 - OMSB: Zerodha login for WG5235.
kiteconnect.ticker - ERROR - Connection error: 1006 - connection was closed uncleanly (None)
kiteconnect.ticker - ERROR - Connection closed: 1006 - connection was closed uncleanly (None)
root - INFO - 2023-02-01 12:11:28.466617 - OMSB: Zerodha login succesful for WG5235.
root - INFO - 2023-02-01 12:11:29.039480 - OMSB: Zerodha login for WG5235.
root - INFO - 2023-02-01 12:11:29.070907 - OMSB: Zerodha login succesful for WG5235.
root - INFO - 2023-02-01 12:11:30.115685 - OMSB: Zerodha login for WG5235.
root - INFO - 2023-02-01 12:11:34.133329 - OMSB: Zerodha login succesful for WG5235.
root - INFO - 2023-02-01 12:11:34.777170 - OMSB: Zerodha login for WG5235.
root - INFO - 2023-02-01 12:11:35.762635 - OMSB: Zerodha login succesful for WG5235.
root - INFO - 2023-02-01 12:11:36.257605 - OMSB: Zerodha login for WG5235.
kiteconnect.ticker - ERROR - Connection error: 1006 - connection was closed uncleanly (None)
kiteconnect.ticker - ERROR - Connection closed: 1006 - connection was closed uncleanly (None)
root - INFO - 2023-02-01 12:11:37.439060 - OMSB: Zerodha login succesful for WG5235.
root - INFO - 2023-02-01 12:11:37.612168 - OMSB: Zerodha login succesful for WG5235.
root - INFO - 2023-02-01 12:11:38.204913 - OMSB: Zerodha login for WG5235.
root - INFO - 2023-02-01 12:11:38.746107 - OMSB: Zerodha login for WG5235.
root - INFO - 2023-02-01 12:11:41.928648 - OMSB: Zerodha login succesful for WG5235.
root - INFO - 2023-02-01 12:11:42.556452 - OMSB: Zerodha login for WG5235.
root - INFO - 2023-02-01 12:11:43.678270 - OMSB: Zerodha login succesful for WG5235.
root - INFO - 2023-02-01 12:11:44.213002 - OMSB: Zerodha login for WG5235.
root - INFO - 2023-02-01 12:11:45.910143 - OMSB: Zerodha login succesful for WG5235.
kiteconnect.ticker - ERROR - Connection error: 1006 - connection was closed uncleanly (None)
kiteconnect.ticker - ERROR - Connection closed: 1006 - connection was closed uncleanly (None)
root - INFO - 2023-02-01 12:11:46.414843 - OMSB: Zerodha login for WG5235.
root - INFO - 2023-02-01 12:11:47.245561 - OMSB: Zerodha login succesful for WG5235.
root - INFO - 2023-02-01 12:11:47.867101 - OMSB: Zerodha login for WG5235.
root - INFO - 2023-02-01 12:11:49.756828 - OMSB: Zerodha login succesful for WG5235.
root - INFO - 2023-02-01 12:11:52.400776 - OMSB: Zerodha login succesful for WG5235.
root - INFO - 2023-02-01 12:11:54.570514 - OMSB: Zerodha login succesful for WG5235.
root - INFO - 2023-02-01 12:11:55.220929 - OMSB: Zerodha login succesful for WG5235.
root - INFO - 2023-02-01 12:11:55.803666 - Placed Zerodha Kite options order for:KpyJKNXg, instrument:NIFTY2320217650CE, qty:-50, transaction type:SELL, placed price:214.85, id:347.
root - INFO - 2023-02-01 12:11:55.815530 - Placed Zerodha Kite options order for:uZANeTKL, instrument:NIFTY2320217650CE, qty:-50, transaction type:SELL, placed price:214.85, id:805.
root - INFO - 2023-02-01 12:11:55.819789 - Placed Zerodha Kite options order for:lAnfCJFj, instrument:NIFTY2320217650CE, qty:-50, transaction type:SELL, placed price:214.85, id:101.
root - INFO - 2023-02-01 12:11:55.826752 - Placed Zerodha Kite options order for:GgaxFcnL, instrument:NIFTY2320217650CE, qty:-50, transaction type:SELL, placed price:214.85, id:724.
root - INFO - 2023-02-01 12:11:55.827416 - Placed Zerodha Kite options order for:ZsjdYVoL, instrument:NIFTY2320217650CE, qty:-50, transaction type:SELL, placed price:214.85, id:678.
root - INFO - 2023-02-01 12:11:55.830327 - Placed Zerodha Kite options order for:CdchIrbD, instrument:NIFTY2320217650CE, qty:-50, transaction type:SELL, placed price:214.85, id:740.
root - INFO - 2023-02-01 12:11:55.833619 - Placed Zerodha Kite options order for:wbLfdaNd, instrument:NIFTY2320217650CE, qty:-50, transaction type:SELL, placed price:214.85, id:940.
root - INFO - 2023-02-01 12:11:55.836305 - Placed Zerodha Kite options order for:EvbaUZol, instrument:NIFTY2320217650CE, qty:-50, transaction type:SELL, placed price:214.85, id:730.
root - INFO - 2023-02-01 12:11:56.430492 - 631.1280727386475
root - INFO - 2023-02-01 12:11:56.808438 - Placed Zerodha Kite options order for:iaealpCB, instrument:NIFTY2320217650CE, qty:-50, transaction type:SELL, placed price:214.85, id:578.
root - INFO - 2023-02-01 12:11:56.809396 - Placed Zerodha Kite options order for:xfixjbHf, instrument:NIFTY2320217650CE, qty:-50, transaction type:SELL, placed price:214.85, id:658.
root - INFO - 2023-02-01 12:11:56.828033 - Placed Zerodha Kite options order for:VBlucmpm, instrument:NIFTY2320217650CE, qty:-50, transaction type:SELL, placed price:214.85, id:322.
root - INFO - 2023-02-01 12:11:56.965885 - 1155.3161144256592
root - INFO - 2023-02-01 12:11:57.340655 - 1530.813217163086
root - INFO - 2023-02-01 12:11:57.809663 - 1989.7987842559814
root - INFO - 2023-02-01 12:11:58.337705 - 2526.34596824646
root - INFO - 2023-02-01 12:11:58.790325 - 2966.628074645996
root - INFO - 2023-02-01 12:11:59.246393 - 3430.3059577941895
root - INFO - 2023-02-01 12:11:59.644139 - 3816.5059089660645
root - INFO - 2023-02-01 12:12:00.620794 - 4815.160751342773
root - INFO - 2023-02-01 12:12:01.141722 - 5336.36999130249
root - INFO - 2023-02-01 12:12:01.628593 - 5815.4661655426025
root - INFO - 2023-02-01 12:12:02.362338 - Placed Zerodha Kite options order for:KpyJKNXg, instrument:NIFTY2320217650PE, qty:50, transaction type:BUY, placed price:49.2, id:163.
root - INFO - 2023-02-01 12:12:02.852541 - Placed Zerodha Kite options order for:lAnfCJFj, instrument:NIFTY2320217650PE, qty:50, transaction type:BUY, placed price:49.2, id:723.
root - INFO - 2023-02-01 12:12:03.398872 - Placed Zerodha Kite options order for:uZANeTKL, instrument:NIFTY2320217650PE, qty:50, transaction type:BUY, placed price:49.2, id:440.
root - INFO - 2023-02-01 12:12:03.541198 - Placed Zerodha Kite options order for:ZsjdYVoL, instrument:NIFTY2320217650PE, qty:50, transaction type:BUY, placed price:49.2, id:299.
root - INFO - 2023-02-01 12:12:04.049218 - Placed Zerodha Kite options order for:GgaxFcnL, instrument:NIFTY2320217650PE, qty:50, transaction type:BUY, placed price:49.2, id:789.
root - INFO - 2023-02-01 12:12:04.619883 - Placed Zerodha Kite options order for:wbLfdaNd, instrument:NIFTY2320217650PE, qty:50, transaction type:BUY, placed price:49.2, id:666.
root - INFO - 2023-02-01 12:12:04.997230 - Placed Zerodha Kite options order for:CdchIrbD, instrument:NIFTY2320217650PE, qty:50, transaction type:BUY, placed price:49.2, id:353.
root - INFO - 2023-02-01 12:12:05.467181 - Placed Zerodha Kite options order for:EvbaUZol, instrument:NIFTY2320217650PE, qty:50, transaction type:BUY, placed price:49.2, id:893.
root - INFO - 2023-02-01 12:12:05.926868 - Placed Zerodha Kite options order for:iaealpCB, instrument:NIFTY2320217650PE, qty:50, transaction type:BUY, placed price:49.2, id:952.
root - INFO - 2023-02-01 12:12:06.509263 - Placed Zerodha Kite options order for:xfixjbHf, instrument:NIFTY2320217650PE, qty:50, transaction type:BUY, placed price:49.25, id:15.
root - INFO - 2023-02-01 12:12:06.967103 - Placed Zerodha Kite options order for:VBlucmpm, instrument:NIFTY2320217650PE, qty:50, transaction type:BUY, placed price:49.25, id:701.
root - INFO - 2023-02-01 12:12:07.193866 - 6845.709800720215
root - INFO - 2023-02-01 12:12:07.633975 - 4782.756805419922
root - INFO - 2023-02-01 12:12:08.087091 - 5690.979957580566
root - INFO - 2023-02-01 12:12:08.533474 - 4995.8062171936035
root - INFO - 2023-02-01 12:12:09.043633 - 4998.643159866333
kiteconnect.ticker - ERROR - Connection error: 1006 - connection was closed uncleanly (None)
kiteconnect.ticker - ERROR - Connection closed: 1006 - connection was closed uncleanly (None)
root - INFO - 2023-02-01 12:12:09.622531 - 5003.553867340088
root - INFO - 2023-02-01 12:12:10.109473 - 5112.436771392822
root - INFO - 2023-02-01 12:12:10.446813 - 4983.672142028809
root - INFO - 2023-02-01 12:12:10.927727 - 5002.202033996582
root - INFO - 2023-02-01 12:12:11.335638 - 4827.760219573975
root - INFO - 2023-02-01 12:12:11.781340 - 4815.06085395813
kiteconnect.ticker - ERROR - Connection error: 1006 - connection was closed uncleanly (None)
kiteconnect.ticker - ERROR - Connection closed: 1006 - connection was closed uncleanly (None)
kiteconnect.ticker - ERROR - Connection error: 1006 - connection was closed uncleanly (None)
kiteconnect.ticker - ERROR - Connection closed: 1006 - connection was closed uncleanly (None)
kiteconnect.ticker - ERROR - Connection error: 1006 - connection was closed uncleanly (None)
kiteconnect.ticker - ERROR - Connection closed: 1006 - connection was closed uncleanly (None)
kiteconnect.ticker - ERROR - Connection error: 1006 - connection was closed uncleanly (None)
kiteconnect.ticker - ERROR - Connection closed: 1006 - connection was closed uncleanly (None)
kiteconnect.ticker - ERROR - Connection error: 1006 - connection was closed uncleanly (None)
kiteconnect.ticker - ERROR - Connection closed: 1006 - connection was closed uncleanly (None)
kiteconnect.ticker - ERROR - Connection error: 1006 - connection was closed uncleanly (None)
kiteconnect.ticker - ERROR - Connection closed: 1006 - connection was closed uncleanly (None)
kiteconnect.ticker - ERROR - Connection error: 1006 - connection was closed uncleanly (None)
kiteconnect.ticker - ERROR - Connection closed: 1006 - connection was closed uncleanly (None)
kiteconnect.ticker - ERROR - Connection error: 1006 - connection was closed uncleanly (None)
kiteconnect.ticker - ERROR - Connection closed: 1006 - connection was closed uncleanly (None)
kiteconnect.ticker - ERROR - Connection error: 1006 - connection was closed uncleanly (None)
kiteconnect.ticker - ERROR - Connection closed: 1006 - connection was closed uncleanly (None)
kiteconnect.ticker - ERROR - Connection error: 1006 - connection was closed uncleanly (None)
kiteconnect.ticker - ERROR - Connection closed: 1006 - connection was closed uncleanly (None)
kiteconnect.ticker - ERROR - Connection error: 1006 - connection was closed uncleanly (None)
kiteconnect.ticker - ERROR - Connection closed: 1006 - connection was closed uncleanly (None)
kiteconnect.ticker - ERROR - Connection error: 1006 - connection was closed uncleanly (None)
kiteconnect.ticker - ERROR - Connection closed: 1006 - connection was closed uncleanly (None)
kiteconnect.ticker - ERROR - Connection error: 1006 - connection was closed uncleanly (None)
kiteconnect.ticker - ERROR - Connection closed: 1006 - connection was closed uncleanly (None)
kiteconnect.ticker - ERROR - Connection error: 1006 - connection was closed uncleanly (None)
kiteconnect.ticker - ERROR - Connection closed: 1006 - connection was closed uncleanly (None)
kiteconnect.ticker - ERROR - Connection error: 1006 - connection was closed uncleanly (None)
kiteconnect.ticker - ERROR - Connection closed: 1006 - connection was closed uncleanly (None)
kiteconnect.ticker - ERROR - Connection error: 1006 - connection was closed uncleanly (None)
kiteconnect.ticker - ERROR - Connection closed: 1006 - connection was closed uncleanly (None)
kiteconnect.ticker - ERROR - Connection error: 1006 - connection was closed uncleanly (None)
kiteconnect.ticker - ERROR - Connection closed: 1006 - connection was closed uncleanly (None)
kiteconnect.ticker - ERROR - Connection error: 1006 - connection was closed uncleanly (None)
kiteconnect.ticker - ERROR - Connection closed: 1006 - connection was closed uncleanly (None)
kiteconnect.ticker - ERROR - Connection error: 1006 - connection was closed uncleanly (None)
kiteconnect.ticker - ERROR - Connection closed: 1006 - connection was closed uncleanly (None)
root - CRITICAL - CRITICAL ERROR:2023-02-01 12:24:14.735926 - Failed to initialise Log server/ADS.
['Traceback (most recent call last):', '  File "Main.py", line 30, in __init__', '    self.start()', '  File "Main.py", line 38, in start', '    self.main_loop()', '  File "Main.py", line 78, in main_loop', '    sleep(1)', 'KeyboardInterrupt']
root - INFO - 2023-02-01 16:31:23.434438 - Finvant Alcubierre Mk1 OMS Backend turned on.
root - INFO - 2023-02-01 16:31:24.143639 - OMS Backend mainloop started.
root - INFO - 2023-02-01 16:31:39.207237 - OMSB: Logging in for backend kite ticker.
root - INFO - 2023-02-01 16:31:46.946391 - OMSB: Login succesful for backend kite ticker.
root - INFO - 2023-02-01 16:31:50.433513 - OMSB: Zerodha login for WG5235.
root - INFO - 2023-02-01 16:31:50.433842 - OMSB: Zerodha login for WG5235.
root - INFO - 2023-02-01 16:31:50.434227 - OMSB: Zerodha login for WG5235.
root - INFO - 2023-02-01 16:31:50.434518 - OMSB: Zerodha login for WG5235.
root - INFO - 2023-02-01 16:31:57.950486 - OMSB: Zerodha login succesful for WG5235.
root - INFO - 2023-02-01 16:31:58.584533 - OMSB: Zerodha login for WG5235.
root - INFO - 2023-02-01 16:31:58.642893 - OMSB: Zerodha login succesful for WG5235.
root - INFO - 2023-02-01 16:31:59.883550 - OMSB: Zerodha login for WG5235.
root - INFO - 2023-02-01 16:32:00.143229 - OMSB: Zerodha login succesful for WG5235.
root - INFO - 2023-02-01 16:32:00.611041 - OMSB: Zerodha login succesful for WG5235.
root - INFO - 2023-02-01 16:32:00.798321 - OMSB: Zerodha login for WG5235.
root - INFO - 2023-02-01 16:32:01.252066 - OMSB: Zerodha login for WG5235.
root - INFO - 2023-02-01 16:32:06.237341 - OMSB: Zerodha login succesful for WG5235.
root - INFO - 2023-02-01 16:32:06.907689 - OMSB: Zerodha login for WG5235.
root - INFO - 2023-02-01 16:32:07.388981 - OMSB: Zerodha login succesful for WG5235.
root - INFO - 2023-02-01 16:32:08.085437 - OMSB: Zerodha login for WG5235.
root - INFO - 2023-02-01 16:32:08.780329 - OMSB: Zerodha login succesful for WG5235.
root - INFO - 2023-02-01 16:32:09.435535 - OMSB: Zerodha login for WG5235.
root - INFO - 2023-02-01 16:32:10.179269 - OMSB: Zerodha login succesful for WG5235.
root - INFO - 2023-02-01 16:32:10.855359 - OMSB: Zerodha login for WG5235.
root - INFO - 2023-02-01 16:32:15.706334 - OMSB: Zerodha login succesful for WG5235.
root - INFO - 2023-02-01 16:32:16.228210 - OMSB: Zerodha login for WG5235.
root - CRITICAL - CRITICAL ERROR:2023-02-01 16:32:19.197696 - OMSB: Failed auto login to kite for user:WG5235.
['Traceback (most recent call last):', '  File "/Users/vishaljha/Desktop/FINVANT/API/Backend/Scripts/AutoLoginZerodha.py", line 119, in auto_login_zerodha', '    data = kite.generate_session(key, api_secret=api_secret)', '  File "/Users/vishaljha/anaconda3/lib/python3.8/site-packages/kiteconnect/connect.py", line 255, in generate_session', '    h = hashlib.sha256(self.api_key.encode("utf-8") + request_token.encode("utf-8") + api_secret.encode("utf-8"))', "AttributeError: 'int' object has no attribute 'encode'"]
root - INFO - 2023-02-01 16:32:19.538548 - OMSB: Zerodha login succesful for WG5235.
root - INFO - 2023-02-01 16:32:19.779505 - OMSB: Zerodha login for WG5235.
root - INFO - 2023-02-01 16:32:20.286866 - OMSB: Zerodha login succesful for WG5235.
root - INFO - 2023-02-01 16:32:20.290192 - OMSB: Zerodha login for WG5235.
root - INFO - 2023-02-01 16:32:21.274682 - OMSB: Zerodha login for WG5235.
root - INFO - 2023-02-01 16:32:23.730968 - OMSB: Zerodha login succesful for WG5235.
root - INFO - 2023-02-01 16:32:24.335305 - OMSB: Zerodha login for WG5235.
root - INFO - 2023-02-01 16:32:28.589623 - OMSB: Zerodha login succesful for WG5235.
root - INFO - 2023-02-01 16:32:28.886145 - OMSB: Zerodha login succesful for WG5235.
root - INFO - 2023-02-01 16:32:29.132425 - OMSB: Zerodha login succesful for WG5235.
root - INFO - 2023-02-01 16:32:29.240770 - OMSB: Zerodha login for WG5235.
root - INFO - 2023-02-01 16:32:29.994471 - OMSB: Zerodha login for WG5235.
root - INFO - 2023-02-01 16:32:30.470974 - OMSB: Zerodha login for WG5235.
root - INFO - 2023-02-01 16:32:32.628761 - OMSB: Zerodha login succesful for WG5235.
root - INFO - 2023-02-01 16:32:38.204631 - OMSB: Zerodha login succesful for WG5235.
root - INFO - 2023-02-01 16:32:39.275345 - OMSB: Zerodha login succesful for WG5235.
root - INFO - 2023-02-01 16:32:39.772659 - OMSB: Zerodha login succesful for WG5235.
root - CRITICAL - CRITICAL ERROR:2023-02-01 16:35:05.750837 - Failed to initialise Log server/ADS.
['Traceback (most recent call last):', '  File "Main.py", line 31, in __init__', '    self.start()', '  File "Main.py", line 39, in start', '    self.main_loop()', '  File "Main.py", line 79, in main_loop', '    sleep(1)', 'KeyboardInterrupt']
