root - INFO - 2023-01-18 16:29:58.732524 - Finvant Alcubierre Mk1 OMS Backend turned on.
root - INFO - 2023-01-18 16:29:58.857908 - OMS Backend mainloop started.
root - INFO - 2023-01-18 16:29:59.031001 - OMSB: Logging in for backend kite ticker.
root - INFO - 2023-01-18 16:30:12.551446 - OMSB: Login succesful for backend kite ticker.
root - INFO - 2023-01-18 16:30:12.692948 - OMSB: Zerodha login for WG5235.
root - INFO - 2023-01-18 16:30:12.693162 - OMSB: Zerodha login for WG5235.
root - INFO - 2023-01-18 16:30:12.693656 - OMSB: Zerodha login for WG5235.
root - INFO - 2023-01-18 16:30:12.693992 - OMSB: Zerodha login for WG5235.
root - INFO - 2023-01-18 16:30:20.078712 - OMSB: Zerodha login succesful for WG5235.
root - INFO - 2023-01-18 16:30:20.204178 - OMSB: Zerodha login for WG5235.
root - INFO - 2023-01-18 16:30:20.753829 - OMSB: Zerodha login succesful for WG5235.
root - INFO - 2023-01-18 16:30:20.882041 - OMSB: Zerodha login for WG5235.
root - INFO - 2023-01-18 16:30:20.917165 - OMSB: Zerodha login succesful for WG5235.
root - INFO - 2023-01-18 16:30:21.071128 - OMSB: Zerodha login for WG5235.
root - INFO - 2023-01-18 16:30:21.406938 - OMSB: Zerodha login succesful for WG5235.
root - INFO - 2023-01-18 16:30:21.541362 - OMSB: Zerodha login for WG5235.
root - INFO - 2023-01-18 16:30:27.105796 - OMSB: Zerodha login succesful for WG5235.
root - INFO - 2023-01-18 16:30:27.239370 - OMSB: Zerodha login for WG5235.
root - INFO - 2023-01-18 16:30:27.926449 - OMSB: Zerodha login succesful for WG5235.
root - INFO - 2023-01-18 16:30:28.049121 - OMSB: Zerodha login for WG5235.
root - INFO - 2023-01-18 16:30:28.154928 - OMSB: Zerodha login succesful for WG5235.
root - INFO - 2023-01-18 16:30:28.282123 - OMSB: Zerodha login for WG5235.
root - INFO - 2023-01-18 16:30:28.651837 - OMSB: Zerodha login succesful for WG5235.
root - INFO - 2023-01-18 16:30:28.778245 - OMSB: Zerodha login for WG5235.
root - INFO - 2023-01-18 16:30:35.046229 - OMSB: Zerodha login succesful for WG5235.
root - INFO - 2023-01-18 16:30:35.169115 - OMSB: Zerodha login for WG5235.
root - INFO - 2023-01-18 16:30:35.845296 - OMSB: Zerodha login succesful for WG5235.
root - INFO - 2023-01-18 16:30:35.971515 - OMSB: Zerodha login for WG5235.
root - INFO - 2023-01-18 16:30:36.244122 - OMSB: Zerodha login succesful for WG5235.
root - INFO - 2023-01-18 16:30:36.369520 - OMSB: Zerodha login for WG5235.
root - INFO - 2023-01-18 16:30:38.844841 - OMSB: Zerodha login succesful for WG5235.
root - INFO - 2023-01-18 16:30:38.966591 - OMSB: Zerodha login for WG5235.
root - INFO - 2023-01-18 16:30:42.774346 - OMSB: Zerodha login succesful for WG5235.
root - INFO - 2023-01-18 16:30:42.905822 - OMSB: Zerodha login for WG5235.
root - INFO - 2023-01-18 16:30:43.422913 - OMSB: Zerodha login succesful for WG5235.
root - INFO - 2023-01-18 16:30:43.547135 - OMSB: Zerodha login for WG5235.
root - INFO - 2023-01-18 16:30:44.023340 - OMSB: Zerodha login succesful for WG5235.
root - INFO - 2023-01-18 16:30:44.150156 - OMSB: Zerodha login for WG5235.
root - INFO - 2023-01-18 16:30:46.046236 - OMSB: Zerodha login succesful for WG5235.
root - INFO - 2023-01-18 16:30:46.191316 - OMSB: Zerodha login for WG5235.
root - CRITICAL - CRITICAL ERROR:2023-01-18 16:30:50.497070 - OMSB: Failed auto login to kite for user:WG5235.
['Traceback (most recent call last):', '  File "/Users/vishaljha/Desktop/FINVANT/API/Backend/Scripts/AutoLoginZerodha.py", line 119, in auto_login_zerodha', '    data = kite.generate_session(key, api_secret=api_secret)', '  File "/Users/vishaljha/anaconda3/lib/python3.8/site-packages/kiteconnect/connect.py", line 258, in generate_session', '    resp = self._post("api.token", params={', '  File "/Users/vishaljha/anaconda3/lib/python3.8/site-packages/kiteconnect/connect.py", line 841, in _post', '    return self._request(route, "POST", url_args=url_args, params=params, is_json=is_json, query_params=query_params)', '  File "/Users/vishaljha/anaconda3/lib/python3.8/site-packages/kiteconnect/connect.py", line 913, in _request', '    raise exp(data["message"], code=r.status_code)', 'kiteconnect.exceptions.InputException: `request_token` should be minimum 10 characters in length.']
root - INFO - 2023-01-18 16:30:50.621844 - OMSB: Zerodha login succesful for WG5235.
root - INFO - 2023-01-18 16:30:51.162546 - OMSB: Zerodha login succesful for WG5235.
root - INFO - 2023-01-18 16:30:53.313279 - OMSB: Zerodha login succesful for WG5235.
root - INFO - 2023-01-18 16:31:58.543329 - Placed Zerodha Kite futures order for:TTQaNDXf, instrument:NIFTY23JANFUT, qty:1, transaction type:BUY, placed price:17915, id:2.
root - INFO - 2023-01-18 16:31:58.546448 - Placed Zerodha Kite futures order for:LXfgnNeV, instrument:NIFTY23JANFUT, qty:1, transaction type:BUY, placed price:17214, id:5.
root - INFO - 2023-01-18 16:31:58.547914 - Placed Zerodha Kite futures order for:KsCsvenc, instrument:NIFTY23JANFUT, qty:1, transaction type:BUY, placed price:17263, id:18.
root - INFO - 2023-01-18 16:31:58.549116 - Placed Zerodha Kite futures order for:WprNkyOw, instrument:NIFTY23JANFUT, qty:1, transaction type:BUY, placed price:17835, id:20.
root - INFO - 2023-01-18 16:31:58.552598 - Placed Zerodha Kite futures order for:DHYVmDuL, instrument:NIFTY23JANFUT, qty:1, transaction type:BUY, placed price:17844, id:8.
root - INFO - 2023-01-18 16:31:58.554188 - Placed Zerodha Kite futures order for:cJPEsAqA, instrument:NIFTY23JANFUT, qty:1, transaction type:BUY, placed price:17839, id:13.
root - INFO - 2023-01-18 16:31:58.556615 - Placed Zerodha Kite futures order for:uRSwdIpo, instrument:NIFTY23JANFUT, qty:1, transaction type:BUY, placed price:17907, id:6.
root - INFO - 2023-01-18 16:31:58.557721 - Placed Zerodha Kite futures order for:PVYWqipD, instrument:NIFTY23JANFUT, qty:1, transaction type:BUY, placed price:17678, id:16.
root - INFO - 2023-01-18 16:31:58.560378 - Placed Zerodha Kite futures order for:ecCsimDH, instrument:NIFTY23JANFUT, qty:1, transaction type:BUY, placed price:17687, id:14.
root - INFO - 2023-01-18 16:31:59.034748 - 489.87388610839844
root - INFO - 2023-01-18 16:31:59.075263 - 530.9128761291504
root - INFO - 2023-01-18 16:31:59.134467 - 592.5009250640869
root - INFO - 2023-01-18 16:31:59.183767 - 637.4168395996094
root - INFO - 2023-01-18 16:31:59.273583 - 731.4577102661133
root - INFO - 2023-01-18 16:31:59.300564 - 755.5749416351318
root - INFO - 2023-01-18 16:31:59.386791 - 838.3708000183105
root - INFO - 2023-01-18 16:31:59.412275 - 862.7269268035889
root - INFO - 2023-01-18 16:31:59.884502 - 1334.326982498169
root - INFO - 2023-01-18 16:33:10.016565 - Placed Zerodha Kite futures order for:ecCsimDH, instrument:NIFTY23JANFUT, qty:-1, transaction type:SELL, placed price:17107, id:10.
root - INFO - 2023-01-18 16:33:10.018141 - Placed Zerodha Kite futures order for:WprNkyOw, instrument:NIFTY23JANFUT, qty:-1, transaction type:SELL, placed price:17332, id:19.
root - INFO - 2023-01-18 16:33:10.019364 - Placed Zerodha Kite futures order for:cJPEsAqA, instrument:NIFTY23JANFUT, qty:-1, transaction type:SELL, placed price:17585, id:6.
root - INFO - 2023-01-18 16:33:10.021153 - Placed Zerodha Kite futures order for:DHYVmDuL, instrument:NIFTY23JANFUT, qty:-1, transaction type:SELL, placed price:17815, id:12.
root - INFO - 2023-01-18 16:33:10.022326 - Placed Zerodha Kite futures order for:LXfgnNeV, instrument:NIFTY23JANFUT, qty:-1, transaction type:SELL, placed price:17437, id:20.
root - INFO - 2023-01-18 16:33:10.023085 - Placed Zerodha Kite futures order for:uRSwdIpo, instrument:NIFTY23JANFUT, qty:-1, transaction type:SELL, placed price:17434, id:8.
root - INFO - 2023-01-18 16:33:10.025512 - Placed Zerodha Kite futures order for:KsCsvenc, instrument:NIFTY23JANFUT, qty:-1, transaction type:SELL, placed price:17000, id:13.
root - INFO - 2023-01-18 16:33:10.026535 - Placed Zerodha Kite futures order for:TTQaNDXf, instrument:NIFTY23JANFUT, qty:-1, transaction type:SELL, placed price:17706, id:1.
root - INFO - 2023-01-18 16:33:10.028231 - Placed Zerodha Kite futures order for:PVYWqipD, instrument:NIFTY23JANFUT, qty:-1, transaction type:SELL, placed price:17200, id:2.
root - INFO - 2023-01-18 16:33:10.513263 - 494.35901641845703
root - INFO - 2023-01-18 16:33:10.585007 - 568.0849552154541
root - INFO - 2023-01-18 16:33:10.638892 - 623.8939762115479
root - INFO - 2023-01-18 16:33:10.712756 - 686.9001388549805
root - INFO - 2023-01-18 16:33:10.760150 - 738.065242767334
root - INFO - 2023-01-18 16:33:10.825072 - 808.992862701416
root - INFO - 2023-01-18 16:33:10.885681 - 867.5990104675293
root - INFO - 2023-01-18 16:33:10.964569 - 943.4139728546143
root - INFO - 2023-01-18 16:33:11.014603 - 989.4149303436279
root - INFO - 2023-01-18 16:33:37.507596 - 5.398035049438477
root - INFO - 2023-01-18 16:33:37.511704 - 1.3980865478515625
root - INFO - 2023-01-18 16:33:37.514622 - 3.6139488220214844
root - INFO - 2023-01-18 16:33:37.517020 - 5.295276641845703
root - INFO - 2023-01-18 16:33:37.523452 - 12.397050857543945
root - INFO - 2023-01-18 16:33:37.525221 - 8.672952651977539
root - INFO - 2023-01-18 16:33:37.526303 - 5.753993988037109
root - INFO - 2023-01-18 16:33:37.531482 - 11.245012283325195
root - INFO - 2023-01-18 16:33:37.547006 - 14.577150344848633
root - INFO - 2023-01-18 16:33:37.682725 - Placed Zerodha Kite options order for:ecCsimDH, instrument:NIFTY23JAN17800PE, qty:1, transaction type:BUY, placed price:17832, id:18.
root - INFO - 2023-01-18 16:33:37.738422 - Placed Zerodha Kite options order for:IFLrFXJl, instrument:NIFTY23JAN17800PE, qty:1, transaction type:BUY, placed price:17475, id:12.
root - INFO - 2023-01-18 16:33:37.799197 - Placed Zerodha Kite options order for:VMpiueuA, instrument:NIFTY23JAN17800PE, qty:1, transaction type:BUY, placed price:17030, id:10.
root - INFO - 2023-01-18 16:33:37.861514 - Placed Zerodha Kite options order for:SatEiawA, instrument:NIFTY23JAN17800PE, qty:1, transaction type:BUY, placed price:17562, id:9.
root - INFO - 2023-01-18 16:33:37.920285 - Placed Zerodha Kite options order for:cAHaQDSM, instrument:NIFTY23JAN17800PE, qty:1, transaction type:BUY, placed price:17537, id:9.
root - INFO - 2023-01-18 16:33:37.978768 - Placed Zerodha Kite options order for:uRSwdIpo, instrument:NIFTY23JAN17800PE, qty:1, transaction type:BUY, placed price:17647, id:19.
root - INFO - 2023-01-18 16:33:38.041443 - Placed Zerodha Kite options order for:RVJWXyZg, instrument:NIFTY23JAN17800PE, qty:1, transaction type:BUY, placed price:17461, id:16.
root - INFO - 2023-01-18 16:33:38.104085 - Placed Zerodha Kite options order for:KsCsvenc, instrument:NIFTY23JAN17800PE, qty:1, transaction type:BUY, placed price:17161, id:10.
root - INFO - 2023-01-18 16:33:38.163868 - Placed Zerodha Kite options order for:hEgwdvNA, instrument:NIFTY23JAN17800PE, qty:1, transaction type:BUY, placed price:17459, id:15.
root - INFO - 2023-01-18 16:33:38.536302 - 1027.263879776001
root - INFO - 2023-01-18 16:33:38.619463 - 1117.2606945037842
root - INFO - 2023-01-18 16:33:38.668258 - 1158.174991607666
root - INFO - 2023-01-18 16:33:38.736590 - 1217.7009582519531
root - INFO - 2023-01-18 16:33:38.767876 - 3.031015396118164
root - INFO - 2023-01-18 16:33:38.792483 - 1282.5849056243896
root - INFO - 2023-01-18 16:33:38.815938 - 1282.4981212615967
root - INFO - 2023-01-18 16:33:38.836406 - 5.595684051513672
root - INFO - 2023-01-18 16:33:38.892242 - 1.8198490142822266
root - INFO - 2023-01-18 16:33:38.900350 - 1395.3578472137451
root - INFO - 2023-01-18 16:33:38.958808 - 6.639957427978516
root - INFO - 2023-01-18 16:33:38.968180 - 1446.563720703125
root - INFO - 2023-01-18 16:33:39.013836 - Placed Zerodha Kite options order for:ecCsimDH, instrument:NIFTY23JAN18200PE, qty:1, transaction type:BUY, placed price:17234, id:10.
root - INFO - 2023-01-18 16:33:39.031713 - 1512.7549171447754
root - INFO - 2023-01-18 16:33:39.079133 - 4.551172256469727
root - INFO - 2023-01-18 16:33:39.140815 - 4.548072814941406
root - INFO - 2023-01-18 16:33:39.197887 - Placed Zerodha Kite options order for:IFLrFXJl, instrument:NIFTY23JAN18200PE, qty:1, transaction type:BUY, placed price:17770, id:9.
root - INFO - 2023-01-18 16:33:39.260330 - Placed Zerodha Kite options order for:VMpiueuA, instrument:NIFTY23JAN18200PE, qty:1, transaction type:BUY, placed price:17252, id:19.
root - INFO - 2023-01-18 16:33:39.329060 - 4.102230072021484
root - INFO - 2023-01-18 16:33:39.386138 - Placed Zerodha Kite options order for:SatEiawA, instrument:NIFTY23JAN18200PE, qty:1, transaction type:BUY, placed price:17236, id:3.
root - INFO - 2023-01-18 16:33:39.452276 - 4.892110824584961
root - INFO - 2023-01-18 16:33:39.509864 - 4.454851150512695
root - INFO - 2023-01-18 16:33:39.629205 - Placed Zerodha Kite options order for:cAHaQDSM, instrument:NIFTY23JAN18200PE, qty:1, transaction type:BUY, placed price:17681, id:19.
root - INFO - 2023-01-18 16:33:39.697006 - Placed Zerodha Kite options order for:uRSwdIpo, instrument:NIFTY23JAN18200PE, qty:1, transaction type:BUY, placed price:17007, id:10.
root - INFO - 2023-01-18 16:33:39.872781 - Placed Zerodha Kite options order for:RVJWXyZg, instrument:NIFTY23JAN18200PE, qty:1, transaction type:BUY, placed price:17203, id:1.
root - INFO - 2023-01-18 16:33:39.890531 - 1124.197006225586
root - INFO - 2023-01-18 16:33:39.995726 - Placed Zerodha Kite options order for:KsCsvenc, instrument:NIFTY23JAN18200PE, qty:1, transaction type:BUY, placed price:17136, id:19.
root - INFO - 2023-01-18 16:33:40.059438 - Placed Zerodha Kite options order for:hEgwdvNA, instrument:NIFTY23JAN18200PE, qty:1, transaction type:BUY, placed price:17377, id:16.
root - INFO - 2023-01-18 16:33:40.061523 - 1230.5850982666016
root - INFO - 2023-01-18 16:33:40.132774 - 1243.1399822235107
root - INFO - 2023-01-18 16:33:40.268903 - 1316.48588180542
root - INFO - 2023-01-18 16:33:40.308818 - 5.579233169555664
root - INFO - 2023-01-18 16:33:40.424943 - 3.919839859008789
root - INFO - 2023-01-18 16:33:40.443717 - 1369.412899017334
root - INFO - 2023-01-18 16:33:40.507945 - 1372.8811740875244
root - INFO - 2023-01-18 16:33:40.546035 - 2.9740333557128906
root - INFO - 2023-01-18 16:33:40.561867 - 1235.9817028045654
root - INFO - 2023-01-18 16:33:40.609943 - 6.407260894775391
root - INFO - 2023-01-18 16:33:40.665862 - Placed Zerodha Kite options order for:ecCsimDH, instrument:NIFTY23JAN17900PE, qty:-1, transaction type:SELL, placed price:17176, id:20.
root - INFO - 2023-01-18 16:33:40.669250 - 1222.5439548492432
root - INFO - 2023-01-18 16:33:40.726106 - Placed Zerodha Kite options order for:IFLrFXJl, instrument:NIFTY23JAN17900PE, qty:-1, transaction type:SELL, placed price:17469, id:2.
root - INFO - 2023-01-18 16:33:40.790452 - 3.2281875610351562
root - INFO - 2023-01-18 16:33:40.816810 - 1310.2772235870361
root - INFO - 2023-01-18 16:33:40.862650 - 8.026123046875
root - INFO - 2023-01-18 16:33:40.912393 - Placed Zerodha Kite options order for:VMpiueuA, instrument:NIFTY23JAN17900PE, qty:-1, transaction type:SELL, placed price:17573, id:8.
root - INFO - 2023-01-18 16:33:40.977217 - 4.693031311035156
root - INFO - 2023-01-18 16:33:41.032919 - Placed Zerodha Kite options order for:SatEiawA, instrument:NIFTY23JAN17900PE, qty:-1, transaction type:SELL, placed price:17622, id:18.
root - INFO - 2023-01-18 16:33:41.161715 - 3.6802291870117188
root - INFO - 2023-01-18 16:33:41.279183 - Placed Zerodha Kite options order for:cAHaQDSM, instrument:NIFTY23JAN17900PE, qty:-1, transaction type:SELL, placed price:17912, id:6.
root - INFO - 2023-01-18 16:33:41.344309 - 5.587100982666016
root - INFO - 2023-01-18 16:33:41.399900 - Placed Zerodha Kite options order for:uRSwdIpo, instrument:NIFTY23JAN17900PE, qty:-1, transaction type:SELL, placed price:17413, id:1.
root - INFO - 2023-01-18 16:33:41.414470 - 1110.9840869903564
root - INFO - 2023-01-18 16:33:41.522750 - Placed Zerodha Kite options order for:RVJWXyZg, instrument:NIFTY23JAN17900PE, qty:-1, transaction type:SELL, placed price:17113, id:4.
root - INFO - 2023-01-18 16:33:41.536814 - 1116.1291599273682
root - INFO - 2023-01-18 16:33:41.645230 - Placed Zerodha Kite options order for:KsCsvenc, instrument:NIFTY23JAN17900PE, qty:-1, transaction type:SELL, placed price:17205, id:13.
root - INFO - 2023-01-18 16:33:41.766689 - Placed Zerodha Kite options order for:hEgwdvNA, instrument:NIFTY23JAN17900PE, qty:-1, transaction type:SELL, placed price:17421, id:7.
root - INFO - 2023-01-18 16:33:41.777301 - 1232.8379154205322
root - INFO - 2023-01-18 16:33:41.889971 - 3.905057907104492
root - INFO - 2023-01-18 16:33:41.892778 - 1289.2570495605469
root - INFO - 2023-01-18 16:33:42.014288 - 4.628896713256836
root - INFO - 2023-01-18 16:33:42.018123 - 1229.5429706573486
root - INFO - 2023-01-18 16:33:42.151258 - 1296.666145324707
root - INFO - 2023-01-18 16:33:42.198281 - 4.561901092529297
root - INFO - 2023-01-18 16:33:42.259037 - Placed Zerodha Kite options order for:ecCsimDH, instrument:NIFTY23JAN18100PE, qty:-1, transaction type:SELL, placed price:17396, id:12.
root - INFO - 2023-01-18 16:33:42.262551 - 1289.5841598510742
root - INFO - 2023-01-18 16:33:42.321669 - 5.873918533325195
root - INFO - 2023-01-18 16:33:42.376947 - 3.628969192504883
root - INFO - 2023-01-18 16:33:42.401260 - 1244.0099716186523
root - INFO - 2023-01-18 16:33:42.436718 - Placed Zerodha Kite options order for:IFLrFXJl, instrument:NIFTY23JAN18100PE, qty:-1, transaction type:SELL, placed price:17826, id:8.
root - INFO - 2023-01-18 16:33:42.453563 - 1114.778995513916
root - INFO - 2023-01-18 16:33:42.498247 - 1.8918514251708984
root - INFO - 2023-01-18 16:33:42.563903 - Placed Zerodha Kite options order for:VMpiueuA, instrument:NIFTY23JAN18100PE, qty:-1, transaction type:SELL, placed price:17831, id:17.
root - INFO - 2023-01-18 16:33:42.685484 - 3.0846595764160156
root - INFO - 2023-01-18 16:33:42.741228 - Placed Zerodha Kite options order for:SatEiawA, instrument:NIFTY23JAN18100PE, qty:-1, transaction type:SELL, placed price:17661, id:14.
root - INFO - 2023-01-18 16:33:42.802957 - Placed Zerodha Kite options order for:cAHaQDSM, instrument:NIFTY23JAN18100PE, qty:-1, transaction type:SELL, placed price:17790, id:5.
root - INFO - 2023-01-18 16:33:42.867016 - 4.455089569091797
root - INFO - 2023-01-18 16:33:42.946183 - 1059.3080520629883
root - INFO - 2023-01-18 16:33:42.990885 - 4.857778549194336
root - INFO - 2023-01-18 16:33:43.049795 - Placed Zerodha Kite options order for:uRSwdIpo, instrument:NIFTY23JAN18100PE, qty:-1, transaction type:SELL, placed price:17918, id:20.
root - INFO - 2023-01-18 16:33:43.172464 - Placed Zerodha Kite options order for:RVJWXyZg, instrument:NIFTY23JAN18100PE, qty:-1, transaction type:SELL, placed price:17430, id:15.
root - INFO - 2023-01-18 16:33:43.247304 - 1237.381935119629
root - INFO - 2023-01-18 16:33:43.351197 - Placed Zerodha Kite options order for:KsCsvenc, instrument:NIFTY23JAN18100PE, qty:-1, transaction type:SELL, placed price:17907, id:3.
root - INFO - 2023-01-18 16:33:43.438648 - 1243.9370155334473
root - INFO - 2023-01-18 16:33:43.473022 - Placed Zerodha Kite options order for:hEgwdvNA, instrument:NIFTY23JAN18100PE, qty:-1, transaction type:SELL, placed price:17444, id:13.
root - INFO - 2023-01-18 16:33:43.553714 - 1237.997055053711
root - INFO - 2023-01-18 16:33:43.607344 - 1232.4309349060059
root - INFO - 2023-01-18 16:33:43.847496 - 1351.869821548462
root - INFO - 2023-01-18 16:33:43.913044 - 1232.0337295532227
root - INFO - 2023-01-18 16:33:44.044601 - 1182.1188926696777
root - INFO - 2023-01-18 16:33:44.160576 - 1173.837661743164
root - INFO - 2023-01-18 16:34:48.663167 - 5.553960800170898
root - INFO - 2023-01-18 16:34:48.668330 - 11.693000793457031
root - INFO - 2023-01-18 16:34:48.677402 - 10.879039764404297
root - INFO - 2023-01-18 16:34:48.678049 - 21.826982498168945
root - INFO - 2023-01-18 16:34:48.680296 - 21.152973175048828
root - INFO - 2023-01-18 16:34:48.682987 - 10.093212127685547
root - INFO - 2023-01-18 16:34:48.684853 - 13.659954071044922
root - INFO - 2023-01-18 16:34:48.686499 - 14.455795288085938
root - INFO - 2023-01-18 16:34:48.688810 - 17.808198928833008
root - INFO - 2023-01-18 16:34:48.844941 - Placed Zerodha Kite options order for:ecCsimDH, instrument:NIFTY23JAN17800PE, qty:-1, transaction type:SELL, placed price:17748, id:16.
root - INFO - 2023-01-18 16:34:48.909022 - Placed Zerodha Kite options order for:IFLrFXJl, instrument:NIFTY23JAN17800PE, qty:-1, transaction type:SELL, placed price:17054, id:14.
root - INFO - 2023-01-18 16:34:48.969407 - Placed Zerodha Kite options order for:RVJWXyZg, instrument:NIFTY23JAN17800PE, qty:-1, transaction type:SELL, placed price:17997, id:19.
root - INFO - 2023-01-18 16:34:49.028006 - Placed Zerodha Kite options order for:VMpiueuA, instrument:NIFTY23JAN17800PE, qty:-1, transaction type:SELL, placed price:17495, id:5.
root - INFO - 2023-01-18 16:34:49.090481 - Placed Zerodha Kite options order for:uRSwdIpo, instrument:NIFTY23JAN17800PE, qty:-1, transaction type:SELL, placed price:17803, id:12.
root - INFO - 2023-01-18 16:34:49.152021 - Placed Zerodha Kite options order for:KsCsvenc, instrument:NIFTY23JAN17800PE, qty:-1, transaction type:SELL, placed price:17243, id:8.
root - INFO - 2023-01-18 16:34:49.213115 - Placed Zerodha Kite options order for:SatEiawA, instrument:NIFTY23JAN17800PE, qty:-1, transaction type:SELL, placed price:17189, id:20.
root - INFO - 2023-01-18 16:34:49.272896 - Placed Zerodha Kite options order for:cAHaQDSM, instrument:NIFTY23JAN17800PE, qty:-1, transaction type:SELL, placed price:17686, id:1.
root - INFO - 2023-01-18 16:34:49.333766 - Placed Zerodha Kite options order for:hEgwdvNA, instrument:NIFTY23JAN17800PE, qty:-1, transaction type:SELL, placed price:17733, id:13.
root - INFO - 2023-01-18 16:34:49.708201 - 1058.1650733947754
root - INFO - 2023-01-18 16:34:49.777976 - 1126.913070678711
root - INFO - 2023-01-18 16:34:49.835531 - 1184.5171451568604
root - INFO - 2023-01-18 16:34:49.902152 - 1237.4777793884277
root - INFO - 2023-01-18 16:34:49.949181 - 3.3490657806396484
root - INFO - 2023-01-18 16:34:49.956509 - 1301.0423183441162
root - INFO - 2023-01-18 16:34:50.008614 - 8.077144622802734
root - INFO - 2023-01-18 16:34:50.012772 - 1359.421968460083
root - INFO - 2023-01-18 16:34:50.068413 - 3.2088756561279297
root - INFO - 2023-01-18 16:34:50.081245 - 1430.5458068847656
root - INFO - 2023-01-18 16:34:50.128725 - 4.315853118896484
root - INFO - 2023-01-18 16:34:50.143146 - 1481.5120697021484
root - INFO - 2023-01-18 16:34:50.186304 - Placed Zerodha Kite options order for:ecCsimDH, instrument:NIFTY23JAN18200PE, qty:-1, transaction type:SELL, placed price:17627, id:17.
root - INFO - 2023-01-18 16:34:50.201654 - 1549.4329929351807
root - INFO - 2023-01-18 16:34:50.253527 - 3.7899017333984375
root - INFO - 2023-01-18 16:34:50.321865 - 7.863044738769531
root - INFO - 2023-01-18 16:34:50.374783 - Placed Zerodha Kite options order for:IFLrFXJl, instrument:NIFTY23JAN18200PE, qty:-1, transaction type:SELL, placed price:17849, id:15.
root - INFO - 2023-01-18 16:34:50.435891 - Placed Zerodha Kite options order for:RVJWXyZg, instrument:NIFTY23JAN18200PE, qty:-1, transaction type:SELL, placed price:17588, id:14.
root - INFO - 2023-01-18 16:34:50.502628 - 2.977132797241211
root - INFO - 2023-01-18 16:34:50.557949 - Placed Zerodha Kite options order for:VMpiueuA, instrument:NIFTY23JAN18200PE, qty:-1, transaction type:SELL, placed price:17118, id:1.
root - INFO - 2023-01-18 16:34:50.626481 - 4.0283203125
root - INFO - 2023-01-18 16:34:50.748455 - 6.2007904052734375
root - INFO - 2023-01-18 16:34:50.803694 - Placed Zerodha Kite options order for:uRSwdIpo, instrument:NIFTY23JAN18200PE, qty:-1, transaction type:SELL, placed price:17481, id:14.
root - INFO - 2023-01-18 16:34:50.865809 - Placed Zerodha Kite options order for:KsCsvenc, instrument:NIFTY23JAN18200PE, qty:-1, transaction type:SELL, placed price:17929, id:9.
root - INFO - 2023-01-18 16:34:50.997961 - 1050.9521961212158
root - INFO - 2023-01-18 16:34:51.050027 - Placed Zerodha Kite options order for:SatEiawA, instrument:NIFTY23JAN18200PE, qty:-1, transaction type:SELL, placed price:17351, id:17.
root - INFO - 2023-01-18 16:34:51.169737 - Placed Zerodha Kite options order for:cAHaQDSM, instrument:NIFTY23JAN18200PE, qty:-1, transaction type:SELL, placed price:17079, id:3.
root - INFO - 2023-01-18 16:34:51.226967 - Placed Zerodha Kite options order for:hEgwdvNA, instrument:NIFTY23JAN18200PE, qty:-1, transaction type:SELL, placed price:17080, id:12.
root - INFO - 2023-01-18 16:34:51.259636 - 1259.5887184143066
root - INFO - 2023-01-18 16:34:51.309760 - 1244.5380687713623
root - INFO - 2023-01-18 16:34:51.418684 - 4.909992218017578
root - INFO - 2023-01-18 16:34:51.426164 - 1303.1659126281738
root - INFO - 2023-01-18 16:34:51.601890 - 1352.5710105895996
root - INFO - 2023-01-18 16:34:51.658443 - 4.208803176879883
root - INFO - 2023-01-18 16:34:51.667971 - 1353.9800643920898
root - INFO - 2023-01-18 16:34:51.721782 - 7.843017578125
root - INFO - 2023-01-18 16:34:51.776578 - Placed Zerodha Kite options order for:ecCsimDH, instrument:NIFTY23JAN17900PE, qty:1, transaction type:BUY, placed price:17039, id:8.
root - INFO - 2023-01-18 16:34:51.788131 - 1288.7229919433594
root - INFO - 2023-01-18 16:34:51.840966 - 5.380153656005859
root - INFO - 2023-01-18 16:34:51.847303 - 1226.9492149353027
root - INFO - 2023-01-18 16:34:51.909938 - 6.78706169128418
root - INFO - 2023-01-18 16:34:51.920699 - 1179.213047027588
root - INFO - 2023-01-18 16:34:51.964647 - Placed Zerodha Kite options order for:IFLrFXJl, instrument:NIFTY23JAN17900PE, qty:1, transaction type:BUY, placed price:17759, id:2.
root - INFO - 2023-01-18 16:34:52.028424 - 3.80706787109375
root - INFO - 2023-01-18 16:34:52.087539 - Placed Zerodha Kite options order for:RVJWXyZg, instrument:NIFTY23JAN17900PE, qty:1, transaction type:BUY, placed price:17710, id:10.
root - INFO - 2023-01-18 16:34:52.212639 - 5.438089370727539
root - INFO - 2023-01-18 16:34:52.267598 - Placed Zerodha Kite options order for:VMpiueuA, instrument:NIFTY23JAN17900PE, qty:1, transaction type:BUY, placed price:17682, id:1.
root - INFO - 2023-01-18 16:34:52.334383 - 4.046201705932617
root - INFO - 2023-01-18 16:34:52.389788 - Placed Zerodha Kite options order for:uRSwdIpo, instrument:NIFTY23JAN17900PE, qty:1, transaction type:BUY, placed price:17661, id:4.
root - INFO - 2023-01-18 16:34:52.456051 - 1041.2509441375732
root - INFO - 2023-01-18 16:34:52.457090 - 6.563901901245117
root - INFO - 2023-01-18 16:34:52.575278 - Placed Zerodha Kite options order for:KsCsvenc, instrument:NIFTY23JAN17900PE, qty:1, transaction type:BUY, placed price:17705, id:14.
root - INFO - 2023-01-18 16:34:52.701197 - Placed Zerodha Kite options order for:SatEiawA, instrument:NIFTY23JAN17900PE, qty:1, transaction type:BUY, placed price:17109, id:2.
root - INFO - 2023-01-18 16:34:52.819678 - Placed Zerodha Kite options order for:cAHaQDSM, instrument:NIFTY23JAN17900PE, qty:1, transaction type:BUY, placed price:17212, id:12.
root - INFO - 2023-01-18 16:34:52.827531 - 1172.8909015655518
root - INFO - 2023-01-18 16:34:52.947496 - 6.569147109985352
root - INFO - 2023-01-18 16:34:52.950789 - 1236.8531227111816
root - INFO - 2023-01-18 16:34:52.999082 - Placed Zerodha Kite options order for:hEgwdvNA, instrument:NIFTY23JAN17900PE, qty:1, transaction type:BUY, placed price:17881, id:7.
root - INFO - 2023-01-18 16:34:53.077178 - 1240.5109405517578
root - INFO - 2023-01-18 16:34:53.200552 - 1297.5549697875977
root - INFO - 2023-01-18 16:34:53.249041 - 4.556179046630859
root - INFO - 2023-01-18 16:34:53.305785 - Placed Zerodha Kite options order for:ecCsimDH, instrument:NIFTY23JAN18100PE, qty:1, transaction type:BUY, placed price:17718, id:9.
root - INFO - 2023-01-18 16:34:53.369450 - 4.8389434814453125
root - INFO - 2023-01-18 16:34:53.385037 - 1359.1268062591553
root - INFO - 2023-01-18 16:34:53.435266 - 1228.9280891418457
root - INFO - 2023-01-18 16:34:53.493298 - 5.460977554321289
root - INFO - 2023-01-18 16:34:53.500261 - 1169.713020324707
root - INFO - 2023-01-18 16:34:53.553623 - 3.322124481201172
root - INFO - 2023-01-18 16:34:53.609389 - Placed Zerodha Kite options order for:IFLrFXJl, instrument:NIFTY23JAN18100PE, qty:1, transaction type:BUY, placed price:17546, id:3.
root - INFO - 2023-01-18 16:34:53.734613 - Placed Zerodha Kite options order for:RVJWXyZg, instrument:NIFTY23JAN18100PE, qty:1, transaction type:BUY, placed price:17584, id:1.
root - INFO - 2023-01-18 16:34:53.757155 - 1305.413007736206
root - INFO - 2023-01-18 16:34:53.797769 - 1.5149116516113281
root - INFO - 2023-01-18 16:34:53.863665 - 5.537986755371094
root - INFO - 2023-01-18 16:34:53.920018 - Placed Zerodha Kite options order for:VMpiueuA, instrument:NIFTY23JAN18100PE, qty:1, transaction type:BUY, placed price:17530, id:18.
root - INFO - 2023-01-18 16:34:53.988091 - 5.145072937011719
root - INFO - 2023-01-18 16:34:53.994853 - 1054.2590618133545
root - INFO - 2023-01-18 16:34:54.041219 - Placed Zerodha Kite options order for:uRSwdIpo, instrument:NIFTY23JAN18100PE, qty:1, transaction type:BUY, placed price:17172, id:18.
root - INFO - 2023-01-18 16:34:54.234698 - 3.9319992065429688
root - INFO - 2023-01-18 16:34:54.288487 - Placed Zerodha Kite options order for:KsCsvenc, instrument:NIFTY23JAN18100PE, qty:1, transaction type:BUY, placed price:17718, id:12.
root - INFO - 2023-01-18 16:34:54.345790 - Placed Zerodha Kite options order for:SatEiawA, instrument:NIFTY23JAN18100PE, qty:1, transaction type:BUY, placed price:17464, id:13.
root - INFO - 2023-01-18 16:34:54.418814 - 1173.8381385803223
root - INFO - 2023-01-18 16:34:54.469410 - Placed Zerodha Kite options order for:cAHaQDSM, instrument:NIFTY23JAN18100PE, qty:1, transaction type:BUY, placed price:17602, id:4.
root - INFO - 2023-01-18 16:34:54.477924 - 1113.2328510284424
root - INFO - 2023-01-18 16:34:54.649899 - Placed Zerodha Kite options order for:hEgwdvNA, instrument:NIFTY23JAN18100PE, qty:1, transaction type:BUY, placed price:17771, id:12.
root - INFO - 2023-01-18 16:34:54.726426 - 1239.365816116333
root - INFO - 2023-01-18 16:34:54.905431 - 1352.9517650604248
root - INFO - 2023-01-18 16:34:55.035005 - 1237.9329204559326
root - INFO - 2023-01-18 16:34:55.114565 - 1256.349802017212
root - INFO - 2023-01-18 16:34:55.214996 - 1233.2983016967773
root - INFO - 2023-01-18 16:34:55.335072 - 1104.1779518127441
root - CRITICAL - CRITICAL ERROR:2023-01-18 16:35:19.979144 - Failed to initialise Log server/ADS.
['Traceback (most recent call last):', '  File "Main.py", line 30, in __init__', '    self.start()', '  File "Main.py", line 38, in start', '    self.main_loop()', '  File "Main.py", line 78, in main_loop', '    sleep(1)', 'KeyboardInterrupt']
