root - INFO - 2023-05-09 12:09:16.783505 - Finvant Alcubierre Mk1 OMS Backend turned on.
root - INFO - 2023-05-09 12:09:16.915995 - OMS Backend mainloop started.
root - INFO - 2023-05-09 12:09:17.103140 - User data obtained.
root - INFO - 2023-05-09 12:09:17.271412 - Spreads obtained.
root - INFO - 2023-05-09 12:09:17.402768 - Config file obtained.
root - INFO - 2023-05-09 12:09:17.534478 - OMSB: Logging in for backend kite ticker.
root - INFO - 2023-05-09 12:09:24.559444 - OMSB: Login succesful for backend kite ticker.
root - INFO - 2023-05-09 12:09:24.703804 - Initialising LTP gather thread.
root - INFO - 2023-05-09 12:09:25.118074 - OMSB: Zerodha login for WG5235.
kiteconnect.ticker - ERROR - Connection error: 1006 - connection was closed uncleanly (None)
kiteconnect.ticker - ERROR - Connection closed: 1006 - connection was closed uncleanly (None)
root - CRITICAL - CRITICAL ERROR:2023-05-09 12:09:37.311106 - OMSB: Failed auto login to kite for user:WG5235.
['Traceback (most recent call last):', '  File "/Users/vishaljha/Desktop/FINVANT/Alcubierre_Mk1_OMS/Backend/Scripts/AutoLoginZerodha.py", line 119, in auto_login_zerodha', '    data = kite.generate_session(key, api_secret=api_secret)', '  File "/Users/vishaljha/anaconda3/lib/python3.8/site-packages/kiteconnect/connect.py", line 255, in generate_session', '    h = hashlib.sha256(self.api_key.encode("utf-8") + request_token.encode("utf-8") + api_secret.encode("utf-8"))', "AttributeError: 'int' object has no attribute 'encode'"]
root - INFO - 2023-05-09 12:09:37.467124 - Order handler initialised.
root - INFO - 2023-05-09 12:09:37.622524 - Creating order handler sub threads.
root - INFO - 2023-05-09 12:09:37.622875 - Starting order handler sub threads.
kiteconnect.ticker - ERROR - Connection error: 1006 - connection was closed uncleanly (None)
kiteconnect.ticker - ERROR - Connection closed: 1006 - connection was closed uncleanly (None)
kiteconnect.ticker - ERROR - Connection error: 1006 - connection was closed uncleanly (None)
kiteconnect.ticker - ERROR - Connection closed: 1006 - connection was closed uncleanly (None)
kiteconnect.ticker - ERROR - Connection error: 1006 - connection was closed uncleanly (None)
kiteconnect.ticker - ERROR - Connection closed: 1006 - connection was closed uncleanly (None)
kiteconnect.ticker - ERROR - Connection error: 1006 - connection was closed uncleanly (None)
kiteconnect.ticker - ERROR - Connection closed: 1006 - connection was closed uncleanly (None)
kiteconnect.ticker - ERROR - Connection error: 1006 - connection was closed uncleanly (None)
kiteconnect.ticker - ERROR - Connection closed: 1006 - connection was closed uncleanly (None)
kiteconnect.ticker - ERROR - Connection error: 1006 - connection was closed uncleanly (None)
kiteconnect.ticker - ERROR - Connection closed: 1006 - connection was closed uncleanly (None)
kiteconnect.ticker - ERROR - Connection error: 1006 - connection was closed uncleanly (None)
kiteconnect.ticker - ERROR - Connection closed: 1006 - connection was closed uncleanly (None)
kiteconnect.ticker - ERROR - Connection error: 1006 - connection was closed uncleanly (None)
kiteconnect.ticker - ERROR - Connection closed: 1006 - connection was closed uncleanly (None)
kiteconnect.ticker - ERROR - Connection error: 1006 - connection was closed uncleanly (None)
kiteconnect.ticker - ERROR - Connection closed: 1006 - connection was closed uncleanly (None)
kiteconnect.ticker - ERROR - Connection error: 1006 - connection was closed uncleanly (None)
kiteconnect.ticker - ERROR - Connection closed: 1006 - connection was closed uncleanly (None)
kiteconnect.ticker - ERROR - Connection error: 1006 - connection was closed uncleanly (None)
kiteconnect.ticker - ERROR - Connection closed: 1006 - connection was closed uncleanly (None)
kiteconnect.ticker - ERROR - Connection error: 1006 - connection was closed uncleanly (None)
kiteconnect.ticker - ERROR - Connection closed: 1006 - connection was closed uncleanly (None)
kiteconnect.ticker - ERROR - Connection error: 1006 - connection was closed uncleanly (None)
kiteconnect.ticker - ERROR - Connection closed: 1006 - connection was closed uncleanly (None)
kiteconnect.ticker - ERROR - Connection error: 1006 - connection was closed uncleanly (None)
kiteconnect.ticker - ERROR - Connection closed: 1006 - connection was closed uncleanly (None)
kiteconnect.ticker - ERROR - Connection error: 1006 - connection was closed uncleanly (None)
kiteconnect.ticker - ERROR - Connection closed: 1006 - connection was closed uncleanly (None)
root - INFO - 2023-05-09 12:12:22.727813 - Finvant Alcubierre Mk1 OMS Backend turned on.
root - INFO - 2023-05-09 12:12:22.883173 - OMS Backend mainloop started.
root - INFO - 2023-05-09 12:12:23.062743 - User data obtained.
root - INFO - 2023-05-09 12:12:24.239578 - Spreads obtained.
root - INFO - 2023-05-09 12:12:24.373548 - Config file obtained.
root - INFO - 2023-05-09 12:12:24.518358 - OMSB: Logging in for backend kite ticker.
root - INFO - 2023-05-09 12:12:32.586120 - OMSB: Login succesful for backend kite ticker.
root - INFO - 2023-05-09 12:12:32.714946 - Initialising LTP gather thread.
root - INFO - 2023-05-09 12:12:33.102684 - OMSB: Zerodha login for WG5235.
kiteconnect.ticker - ERROR - Connection error: 1006 - connection was closed uncleanly (None)
kiteconnect.ticker - ERROR - Connection closed: 1006 - connection was closed uncleanly (None)
root - CRITICAL - CRITICAL ERROR:2023-05-09 12:12:45.900722 - OMSB: Failed auto login to kite for user:WG5235.
['Traceback (most recent call last):', '  File "/Users/vishaljha/Desktop/FINVANT/Alcubierre_Mk1_OMS/Backend/Scripts/AutoLoginZerodha.py", line 119, in auto_login_zerodha', '    data = kite.generate_session(key, api_secret=api_secret)', '  File "/Users/vishaljha/anaconda3/lib/python3.8/site-packages/kiteconnect/connect.py", line 255, in generate_session', '    h = hashlib.sha256(self.api_key.encode("utf-8") + request_token.encode("utf-8") + api_secret.encode("utf-8"))', "AttributeError: 'int' object has no attribute 'encode'"]
root - INFO - 2023-05-09 12:12:46.041135 - Order handler initialised.
root - INFO - 2023-05-09 12:12:46.183861 - Creating order handler sub threads.
root - INFO - 2023-05-09 12:12:46.183986 - Starting order handler sub threads.
