root - INFO - 2023-05-05 11:11:36.495712 - Starting NTDS
numexpr.utils - INFO - Note: NumExpr detected 12 cores but "NUMEXPR_MAX_THREADS" not set, so enforcing safe limit of 8.
numexpr.utils - INFO - NumExpr defaulting to 8 threads.
root - INFO - 2023-05-05 11:14:04.479465 - Starting NTDS
numexpr.utils - INFO - Note: NumExpr detected 12 cores but "NUMEXPR_MAX_THREADS" not set, so enforcing safe limit of 8.
numexpr.utils - INFO - NumExpr defaulting to 8 threads.
root - INFO - 2023-05-05 11:19:28.827199 - Starting NTDS
numexpr.utils - INFO - Note: NumExpr detected 12 cores but "NUMEXPR_MAX_THREADS" not set, so enforcing safe limit of 8.
numexpr.utils - INFO - NumExpr defaulting to 8 threads.
root - INFO - 2023-05-05 11:23:11.961278 - Starting NTDS
numexpr.utils - INFO - Note: NumExpr detected 12 cores but "NUMEXPR_MAX_THREADS" not set, so enforcing safe limit of 8.
numexpr.utils - INFO - NumExpr defaulting to 8 threads.
root - INFO - 2023-05-05 11:28:34.575917 - Starting NTDS
numexpr.utils - INFO - Note: NumExpr detected 12 cores but "NUMEXPR_MAX_THREADS" not set, so enforcing safe limit of 8.
numexpr.utils - INFO - NumExpr defaulting to 8 threads.
root - INFO - 2023-05-05 11:32:30.045963 - Starting NTDS
numexpr.utils - INFO - Note: NumExpr detected 12 cores but "NUMEXPR_MAX_THREADS" not set, so enforcing safe limit of 8.
numexpr.utils - INFO - NumExpr defaulting to 8 threads.
kiteconnect.ticker - ERROR - Connection error: 1006 - connection was closed uncleanly (None)
kiteconnect.ticker - ERROR - Connection closed: 1006 - connection was closed uncleanly (None)
root - INFO - 2023-05-05 12:04:53.010803 - Starting NTDS
numexpr.utils - INFO - Note: NumExpr detected 12 cores but "NUMEXPR_MAX_THREADS" not set, so enforcing safe limit of 8.
numexpr.utils - INFO - NumExpr defaulting to 8 threads.
root - INFO - 2023-05-05 12:06:14.796148 - Starting NTDS
numexpr.utils - INFO - Note: NumExpr detected 12 cores but "NUMEXPR_MAX_THREADS" not set, so enforcing safe limit of 8.
numexpr.utils - INFO - NumExpr defaulting to 8 threads.
kiteconnect.ticker - ERROR - Connection error: 1006 - connection was closed uncleanly (None)
kiteconnect.ticker - ERROR - Connection closed: 1006 - connection was closed uncleanly (None)
kiteconnect.ticker - ERROR - Connection error: 1006 - connection was closed uncleanly (None)
kiteconnect.ticker - ERROR - Connection closed: 1006 - connection was closed uncleanly (None)
kiteconnect.ticker - ERROR - Connection error: 1006 - connection was closed uncleanly (None)
kiteconnect.ticker - ERROR - Connection closed: 1006 - connection was closed uncleanly (None)
kiteconnect.ticker - ERROR - Connection error: 1006 - connection was closed uncleanly (None)
kiteconnect.ticker - ERROR - Connection closed: 1006 - connection was closed uncleanly (None)
root - INFO - 2023-05-05 13:53:29.474160 - Starting NTDS
numexpr.utils - INFO - Note: NumExpr detected 12 cores but "NUMEXPR_MAX_THREADS" not set, so enforcing safe limit of 8.
numexpr.utils - INFO - NumExpr defaulting to 8 threads.
root - INFO - 2023-05-05 13:56:40.355408 - Starting NTDS
numexpr.utils - INFO - Note: NumExpr detected 12 cores but "NUMEXPR_MAX_THREADS" not set, so enforcing safe limit of 8.
numexpr.utils - INFO - NumExpr defaulting to 8 threads.
kiteconnect.ticker - ERROR - Connection error: 1006 - connection was closed uncleanly (None)
kiteconnect.ticker - ERROR - Connection closed: 1006 - connection was closed uncleanly (None)
kiteconnect.ticker - ERROR - Connection error: 1006 - connection was closed uncleanly (None)
kiteconnect.ticker - ERROR - Connection closed: 1006 - connection was closed uncleanly (None)
kiteconnect.ticker - ERROR - Connection error: 1006 - connection was closed uncleanly (None)
kiteconnect.ticker - ERROR - Connection closed: 1006 - connection was closed uncleanly (None)
kiteconnect.ticker - ERROR - Connection error: 1006 - connection was closed uncleanly (None)
kiteconnect.ticker - ERROR - Connection closed: 1006 - connection was closed uncleanly (None)
kiteconnect.ticker - ERROR - Connection error: 1006 - connection was closed uncleanly (None)
kiteconnect.ticker - ERROR - Connection closed: 1006 - connection was closed uncleanly (None)
kiteconnect.ticker - ERROR - Connection error: 1006 - connection was closed uncleanly (None)
kiteconnect.ticker - ERROR - Connection closed: 1006 - connection was closed uncleanly (None)
kiteconnect.ticker - ERROR - Connection error: 1006 - connection was closed uncleanly (None)
kiteconnect.ticker - ERROR - Connection closed: 1006 - connection was closed uncleanly (None)
kiteconnect.ticker - ERROR - Connection error: 1006 - connection was closed uncleanly (None)
kiteconnect.ticker - ERROR - Connection closed: 1006 - connection was closed uncleanly (None)
kiteconnect.ticker - ERROR - Connection error: 1006 - connection was closed uncleanly (None)
kiteconnect.ticker - ERROR - Connection closed: 1006 - connection was closed uncleanly (None)
kiteconnect.ticker - ERROR - Connection error: 1006 - connection was closed uncleanly (None)
kiteconnect.ticker - ERROR - Connection closed: 1006 - connection was closed uncleanly (None)
kiteconnect.ticker - ERROR - Connection error: 1006 - connection was closed uncleanly (None)
kiteconnect.ticker - ERROR - Connection closed: 1006 - connection was closed uncleanly (None)
kiteconnect.ticker - ERROR - Connection error: 1006 - connection was closed uncleanly (None)
kiteconnect.ticker - ERROR - Connection closed: 1006 - connection was closed uncleanly (None)
kiteconnect.ticker - ERROR - Connection error: 1006 - connection was closed uncleanly (None)
kiteconnect.ticker - ERROR - Connection closed: 1006 - connection was closed uncleanly (None)
kiteconnect.ticker - ERROR - Connection error: 1006 - connection was closed uncleanly (WebSocket connection upgrade failed (403 - Forbidden))
kiteconnect.ticker - ERROR - Connection closed: 1006 - connection was closed uncleanly (WebSocket connection upgrade failed (403 - Forbidden))
kiteconnect.ticker - ERROR - Connection error: 1006 - connection was closed uncleanly (WebSocket connection upgrade failed (403 - Forbidden))
kiteconnect.ticker - ERROR - Connection closed: 1006 - connection was closed uncleanly (WebSocket connection upgrade failed (403 - Forbidden))
kiteconnect.ticker - ERROR - Connection error: 1006 - connection was closed uncleanly (WebSocket connection upgrade failed (403 - Forbidden))
kiteconnect.ticker - ERROR - Connection closed: 1006 - connection was closed uncleanly (WebSocket connection upgrade failed (403 - Forbidden))
kiteconnect.ticker - ERROR - Connection error: 1006 - connection was closed uncleanly (WebSocket connection upgrade failed (403 - Forbidden))
kiteconnect.ticker - ERROR - Connection closed: 1006 - connection was closed uncleanly (WebSocket connection upgrade failed (403 - Forbidden))
kiteconnect.ticker - ERROR - Retrying connection. Retry attempt count: 5. Next retry in around: 70 seconds
kiteconnect.ticker - ERROR - Connection error: 1006 - connection was closed uncleanly (WebSocket connection upgrade failed (403 - Forbidden))
kiteconnect.ticker - ERROR - Connection closed: 1006 - connection was closed uncleanly (WebSocket connection upgrade failed (403 - Forbidden))
kiteconnect.ticker - ERROR - Retrying connection. Retry attempt count: 7. Next retry in around: 76 seconds
kiteconnect.ticker - ERROR - Connection error: 1006 - connection was closed uncleanly (WebSocket connection upgrade failed (403 - Forbidden))
kiteconnect.ticker - ERROR - Connection closed: 1006 - connection was closed uncleanly (WebSocket connection upgrade failed (403 - Forbidden))
kiteconnect.ticker - ERROR - Connection error: 1006 - connection was closed uncleanly (WebSocket connection upgrade failed (403 - Forbidden))
kiteconnect.ticker - ERROR - Connection closed: 1006 - connection was closed uncleanly (WebSocket connection upgrade failed (403 - Forbidden))
kiteconnect.ticker - ERROR - Connection error: 1006 - connection was closed uncleanly (WebSocket connection upgrade failed (403 - Forbidden))
kiteconnect.ticker - ERROR - Connection closed: 1006 - connection was closed uncleanly (WebSocket connection upgrade failed (403 - Forbidden))
kiteconnect.ticker - ERROR - Connection error: 1006 - connection was closed uncleanly (WebSocket connection upgrade failed (403 - Forbidden))
kiteconnect.ticker - ERROR - Connection closed: 1006 - connection was closed uncleanly (WebSocket connection upgrade failed (403 - Forbidden))
kiteconnect.ticker - ERROR - Connection error: 1006 - connection was closed uncleanly (WebSocket connection upgrade failed (403 - Forbidden))
kiteconnect.ticker - ERROR - Connection closed: 1006 - connection was closed uncleanly (WebSocket connection upgrade failed (403 - Forbidden))
kiteconnect.ticker - ERROR - Connection error: 1006 - connection was closed uncleanly (WebSocket connection upgrade failed (403 - Forbidden))
kiteconnect.ticker - ERROR - Connection closed: 1006 - connection was closed uncleanly (WebSocket connection upgrade failed (403 - Forbidden))
kiteconnect.ticker - ERROR - Connection error: 1006 - connection was closed uncleanly (WebSocket connection upgrade failed (403 - Forbidden))
kiteconnect.ticker - ERROR - Connection closed: 1006 - connection was closed uncleanly (WebSocket connection upgrade failed (403 - Forbidden))
kiteconnect.ticker - ERROR - Connection error: 1006 - connection was closed uncleanly (WebSocket connection upgrade failed (403 - Forbidden))
kiteconnect.ticker - ERROR - Connection closed: 1006 - connection was closed uncleanly (WebSocket connection upgrade failed (403 - Forbidden))
kiteconnect.ticker - ERROR - Connection error: 1006 - connection was closed uncleanly (WebSocket connection upgrade failed (403 - Forbidden))
kiteconnect.ticker - ERROR - Connection closed: 1006 - connection was closed uncleanly (WebSocket connection upgrade failed (403 - Forbidden))
kiteconnect.ticker - ERROR - Connection error: 1006 - connection was closed uncleanly (WebSocket connection upgrade failed (403 - Forbidden))
kiteconnect.ticker - ERROR - Connection closed: 1006 - connection was closed uncleanly (WebSocket connection upgrade failed (403 - Forbidden))
kiteconnect.ticker - ERROR - Connection error: 1006 - connection was closed uncleanly (WebSocket connection upgrade failed (403 - Forbidden))
kiteconnect.ticker - ERROR - Connection closed: 1006 - connection was closed uncleanly (WebSocket connection upgrade failed (403 - Forbidden))
kiteconnect.ticker - ERROR - Connection error: 1006 - connection was closed uncleanly (WebSocket connection upgrade failed (403 - Forbidden))
kiteconnect.ticker - ERROR - Connection closed: 1006 - connection was closed uncleanly (WebSocket connection upgrade failed (403 - Forbidden))
kiteconnect.ticker - ERROR - Connection error: 1006 - connection was closed uncleanly (WebSocket connection upgrade failed (403 - Forbidden))
kiteconnect.ticker - ERROR - Connection closed: 1006 - connection was closed uncleanly (WebSocket connection upgrade failed (403 - Forbidden))
kiteconnect.ticker - ERROR - Connection error: 1006 - connection was closed uncleanly (WebSocket connection upgrade failed (403 - Forbidden))
kiteconnect.ticker - ERROR - Connection closed: 1006 - connection was closed uncleanly (WebSocket connection upgrade failed (403 - Forbidden))
kiteconnect.ticker - ERROR - Connection error: 1006 - connection was closed uncleanly (WebSocket connection upgrade failed (403 - Forbidden))
kiteconnect.ticker - ERROR - Connection closed: 1006 - connection was closed uncleanly (WebSocket connection upgrade failed (403 - Forbidden))
kiteconnect.ticker - ERROR - Connection error: 1006 - connection was closed uncleanly (WebSocket connection upgrade failed (403 - Forbidden))
kiteconnect.ticker - ERROR - Connection closed: 1006 - connection was closed uncleanly (WebSocket connection upgrade failed (403 - Forbidden))
kiteconnect.ticker - ERROR - Connection error: 1006 - connection was closed uncleanly (WebSocket connection upgrade failed (403 - Forbidden))
kiteconnect.ticker - ERROR - Connection closed: 1006 - connection was closed uncleanly (WebSocket connection upgrade failed (403 - Forbidden))
kiteconnect.ticker - ERROR - Connection error: 1006 - connection was closed uncleanly (WebSocket connection upgrade failed (403 - Forbidden))
kiteconnect.ticker - ERROR - Connection closed: 1006 - connection was closed uncleanly (WebSocket connection upgrade failed (403 - Forbidden))
kiteconnect.ticker - ERROR - Connection error: 1006 - connection was closed uncleanly (WebSocket connection upgrade failed (403 - Forbidden))
kiteconnect.ticker - ERROR - Connection closed: 1006 - connection was closed uncleanly (WebSocket connection upgrade failed (403 - Forbidden))
kiteconnect.ticker - ERROR - Retrying connection. Retry attempt count: 27. Next retry in around: 65 seconds
kiteconnect.ticker - ERROR - Retrying connection. Retry attempt count: 28. Next retry in around: 62 seconds
kiteconnect.ticker - ERROR - Retrying connection. Retry attempt count: 29. Next retry in around: 65 seconds
kiteconnect.ticker - ERROR - Retrying connection. Retry attempt count: 30. Next retry in around: 60 seconds
kiteconnect.ticker - ERROR - Retrying connection. Retry attempt count: 31. Next retry in around: 52 seconds
kiteconnect.ticker - ERROR - Retrying connection. Retry attempt count: 32. Next retry in around: 51 seconds
kiteconnect.ticker - ERROR - Connection error: 1006 - connection was closed uncleanly (WebSocket connection upgrade failed (403 - Forbidden))
kiteconnect.ticker - ERROR - Connection closed: 1006 - connection was closed uncleanly (WebSocket connection upgrade failed (403 - Forbidden))
kiteconnect.ticker - ERROR - Connection error: 1006 - connection was closed uncleanly (WebSocket connection upgrade failed (403 - Forbidden))
kiteconnect.ticker - ERROR - Connection closed: 1006 - connection was closed uncleanly (WebSocket connection upgrade failed (403 - Forbidden))
kiteconnect.ticker - ERROR - Connection error: 1006 - connection was closed uncleanly (WebSocket connection upgrade failed (403 - Forbidden))
kiteconnect.ticker - ERROR - Connection closed: 1006 - connection was closed uncleanly (WebSocket connection upgrade failed (403 - Forbidden))
kiteconnect.ticker - ERROR - Connection error: 1006 - connection was closed uncleanly (WebSocket connection upgrade failed (403 - Forbidden))
kiteconnect.ticker - ERROR - Connection closed: 1006 - connection was closed uncleanly (WebSocket connection upgrade failed (403 - Forbidden))
kiteconnect.ticker - ERROR - Connection error: 1006 - connection was closed uncleanly (WebSocket connection upgrade failed (403 - Forbidden))
kiteconnect.ticker - ERROR - Connection closed: 1006 - connection was closed uncleanly (WebSocket connection upgrade failed (403 - Forbidden))
kiteconnect.ticker - ERROR - Connection error: 1006 - connection was closed uncleanly (WebSocket connection upgrade failed (403 - Forbidden))
kiteconnect.ticker - ERROR - Connection closed: 1006 - connection was closed uncleanly (WebSocket connection upgrade failed (403 - Forbidden))
kiteconnect.ticker - ERROR - Connection error: 1006 - connection was closed uncleanly (WebSocket connection upgrade failed (403 - Forbidden))
kiteconnect.ticker - ERROR - Connection closed: 1006 - connection was closed uncleanly (WebSocket connection upgrade failed (403 - Forbidden))
kiteconnect.ticker - ERROR - Connection error: 1006 - connection was closed uncleanly (WebSocket connection upgrade failed (403 - Forbidden))
kiteconnect.ticker - ERROR - Connection closed: 1006 - connection was closed uncleanly (WebSocket connection upgrade failed (403 - Forbidden))
kiteconnect.ticker - ERROR - Connection error: 1006 - connection was closed uncleanly (WebSocket connection upgrade failed (403 - Forbidden))
kiteconnect.ticker - ERROR - Connection closed: 1006 - connection was closed uncleanly (WebSocket connection upgrade failed (403 - Forbidden))
kiteconnect.ticker - ERROR - Connection error: 1006 - connection was closed uncleanly (WebSocket connection upgrade failed (403 - Forbidden))
kiteconnect.ticker - ERROR - Connection closed: 1006 - connection was closed uncleanly (WebSocket connection upgrade failed (403 - Forbidden))
kiteconnect.ticker - ERROR - Connection error: 1006 - connection was closed uncleanly (WebSocket connection upgrade failed (403 - Forbidden))
kiteconnect.ticker - ERROR - Connection closed: 1006 - connection was closed uncleanly (WebSocket connection upgrade failed (403 - Forbidden))
kiteconnect.ticker - ERROR - Connection error: 1006 - connection was closed uncleanly (WebSocket connection upgrade failed (403 - Forbidden))
kiteconnect.ticker - ERROR - Connection closed: 1006 - connection was closed uncleanly (WebSocket connection upgrade failed (403 - Forbidden))
kiteconnect.ticker - ERROR - Connection error: 1006 - connection was closed uncleanly (WebSocket connection upgrade failed (403 - Forbidden))
kiteconnect.ticker - ERROR - Connection closed: 1006 - connection was closed uncleanly (WebSocket connection upgrade failed (403 - Forbidden))
kiteconnect.ticker - ERROR - Connection error: 1006 - connection was closed uncleanly (WebSocket connection upgrade failed (403 - Forbidden))
kiteconnect.ticker - ERROR - Connection closed: 1006 - connection was closed uncleanly (WebSocket connection upgrade failed (403 - Forbidden))
kiteconnect.ticker - ERROR - Connection error: 1006 - connection was closed uncleanly (WebSocket connection upgrade failed (403 - Forbidden))
kiteconnect.ticker - ERROR - Connection closed: 1006 - connection was closed uncleanly (WebSocket connection upgrade failed (403 - Forbidden))
kiteconnect.ticker - ERROR - Connection error: 1006 - connection was closed uncleanly (WebSocket connection upgrade failed (403 - Forbidden))
kiteconnect.ticker - ERROR - Connection closed: 1006 - connection was closed uncleanly (WebSocket connection upgrade failed (403 - Forbidden))
kiteconnect.ticker - ERROR - Connection error: 1006 - connection was closed uncleanly (WebSocket connection upgrade failed (403 - Forbidden))
kiteconnect.ticker - ERROR - Connection closed: 1006 - connection was closed uncleanly (WebSocket connection upgrade failed (403 - Forbidden))
kiteconnect.ticker - ERROR - Connection error: 1006 - connection was closed uncleanly (WebSocket connection upgrade failed (403 - Forbidden))
kiteconnect.ticker - ERROR - Connection closed: 1006 - connection was closed uncleanly (WebSocket connection upgrade failed (403 - Forbidden))
