root - INFO - 2023-06-13 09:10:04.305978 - Starting NTDS
kiteconnect.ticker - ERROR - Connection error: 1006 - connection was closed uncleanly (peer dropped the TCP connection without previous WebSocket closing handshake)
kiteconnect.ticker - ERROR - Connection closed: 1006 - connection was closed uncleanly (peer dropped the TCP connection without previous WebSocket closing handshake)
kiteconnect.ticker - ERROR - Connection error: 1006 - connection was closed uncleanly (WebSocket connection upgrade failed (403 - Forbidden))
kiteconnect.ticker - ERROR - Connection closed: 1006 - connection was closed uncleanly (WebSocket connection upgrade failed (403 - Forbidden))
kiteconnect.ticker - ERROR - Connection error: 1006 - connection was closed uncleanly (WebSocket connection upgrade failed (403 - Forbidden))
kiteconnect.ticker - ERROR - Connection closed: 1006 - connection was closed uncleanly (WebSocket connection upgrade failed (403 - Forbidden))
kiteconnect.ticker - ERROR - Connection error: 1006 - connection was closed uncleanly (WebSocket connection upgrade failed (403 - Forbidden))
kiteconnect.ticker - ERROR - Connection closed: 1006 - connection was closed uncleanly (WebSocket connection upgrade failed (403 - Forbidden))
kiteconnect.ticker - ERROR - Connection error: 1006 - connection was closed uncleanly (WebSocket connection upgrade failed (403 - Forbidden))
kiteconnect.ticker - ERROR - Connection closed: 1006 - connection was closed uncleanly (WebSocket connection upgrade failed (403 - Forbidden))
kiteconnect.ticker - ERROR - Connection error: 1006 - connection was closed uncleanly (WebSocket connection upgrade failed (403 - Forbidden))
kiteconnect.ticker - ERROR - Connection closed: 1006 - connection was closed uncleanly (WebSocket connection upgrade failed (403 - Forbidden))
kiteconnect.ticker - ERROR - Connection error: 1006 - connection was closed uncleanly (WebSocket connection upgrade failed (403 - Forbidden))
kiteconnect.ticker - ERROR - Connection closed: 1006 - connection was closed uncleanly (WebSocket connection upgrade failed (403 - Forbidden))
kiteconnect.ticker - ERROR - Connection error: 1006 - connection was closed uncleanly (WebSocket connection upgrade failed (403 - Forbidden))
kiteconnect.ticker - ERROR - Connection closed: 1006 - connection was closed uncleanly (WebSocket connection upgrade failed (403 - Forbidden))
kiteconnect.ticker - ERROR - Connection error: 1006 - connection was closed uncleanly (WebSocket connection upgrade failed (403 - Forbidden))
kiteconnect.ticker - ERROR - Connection closed: 1006 - connection was closed uncleanly (WebSocket connection upgrade failed (403 - Forbidden))
kiteconnect.ticker - ERROR - Connection error: 1006 - connection was closed uncleanly (WebSocket connection upgrade failed (403 - Forbidden))
kiteconnect.ticker - ERROR - Connection closed: 1006 - connection was closed uncleanly (WebSocket connection upgrade failed (403 - Forbidden))
kiteconnect.ticker - ERROR - Connection error: 1006 - connection was closed uncleanly (WebSocket connection upgrade failed (403 - Forbidden))
kiteconnect.ticker - ERROR - Connection closed: 1006 - connection was closed uncleanly (WebSocket connection upgrade failed (403 - Forbidden))
kiteconnect.ticker - ERROR - Connection error: 1006 - connection was closed uncleanly (WebSocket connection upgrade failed (403 - Forbidden))
kiteconnect.ticker - ERROR - Connection closed: 1006 - connection was closed uncleanly (WebSocket connection upgrade failed (403 - Forbidden))
kiteconnect.ticker - ERROR - Connection error: 1006 - connection was closed uncleanly (WebSocket connection upgrade failed (403 - Forbidden))
kiteconnect.ticker - ERROR - Connection closed: 1006 - connection was closed uncleanly (WebSocket connection upgrade failed (403 - Forbidden))
kiteconnect.ticker - ERROR - Connection error: 1006 - connection was closed uncleanly (WebSocket connection upgrade failed (403 - Forbidden))
kiteconnect.ticker - ERROR - Connection closed: 1006 - connection was closed uncleanly (WebSocket connection upgrade failed (403 - Forbidden))
kiteconnect.ticker - ERROR - Connection error: 1006 - connection was closed uncleanly (WebSocket connection upgrade failed (403 - Forbidden))
kiteconnect.ticker - ERROR - Connection closed: 1006 - connection was closed uncleanly (WebSocket connection upgrade failed (403 - Forbidden))
kiteconnect.ticker - ERROR - Connection error: 1006 - connection was closed uncleanly (WebSocket connection upgrade failed (403 - Forbidden))
kiteconnect.ticker - ERROR - Connection closed: 1006 - connection was closed uncleanly (WebSocket connection upgrade failed (403 - Forbidden))
kiteconnect.ticker - ERROR - Connection error: 1006 - connection was closed uncleanly (WebSocket connection upgrade failed (403 - Forbidden))
kiteconnect.ticker - ERROR - Connection closed: 1006 - connection was closed uncleanly (WebSocket connection upgrade failed (403 - Forbidden))
kiteconnect.ticker - ERROR - Connection error: 1006 - connection was closed uncleanly (WebSocket connection upgrade failed (403 - Forbidden))
kiteconnect.ticker - ERROR - Connection closed: 1006 - connection was closed uncleanly (WebSocket connection upgrade failed (403 - Forbidden))
kiteconnect.ticker - ERROR - Connection error: 1006 - connection was closed uncleanly (WebSocket connection upgrade failed (403 - Forbidden))
kiteconnect.ticker - ERROR - Connection closed: 1006 - connection was closed uncleanly (WebSocket connection upgrade failed (403 - Forbidden))
kiteconnect.ticker - ERROR - Connection error: 1006 - connection was closed uncleanly (WebSocket connection upgrade failed (403 - Forbidden))
kiteconnect.ticker - ERROR - Connection closed: 1006 - connection was closed uncleanly (WebSocket connection upgrade failed (403 - Forbidden))
kiteconnect.ticker - ERROR - Connection error: 1006 - connection was closed uncleanly (WebSocket connection upgrade failed (403 - Forbidden))
kiteconnect.ticker - ERROR - Connection closed: 1006 - connection was closed uncleanly (WebSocket connection upgrade failed (403 - Forbidden))
kiteconnect.ticker - ERROR - Connection error: 1006 - connection was closed uncleanly (WebSocket connection upgrade failed (403 - Forbidden))
kiteconnect.ticker - ERROR - Connection closed: 1006 - connection was closed uncleanly (WebSocket connection upgrade failed (403 - Forbidden))
kiteconnect.ticker - ERROR - Connection error: 1006 - connection was closed uncleanly (WebSocket connection upgrade failed (403 - Forbidden))
kiteconnect.ticker - ERROR - Connection closed: 1006 - connection was closed uncleanly (WebSocket connection upgrade failed (403 - Forbidden))
kiteconnect.ticker - ERROR - Connection error: 1006 - connection was closed uncleanly (WebSocket connection upgrade failed (403 - Forbidden))
kiteconnect.ticker - ERROR - Connection closed: 1006 - connection was closed uncleanly (WebSocket connection upgrade failed (403 - Forbidden))
kiteconnect.ticker - ERROR - Connection error: 1006 - connection was closed uncleanly (WebSocket connection upgrade failed (403 - Forbidden))
kiteconnect.ticker - ERROR - Connection closed: 1006 - connection was closed uncleanly (WebSocket connection upgrade failed (403 - Forbidden))
kiteconnect.ticker - ERROR - Connection error: 1006 - connection was closed uncleanly (WebSocket connection upgrade failed (403 - Forbidden))
kiteconnect.ticker - ERROR - Connection closed: 1006 - connection was closed uncleanly (WebSocket connection upgrade failed (403 - Forbidden))
kiteconnect.ticker - ERROR - Connection error: 1006 - connection was closed uncleanly (WebSocket connection upgrade failed (403 - Forbidden))
kiteconnect.ticker - ERROR - Connection closed: 1006 - connection was closed uncleanly (WebSocket connection upgrade failed (403 - Forbidden))
kiteconnect.ticker - ERROR - Connection error: 1006 - connection was closed uncleanly (WebSocket connection upgrade failed (403 - Forbidden))
kiteconnect.ticker - ERROR - Connection closed: 1006 - connection was closed uncleanly (WebSocket connection upgrade failed (403 - Forbidden))
kiteconnect.ticker - ERROR - Connection error: 1006 - connection was closed uncleanly (WebSocket connection upgrade failed (403 - Forbidden))
kiteconnect.ticker - ERROR - Connection closed: 1006 - connection was closed uncleanly (WebSocket connection upgrade failed (403 - Forbidden))
kiteconnect.ticker - ERROR - Connection error: 1006 - connection was closed uncleanly (WebSocket connection upgrade failed (403 - Forbidden))
kiteconnect.ticker - ERROR - Connection closed: 1006 - connection was closed uncleanly (WebSocket connection upgrade failed (403 - Forbidden))
kiteconnect.ticker - ERROR - Connection error: 1006 - connection was closed uncleanly (WebSocket connection upgrade failed (403 - Forbidden))
kiteconnect.ticker - ERROR - Connection closed: 1006 - connection was closed uncleanly (WebSocket connection upgrade failed (403 - Forbidden))
kiteconnect.ticker - ERROR - Connection error: 1006 - connection was closed uncleanly (WebSocket connection upgrade failed (403 - Forbidden))
kiteconnect.ticker - ERROR - Connection closed: 1006 - connection was closed uncleanly (WebSocket connection upgrade failed (403 - Forbidden))
kiteconnect.ticker - ERROR - Connection error: 1006 - connection was closed uncleanly (WebSocket connection upgrade failed (403 - Forbidden))
kiteconnect.ticker - ERROR - Connection closed: 1006 - connection was closed uncleanly (WebSocket connection upgrade failed (403 - Forbidden))
kiteconnect.ticker - ERROR - Connection error: 1006 - connection was closed uncleanly (WebSocket connection upgrade failed (403 - Forbidden))
kiteconnect.ticker - ERROR - Connection closed: 1006 - connection was closed uncleanly (WebSocket connection upgrade failed (403 - Forbidden))
kiteconnect.ticker - ERROR - Connection error: 1006 - connection was closed uncleanly (WebSocket connection upgrade failed (403 - Forbidden))
kiteconnect.ticker - ERROR - Connection closed: 1006 - connection was closed uncleanly (WebSocket connection upgrade failed (403 - Forbidden))
kiteconnect.ticker - ERROR - Connection error: 1006 - connection was closed uncleanly (WebSocket connection upgrade failed (403 - Forbidden))
kiteconnect.ticker - ERROR - Connection closed: 1006 - connection was closed uncleanly (WebSocket connection upgrade failed (403 - Forbidden))
kiteconnect.ticker - ERROR - Connection error: 1006 - connection was closed uncleanly (WebSocket connection upgrade failed (403 - Forbidden))
kiteconnect.ticker - ERROR - Connection closed: 1006 - connection was closed uncleanly (WebSocket connection upgrade failed (403 - Forbidden))
kiteconnect.ticker - ERROR - Connection error: 1006 - connection was closed uncleanly (WebSocket connection upgrade failed (403 - Forbidden))
kiteconnect.ticker - ERROR - Connection closed: 1006 - connection was closed uncleanly (WebSocket connection upgrade failed (403 - Forbidden))
kiteconnect.ticker - ERROR - Connection error: 1006 - connection was closed uncleanly (WebSocket connection upgrade failed (403 - Forbidden))
kiteconnect.ticker - ERROR - Connection closed: 1006 - connection was closed uncleanly (WebSocket connection upgrade failed (403 - Forbidden))
kiteconnect.ticker - ERROR - Connection error: 1006 - connection was closed uncleanly (WebSocket connection upgrade failed (403 - Forbidden))
kiteconnect.ticker - ERROR - Connection closed: 1006 - connection was closed uncleanly (WebSocket connection upgrade failed (403 - Forbidden))
kiteconnect.ticker - ERROR - Connection error: 1006 - connection was closed uncleanly (WebSocket connection upgrade failed (403 - Forbidden))
kiteconnect.ticker - ERROR - Connection closed: 1006 - connection was closed uncleanly (WebSocket connection upgrade failed (403 - Forbidden))
kiteconnect.ticker - ERROR - Connection error: 1006 - connection was closed uncleanly (WebSocket connection upgrade failed (403 - Forbidden))
kiteconnect.ticker - ERROR - Connection closed: 1006 - connection was closed uncleanly (WebSocket connection upgrade failed (403 - Forbidden))
kiteconnect.ticker - ERROR - Connection error: 1006 - connection was closed uncleanly (WebSocket connection upgrade failed (403 - Forbidden))
kiteconnect.ticker - ERROR - Connection closed: 1006 - connection was closed uncleanly (WebSocket connection upgrade failed (403 - Forbidden))
kiteconnect.ticker - ERROR - Connection error: 1006 - connection was closed uncleanly (WebSocket connection upgrade failed (403 - Forbidden))
kiteconnect.ticker - ERROR - Connection closed: 1006 - connection was closed uncleanly (WebSocket connection upgrade failed (403 - Forbidden))
kiteconnect.ticker - ERROR - Connection error: 1006 - connection was closed uncleanly (WebSocket connection upgrade failed (403 - Forbidden))
kiteconnect.ticker - ERROR - Connection closed: 1006 - connection was closed uncleanly (WebSocket connection upgrade failed (403 - Forbidden))
kiteconnect.ticker - ERROR - Connection error: 1006 - connection was closed uncleanly (WebSocket connection upgrade failed (403 - Forbidden))
kiteconnect.ticker - ERROR - Connection closed: 1006 - connection was closed uncleanly (WebSocket connection upgrade failed (403 - Forbidden))
kiteconnect.ticker - ERROR - Connection error: 1006 - connection was closed uncleanly (WebSocket connection upgrade failed (403 - Forbidden))
kiteconnect.ticker - ERROR - Connection closed: 1006 - connection was closed uncleanly (WebSocket connection upgrade failed (403 - Forbidden))
kiteconnect.ticker - ERROR - Connection error: 1006 - connection was closed uncleanly (WebSocket connection upgrade failed (403 - Forbidden))
kiteconnect.ticker - ERROR - Connection closed: 1006 - connection was closed uncleanly (WebSocket connection upgrade failed (403 - Forbidden))
kiteconnect.ticker - ERROR - Connection error: 1006 - connection was closed uncleanly (WebSocket connection upgrade failed (403 - Forbidden))
kiteconnect.ticker - ERROR - Connection closed: 1006 - connection was closed uncleanly (WebSocket connection upgrade failed (403 - Forbidden))
kiteconnect.ticker - ERROR - Connection error: 1006 - connection was closed uncleanly (WebSocket connection upgrade failed (403 - Forbidden))
kiteconnect.ticker - ERROR - Connection closed: 1006 - connection was closed uncleanly (WebSocket connection upgrade failed (403 - Forbidden))
kiteconnect.ticker - ERROR - Connection error: 1006 - connection was closed uncleanly (WebSocket connection upgrade failed (403 - Forbidden))
kiteconnect.ticker - ERROR - Connection closed: 1006 - connection was closed uncleanly (WebSocket connection upgrade failed (403 - Forbidden))
root - INFO - 2023-06-14 09:11:29.490795 - Starting NTDS
