root - INFO - 2023-06-08 09:12:24.621653 - Starting NTDS
kiteconnect.ticker - ERROR - Connection error: 1006 - connection was closed uncleanly (peer dropped the TCP connection without previous WebSocket closing handshake)
kiteconnect.ticker - ERROR - Connection closed: 1006 - connection was closed uncleanly (peer dropped the TCP connection without previous WebSocket closing handshake)
kiteconnect.ticker - ERROR - Connection error: 1006 - connection was closed uncleanly (WebSocket connection upgrade failed (403 - Forbidden))
kiteconnect.ticker - ERROR - Connection closed: 1006 - connection was closed uncleanly (WebSocket connection upgrade failed (403 - Forbidden))
kiteconnect.ticker - ERROR - Connection error: 1006 - connection was closed uncleanly (WebSocket connection upgrade failed (403 - Forbidden))
kiteconnect.ticker - ERROR - Connection closed: 1006 - connection was closed uncleanly (WebSocket connection upgrade failed (403 - Forbidden))
kiteconnect.ticker - ERROR - Connection error: 1006 - connection was closed uncleanly (WebSocket connection upgrade failed (403 - Forbidden))
kiteconnect.ticker - ERROR - Connection closed: 1006 - connection was closed uncleanly (WebSocket connection upgrade failed (403 - Forbidden))
kiteconnect.ticker - ERROR - Connection error: 1006 - connection was closed uncleanly (WebSocket connection upgrade failed (403 - Forbidden))
kiteconnect.ticker - ERROR - Connection closed: 1006 - connection was closed uncleanly (WebSocket connection upgrade failed (403 - Forbidden))
kiteconnect.ticker - ERROR - Connection error: 1006 - connection was closed uncleanly (WebSocket connection upgrade failed (403 - Forbidden))
kiteconnect.ticker - ERROR - Connection closed: 1006 - connection was closed uncleanly (WebSocket connection upgrade failed (403 - Forbidden))
kiteconnect.ticker - ERROR - Connection error: 1006 - connection was closed uncleanly (WebSocket connection upgrade failed (403 - Forbidden))
kiteconnect.ticker - ERROR - Connection closed: 1006 - connection was closed uncleanly (WebSocket connection upgrade failed (403 - Forbidden))
kiteconnect.ticker - ERROR - Connection error: 1006 - connection was closed uncleanly (WebSocket connection upgrade failed (403 - Forbidden))
kiteconnect.ticker - ERROR - Connection closed: 1006 - connection was closed uncleanly (WebSocket connection upgrade failed (403 - Forbidden))
kiteconnect.ticker - ERROR - Connection error: 1006 - connection was closed uncleanly (WebSocket connection upgrade failed (403 - Forbidden))
kiteconnect.ticker - ERROR - Connection closed: 1006 - connection was closed uncleanly (WebSocket connection upgrade failed (403 - Forbidden))
kiteconnect.ticker - ERROR - Connection error: 1006 - connection was closed uncleanly (WebSocket connection upgrade failed (403 - Forbidden))
kiteconnect.ticker - ERROR - Connection closed: 1006 - connection was closed uncleanly (WebSocket connection upgrade failed (403 - Forbidden))
kiteconnect.ticker - ERROR - Connection error: 1006 - connection was closed uncleanly (WebSocket connection upgrade failed (403 - Forbidden))
kiteconnect.ticker - ERROR - Connection closed: 1006 - connection was closed uncleanly (WebSocket connection upgrade failed (403 - Forbidden))
kiteconnect.ticker - ERROR - Connection error: 1006 - connection was closed uncleanly (WebSocket connection upgrade failed (403 - Forbidden))
kiteconnect.ticker - ERROR - Connection closed: 1006 - connection was closed uncleanly (WebSocket connection upgrade failed (403 - Forbidden))
kiteconnect.ticker - ERROR - Connection error: 1006 - connection was closed uncleanly (WebSocket connection upgrade failed (403 - Forbidden))
kiteconnect.ticker - ERROR - Connection closed: 1006 - connection was closed uncleanly (WebSocket connection upgrade failed (403 - Forbidden))
kiteconnect.ticker - ERROR - Connection error: 1006 - connection was closed uncleanly (WebSocket connection upgrade failed (403 - Forbidden))
kiteconnect.ticker - ERROR - Connection closed: 1006 - connection was closed uncleanly (WebSocket connection upgrade failed (403 - Forbidden))
kiteconnect.ticker - ERROR - Connection error: 1006 - connection was closed uncleanly (WebSocket connection upgrade failed (403 - Forbidden))
kiteconnect.ticker - ERROR - Connection closed: 1006 - connection was closed uncleanly (WebSocket connection upgrade failed (403 - Forbidden))
kiteconnect.ticker - ERROR - Connection error: 1006 - connection was closed uncleanly (WebSocket connection upgrade failed (403 - Forbidden))
kiteconnect.ticker - ERROR - Connection closed: 1006 - connection was closed uncleanly (WebSocket connection upgrade failed (403 - Forbidden))
kiteconnect.ticker - ERROR - Connection error: 1006 - connection was closed uncleanly (WebSocket connection upgrade failed (403 - Forbidden))
kiteconnect.ticker - ERROR - Connection closed: 1006 - connection was closed uncleanly (WebSocket connection upgrade failed (403 - Forbidden))
kiteconnect.ticker - ERROR - Connection error: 1006 - connection was closed uncleanly (WebSocket connection upgrade failed (403 - Forbidden))
kiteconnect.ticker - ERROR - Connection closed: 1006 - connection was closed uncleanly (WebSocket connection upgrade failed (403 - Forbidden))
kiteconnect.ticker - ERROR - Connection error: 1006 - connection was closed uncleanly (WebSocket connection upgrade failed (403 - Forbidden))
kiteconnect.ticker - ERROR - Connection closed: 1006 - connection was closed uncleanly (WebSocket connection upgrade failed (403 - Forbidden))
kiteconnect.ticker - ERROR - Connection error: 1006 - connection was closed uncleanly (WebSocket connection upgrade failed (403 - Forbidden))
kiteconnect.ticker - ERROR - Connection closed: 1006 - connection was closed uncleanly (WebSocket connection upgrade failed (403 - Forbidden))
kiteconnect.ticker - ERROR - Connection error: 1006 - connection was closed uncleanly (WebSocket connection upgrade failed (403 - Forbidden))
kiteconnect.ticker - ERROR - Connection closed: 1006 - connection was closed uncleanly (WebSocket connection upgrade failed (403 - Forbidden))
kiteconnect.ticker - ERROR - Connection error: 1006 - connection was closed uncleanly (WebSocket connection upgrade failed (403 - Forbidden))
kiteconnect.ticker - ERROR - Connection closed: 1006 - connection was closed uncleanly (WebSocket connection upgrade failed (403 - Forbidden))
kiteconnect.ticker - ERROR - Connection error: 1006 - connection was closed uncleanly (WebSocket connection upgrade failed (403 - Forbidden))
kiteconnect.ticker - ERROR - Connection closed: 1006 - connection was closed uncleanly (WebSocket connection upgrade failed (403 - Forbidden))
kiteconnect.ticker - ERROR - Connection error: 1006 - connection was closed uncleanly (WebSocket connection upgrade failed (403 - Forbidden))
kiteconnect.ticker - ERROR - Connection closed: 1006 - connection was closed uncleanly (WebSocket connection upgrade failed (403 - Forbidden))
kiteconnect.ticker - ERROR - Connection error: 1006 - connection was closed uncleanly (WebSocket connection upgrade failed (403 - Forbidden))
kiteconnect.ticker - ERROR - Connection closed: 1006 - connection was closed uncleanly (WebSocket connection upgrade failed (403 - Forbidden))
kiteconnect.ticker - ERROR - Connection error: 1006 - connection was closed uncleanly (WebSocket connection upgrade failed (403 - Forbidden))
kiteconnect.ticker - ERROR - Connection closed: 1006 - connection was closed uncleanly (WebSocket connection upgrade failed (403 - Forbidden))
kiteconnect.ticker - ERROR - Connection error: 1006 - connection was closed uncleanly (WebSocket connection upgrade failed (403 - Forbidden))
kiteconnect.ticker - ERROR - Connection closed: 1006 - connection was closed uncleanly (WebSocket connection upgrade failed (403 - Forbidden))
kiteconnect.ticker - ERROR - Connection error: 1006 - connection was closed uncleanly (WebSocket connection upgrade failed (403 - Forbidden))
kiteconnect.ticker - ERROR - Connection closed: 1006 - connection was closed uncleanly (WebSocket connection upgrade failed (403 - Forbidden))
kiteconnect.ticker - ERROR - Connection error: 1006 - connection was closed uncleanly (WebSocket connection upgrade failed (403 - Forbidden))
kiteconnect.ticker - ERROR - Connection closed: 1006 - connection was closed uncleanly (WebSocket connection upgrade failed (403 - Forbidden))
kiteconnect.ticker - ERROR - Connection error: 1006 - connection was closed uncleanly (WebSocket connection upgrade failed (403 - Forbidden))
kiteconnect.ticker - ERROR - Connection closed: 1006 - connection was closed uncleanly (WebSocket connection upgrade failed (403 - Forbidden))
kiteconnect.ticker - ERROR - Connection error: 1006 - connection was closed uncleanly (WebSocket connection upgrade failed (403 - Forbidden))
kiteconnect.ticker - ERROR - Connection closed: 1006 - connection was closed uncleanly (WebSocket connection upgrade failed (403 - Forbidden))
kiteconnect.ticker - ERROR - Connection error: 1006 - connection was closed uncleanly (WebSocket connection upgrade failed (403 - Forbidden))
kiteconnect.ticker - ERROR - Connection closed: 1006 - connection was closed uncleanly (WebSocket connection upgrade failed (403 - Forbidden))
kiteconnect.ticker - ERROR - Connection error: 1006 - connection was closed uncleanly (WebSocket connection upgrade failed (403 - Forbidden))
kiteconnect.ticker - ERROR - Connection closed: 1006 - connection was closed uncleanly (WebSocket connection upgrade failed (403 - Forbidden))
kiteconnect.ticker - ERROR - Connection error: 1006 - connection was closed uncleanly (WebSocket connection upgrade failed (403 - Forbidden))
kiteconnect.ticker - ERROR - Connection closed: 1006 - connection was closed uncleanly (WebSocket connection upgrade failed (403 - Forbidden))
kiteconnect.ticker - ERROR - Connection error: 1006 - connection was closed uncleanly (WebSocket connection upgrade failed (403 - Forbidden))
kiteconnect.ticker - ERROR - Connection closed: 1006 - connection was closed uncleanly (WebSocket connection upgrade failed (403 - Forbidden))
kiteconnect.ticker - ERROR - Connection error: 1006 - connection was closed uncleanly (WebSocket connection upgrade failed (403 - Forbidden))
kiteconnect.ticker - ERROR - Connection closed: 1006 - connection was closed uncleanly (WebSocket connection upgrade failed (403 - Forbidden))
kiteconnect.ticker - ERROR - Connection error: 1006 - connection was closed uncleanly (WebSocket connection upgrade failed (403 - Forbidden))
kiteconnect.ticker - ERROR - Connection closed: 1006 - connection was closed uncleanly (WebSocket connection upgrade failed (403 - Forbidden))
kiteconnect.ticker - ERROR - Connection error: 1006 - connection was closed uncleanly (WebSocket connection upgrade failed (403 - Forbidden))
kiteconnect.ticker - ERROR - Connection closed: 1006 - connection was closed uncleanly (WebSocket connection upgrade failed (403 - Forbidden))
kiteconnect.ticker - ERROR - Connection error: 1006 - connection was closed uncleanly (WebSocket connection upgrade failed (403 - Forbidden))
kiteconnect.ticker - ERROR - Connection closed: 1006 - connection was closed uncleanly (WebSocket connection upgrade failed (403 - Forbidden))
kiteconnect.ticker - ERROR - Connection error: 1006 - connection was closed uncleanly (WebSocket connection upgrade failed (403 - Forbidden))
kiteconnect.ticker - ERROR - Connection closed: 1006 - connection was closed uncleanly (WebSocket connection upgrade failed (403 - Forbidden))
kiteconnect.ticker - ERROR - Connection error: 1006 - connection was closed uncleanly (WebSocket connection upgrade failed (403 - Forbidden))
kiteconnect.ticker - ERROR - Connection closed: 1006 - connection was closed uncleanly (WebSocket connection upgrade failed (403 - Forbidden))
kiteconnect.ticker - ERROR - Connection error: 1006 - connection was closed uncleanly (WebSocket connection upgrade failed (403 - Forbidden))
kiteconnect.ticker - ERROR - Connection closed: 1006 - connection was closed uncleanly (WebSocket connection upgrade failed (403 - Forbidden))
kiteconnect.ticker - ERROR - Connection error: 1006 - connection was closed uncleanly (WebSocket connection upgrade failed (403 - Forbidden))
kiteconnect.ticker - ERROR - Connection closed: 1006 - connection was closed uncleanly (WebSocket connection upgrade failed (403 - Forbidden))
kiteconnect.ticker - ERROR - Connection error: 1006 - connection was closed uncleanly (WebSocket connection upgrade failed (403 - Forbidden))
kiteconnect.ticker - ERROR - Connection closed: 1006 - connection was closed uncleanly (WebSocket connection upgrade failed (403 - Forbidden))
kiteconnect.ticker - ERROR - Connection error: 1006 - connection was closed uncleanly (WebSocket connection upgrade failed (403 - Forbidden))
kiteconnect.ticker - ERROR - Connection closed: 1006 - connection was closed uncleanly (WebSocket connection upgrade failed (403 - Forbidden))
kiteconnect.ticker - ERROR - Connection error: 1006 - connection was closed uncleanly (WebSocket connection upgrade failed (403 - Forbidden))
kiteconnect.ticker - ERROR - Connection closed: 1006 - connection was closed uncleanly (WebSocket connection upgrade failed (403 - Forbidden))
kiteconnect.ticker - ERROR - Connection error: 1006 - connection was closed uncleanly (WebSocket connection upgrade failed (403 - Forbidden))
kiteconnect.ticker - ERROR - Connection closed: 1006 - connection was closed uncleanly (WebSocket connection upgrade failed (403 - Forbidden))
kiteconnect.ticker - ERROR - Connection error: 1006 - connection was closed uncleanly (WebSocket connection upgrade failed (403 - Forbidden))
kiteconnect.ticker - ERROR - Connection closed: 1006 - connection was closed uncleanly (WebSocket connection upgrade failed (403 - Forbidden))
kiteconnect.ticker - ERROR - Connection error: 1006 - connection was closed uncleanly (WebSocket connection upgrade failed (403 - Forbidden))
kiteconnect.ticker - ERROR - Connection closed: 1006 - connection was closed uncleanly (WebSocket connection upgrade failed (403 - Forbidden))
kiteconnect.ticker - ERROR - Connection error: 1006 - connection was closed uncleanly (WebSocket connection upgrade failed (403 - Forbidden))
kiteconnect.ticker - ERROR - Connection closed: 1006 - connection was closed uncleanly (WebSocket connection upgrade failed (403 - Forbidden))
kiteconnect.ticker - ERROR - Connection error: 1006 - connection was closed uncleanly (WebSocket connection upgrade failed (403 - Forbidden))
kiteconnect.ticker - ERROR - Connection closed: 1006 - connection was closed uncleanly (WebSocket connection upgrade failed (403 - Forbidden))
root - INFO - 2023-06-09 09:10:31.058812 - Starting NTDS
root - INFO - 2023-06-10 09:10:17.758674 - Starting NTDS
