root - INFO - 2023-07-07 09:16:12.187735 - Starting NTDS
root - INFO - 2023-07-08 09:10:56.866325 - Starting NTDS
root - INFO - 2023-07-09 09:10:41.162741 - Starting NTDS
kiteconnect.ticker - ERROR - Connection error: 1006 - connection was closed uncleanly (peer dropped the TCP connection without previous WebSocket closing handshake)
kiteconnect.ticker - ERROR - Connection closed: 1006 - connection was closed uncleanly (peer dropped the TCP connection without previous WebSocket closing handshake)
kiteconnect.ticker - ERROR - Connection error: 1006 - connection was closed uncleanly (peer dropped the TCP connection without previous WebSocket closing handshake)
kiteconnect.ticker - ERROR - Connection closed: 1006 - connection was closed uncleanly (peer dropped the TCP connection without previous WebSocket closing handshake)
kiteconnect.ticker - ERROR - Connection error: 1006 - connection was closed uncleanly (peer dropped the TCP connection without previous WebSocket closing handshake)
kiteconnect.ticker - ERROR - Connection closed: 1006 - connection was closed uncleanly (peer dropped the TCP connection without previous WebSocket closing handshake)
kiteconnect.ticker - ERROR - Connection error: 1006 - connection was closed uncleanly (WebSocket connection upgrade failed (403 - Forbidden))
kiteconnect.ticker - ERROR - Connection closed: 1006 - connection was closed uncleanly (WebSocket connection upgrade failed (403 - Forbidden))
kiteconnect.ticker - ERROR - Connection error: 1006 - connection was closed uncleanly (WebSocket connection upgrade failed (403 - Forbidden))
kiteconnect.ticker - ERROR - Connection closed: 1006 - connection was closed uncleanly (WebSocket connection upgrade failed (403 - Forbidden))
kiteconnect.ticker - ERROR - Connection error: 1006 - connection was closed uncleanly (WebSocket connection upgrade failed (403 - Forbidden))
kiteconnect.ticker - ERROR - Connection closed: 1006 - connection was closed uncleanly (WebSocket connection upgrade failed (403 - Forbidden))
kiteconnect.ticker - ERROR - Connection error: 1006 - connection was closed uncleanly (WebSocket connection upgrade failed (403 - Forbidden))
kiteconnect.ticker - ERROR - Connection closed: 1006 - connection was closed uncleanly (WebSocket connection upgrade failed (403 - Forbidden))
kiteconnect.ticker - ERROR - Connection error: 1006 - connection was closed uncleanly (WebSocket connection upgrade failed (403 - Forbidden))
kiteconnect.ticker - ERROR - Connection closed: 1006 - connection was closed uncleanly (WebSocket connection upgrade failed (403 - Forbidden))
kiteconnect.ticker - ERROR - Connection error: 1006 - connection was closed uncleanly (WebSocket connection upgrade failed (403 - Forbidden))
kiteconnect.ticker - ERROR - Connection closed: 1006 - connection was closed uncleanly (WebSocket connection upgrade failed (403 - Forbidden))
kiteconnect.ticker - ERROR - Connection error: 1006 - connection was closed uncleanly (WebSocket connection upgrade failed (403 - Forbidden))
kiteconnect.ticker - ERROR - Connection closed: 1006 - connection was closed uncleanly (WebSocket connection upgrade failed (403 - Forbidden))
kiteconnect.ticker - ERROR - Connection error: 1006 - connection was closed uncleanly (WebSocket connection upgrade failed (403 - Forbidden))
kiteconnect.ticker - ERROR - Connection closed: 1006 - connection was closed uncleanly (WebSocket connection upgrade failed (403 - Forbidden))
kiteconnect.ticker - ERROR - Connection error: 1006 - connection was closed uncleanly (WebSocket connection upgrade failed (403 - Forbidden))
kiteconnect.ticker - ERROR - Connection closed: 1006 - connection was closed uncleanly (WebSocket connection upgrade failed (403 - Forbidden))
kiteconnect.ticker - ERROR - Connection error: 1006 - connection was closed uncleanly (WebSocket connection upgrade failed (403 - Forbidden))
kiteconnect.ticker - ERROR - Connection closed: 1006 - connection was closed uncleanly (WebSocket connection upgrade failed (403 - Forbidden))
kiteconnect.ticker - ERROR - Connection error: 1006 - connection was closed uncleanly (WebSocket connection upgrade failed (403 - Forbidden))
kiteconnect.ticker - ERROR - Connection closed: 1006 - connection was closed uncleanly (WebSocket connection upgrade failed (403 - Forbidden))
kiteconnect.ticker - ERROR - Connection error: 1006 - connection was closed uncleanly (WebSocket connection upgrade failed (403 - Forbidden))
kiteconnect.ticker - ERROR - Connection closed: 1006 - connection was closed uncleanly (WebSocket connection upgrade failed (403 - Forbidden))
kiteconnect.ticker - ERROR - Connection error: 1006 - connection was closed uncleanly (WebSocket connection upgrade failed (403 - Forbidden))
kiteconnect.ticker - ERROR - Connection closed: 1006 - connection was closed uncleanly (WebSocket connection upgrade failed (403 - Forbidden))
kiteconnect.ticker - ERROR - Connection error: 1006 - connection was closed uncleanly (WebSocket connection upgrade failed (403 - Forbidden))
kiteconnect.ticker - ERROR - Connection closed: 1006 - connection was closed uncleanly (WebSocket connection upgrade failed (403 - Forbidden))
kiteconnect.ticker - ERROR - Connection error: 1006 - connection was closed uncleanly (WebSocket connection upgrade failed (403 - Forbidden))
kiteconnect.ticker - ERROR - Connection closed: 1006 - connection was closed uncleanly (WebSocket connection upgrade failed (403 - Forbidden))
kiteconnect.ticker - ERROR - Connection error: 1006 - connection was closed uncleanly (WebSocket connection upgrade failed (403 - Forbidden))
kiteconnect.ticker - ERROR - Connection closed: 1006 - connection was closed uncleanly (WebSocket connection upgrade failed (403 - Forbidden))
kiteconnect.ticker - ERROR - Connection error: 1006 - connection was closed uncleanly (WebSocket connection upgrade failed (403 - Forbidden))
kiteconnect.ticker - ERROR - Connection closed: 1006 - connection was closed uncleanly (WebSocket connection upgrade failed (403 - Forbidden))
kiteconnect.ticker - ERROR - Connection error: 1006 - connection was closed uncleanly (WebSocket connection upgrade failed (403 - Forbidden))
kiteconnect.ticker - ERROR - Connection closed: 1006 - connection was closed uncleanly (WebSocket connection upgrade failed (403 - Forbidden))
kiteconnect.ticker - ERROR - Connection error: 1006 - connection was closed uncleanly (WebSocket connection upgrade failed (403 - Forbidden))
kiteconnect.ticker - ERROR - Connection closed: 1006 - connection was closed uncleanly (WebSocket connection upgrade failed (403 - Forbidden))
kiteconnect.ticker - ERROR - Connection error: 1006 - connection was closed uncleanly (WebSocket connection upgrade failed (403 - Forbidden))
kiteconnect.ticker - ERROR - Connection closed: 1006 - connection was closed uncleanly (WebSocket connection upgrade failed (403 - Forbidden))
kiteconnect.ticker - ERROR - Connection error: 1006 - connection was closed uncleanly (WebSocket connection upgrade failed (403 - Forbidden))
kiteconnect.ticker - ERROR - Connection closed: 1006 - connection was closed uncleanly (WebSocket connection upgrade failed (403 - Forbidden))
kiteconnect.ticker - ERROR - Connection error: 1006 - connection was closed uncleanly (WebSocket connection upgrade failed (403 - Forbidden))
kiteconnect.ticker - ERROR - Connection closed: 1006 - connection was closed uncleanly (WebSocket connection upgrade failed (403 - Forbidden))
kiteconnect.ticker - ERROR - Connection error: 1006 - connection was closed uncleanly (WebSocket connection upgrade failed (403 - Forbidden))
kiteconnect.ticker - ERROR - Connection closed: 1006 - connection was closed uncleanly (WebSocket connection upgrade failed (403 - Forbidden))
kiteconnect.ticker - ERROR - Connection error: 1006 - connection was closed uncleanly (WebSocket connection upgrade failed (403 - Forbidden))
kiteconnect.ticker - ERROR - Connection closed: 1006 - connection was closed uncleanly (WebSocket connection upgrade failed (403 - Forbidden))
kiteconnect.ticker - ERROR - Connection error: 1006 - connection was closed uncleanly (WebSocket connection upgrade failed (403 - Forbidden))
kiteconnect.ticker - ERROR - Connection closed: 1006 - connection was closed uncleanly (WebSocket connection upgrade failed (403 - Forbidden))
kiteconnect.ticker - ERROR - Connection error: 1006 - connection was closed uncleanly (WebSocket connection upgrade failed (403 - Forbidden))
kiteconnect.ticker - ERROR - Connection closed: 1006 - connection was closed uncleanly (WebSocket connection upgrade failed (403 - Forbidden))
kiteconnect.ticker - ERROR - Connection error: 1006 - connection was closed uncleanly (WebSocket connection upgrade failed (403 - Forbidden))
kiteconnect.ticker - ERROR - Connection closed: 1006 - connection was closed uncleanly (WebSocket connection upgrade failed (403 - Forbidden))
kiteconnect.ticker - ERROR - Connection error: 1006 - connection was closed uncleanly (WebSocket connection upgrade failed (403 - Forbidden))
kiteconnect.ticker - ERROR - Connection closed: 1006 - connection was closed uncleanly (WebSocket connection upgrade failed (403 - Forbidden))
kiteconnect.ticker - ERROR - Connection error: 1006 - connection was closed uncleanly (WebSocket connection upgrade failed (403 - Forbidden))
kiteconnect.ticker - ERROR - Connection closed: 1006 - connection was closed uncleanly (WebSocket connection upgrade failed (403 - Forbidden))
kiteconnect.ticker - ERROR - Connection error: 1006 - connection was closed uncleanly (WebSocket connection upgrade failed (403 - Forbidden))
kiteconnect.ticker - ERROR - Connection closed: 1006 - connection was closed uncleanly (WebSocket connection upgrade failed (403 - Forbidden))
kiteconnect.ticker - ERROR - Connection error: 1006 - connection was closed uncleanly (WebSocket connection upgrade failed (403 - Forbidden))
kiteconnect.ticker - ERROR - Connection closed: 1006 - connection was closed uncleanly (WebSocket connection upgrade failed (403 - Forbidden))
kiteconnect.ticker - ERROR - Connection error: 1006 - connection was closed uncleanly (WebSocket connection upgrade failed (403 - Forbidden))
kiteconnect.ticker - ERROR - Connection closed: 1006 - connection was closed uncleanly (WebSocket connection upgrade failed (403 - Forbidden))
kiteconnect.ticker - ERROR - Connection error: 1006 - connection was closed uncleanly (WebSocket connection upgrade failed (403 - Forbidden))
kiteconnect.ticker - ERROR - Connection closed: 1006 - connection was closed uncleanly (WebSocket connection upgrade failed (403 - Forbidden))
kiteconnect.ticker - ERROR - Connection error: 1006 - connection was closed uncleanly (WebSocket connection upgrade failed (403 - Forbidden))
kiteconnect.ticker - ERROR - Connection closed: 1006 - connection was closed uncleanly (WebSocket connection upgrade failed (403 - Forbidden))
kiteconnect.ticker - ERROR - Connection error: 1006 - connection was closed uncleanly (WebSocket connection upgrade failed (403 - Forbidden))
kiteconnect.ticker - ERROR - Connection closed: 1006 - connection was closed uncleanly (WebSocket connection upgrade failed (403 - Forbidden))
kiteconnect.ticker - ERROR - Connection error: 1006 - connection was closed uncleanly (WebSocket connection upgrade failed (403 - Forbidden))
kiteconnect.ticker - ERROR - Connection closed: 1006 - connection was closed uncleanly (WebSocket connection upgrade failed (403 - Forbidden))
kiteconnect.ticker - ERROR - Connection error: 1006 - connection was closed uncleanly (WebSocket connection upgrade failed (403 - Forbidden))
kiteconnect.ticker - ERROR - Connection closed: 1006 - connection was closed uncleanly (WebSocket connection upgrade failed (403 - Forbidden))
kiteconnect.ticker - ERROR - Connection error: 1006 - connection was closed uncleanly (WebSocket connection upgrade failed (403 - Forbidden))
kiteconnect.ticker - ERROR - Connection closed: 1006 - connection was closed uncleanly (WebSocket connection upgrade failed (403 - Forbidden))
kiteconnect.ticker - ERROR - Connection error: 1006 - connection was closed uncleanly (WebSocket connection upgrade failed (403 - Forbidden))
kiteconnect.ticker - ERROR - Connection closed: 1006 - connection was closed uncleanly (WebSocket connection upgrade failed (403 - Forbidden))
kiteconnect.ticker - ERROR - Connection error: 1006 - connection was closed uncleanly (WebSocket connection upgrade failed (403 - Forbidden))
kiteconnect.ticker - ERROR - Connection closed: 1006 - connection was closed uncleanly (WebSocket connection upgrade failed (403 - Forbidden))
kiteconnect.ticker - ERROR - Connection error: 1006 - connection was closed uncleanly (WebSocket connection upgrade failed (403 - Forbidden))
kiteconnect.ticker - ERROR - Connection closed: 1006 - connection was closed uncleanly (WebSocket connection upgrade failed (403 - Forbidden))
kiteconnect.ticker - ERROR - Connection error: 1006 - connection was closed uncleanly (WebSocket connection upgrade failed (403 - Forbidden))
kiteconnect.ticker - ERROR - Connection closed: 1006 - connection was closed uncleanly (WebSocket connection upgrade failed (403 - Forbidden))
kiteconnect.ticker - ERROR - Connection error: 1006 - connection was closed uncleanly (WebSocket connection upgrade failed (403 - Forbidden))
kiteconnect.ticker - ERROR - Connection closed: 1006 - connection was closed uncleanly (WebSocket connection upgrade failed (403 - Forbidden))
kiteconnect.ticker - ERROR - Connection error: 1006 - connection was closed uncleanly (WebSocket connection upgrade failed (403 - Forbidden))
kiteconnect.ticker - ERROR - Connection closed: 1006 - connection was closed uncleanly (WebSocket connection upgrade failed (403 - Forbidden))
kiteconnect.ticker - ERROR - Connection error: 1006 - connection was closed uncleanly (WebSocket connection upgrade failed (403 - Forbidden))
kiteconnect.ticker - ERROR - Connection closed: 1006 - connection was closed uncleanly (WebSocket connection upgrade failed (403 - Forbidden))
kiteconnect.ticker - ERROR - Connection error: 1006 - connection was closed uncleanly (WebSocket connection upgrade failed (403 - Forbidden))
kiteconnect.ticker - ERROR - Connection closed: 1006 - connection was closed uncleanly (WebSocket connection upgrade failed (403 - Forbidden))
kiteconnect.ticker - ERROR - Connection error: 1006 - connection was closed uncleanly (WebSocket connection upgrade failed (403 - Forbidden))
kiteconnect.ticker - ERROR - Connection closed: 1006 - connection was closed uncleanly (WebSocket connection upgrade failed (403 - Forbidden))
kiteconnect.ticker - ERROR - Connection error: 1006 - connection was closed uncleanly (WebSocket connection upgrade failed (403 - Forbidden))
kiteconnect.ticker - ERROR - Connection closed: 1006 - connection was closed uncleanly (WebSocket connection upgrade failed (403 - Forbidden))
kiteconnect.ticker - ERROR - Connection error: 1006 - connection was closed uncleanly (WebSocket connection upgrade failed (403 - Forbidden))
kiteconnect.ticker - ERROR - Connection closed: 1006 - connection was closed uncleanly (WebSocket connection upgrade failed (403 - Forbidden))
kiteconnect.ticker - ERROR - Connection error: 1006 - connection was closed uncleanly (WebSocket connection upgrade failed (403 - Forbidden))
kiteconnect.ticker - ERROR - Connection closed: 1006 - connection was closed uncleanly (WebSocket connection upgrade failed (403 - Forbidden))
kiteconnect.ticker - ERROR - Connection error: 1006 - connection was closed uncleanly (WebSocket connection upgrade failed (403 - Forbidden))
kiteconnect.ticker - ERROR - Connection closed: 1006 - connection was closed uncleanly (WebSocket connection upgrade failed (403 - Forbidden))
kiteconnect.ticker - ERROR - Connection error: 1006 - connection was closed uncleanly (WebSocket connection upgrade failed (403 - Forbidden))
kiteconnect.ticker - ERROR - Connection closed: 1006 - connection was closed uncleanly (WebSocket connection upgrade failed (403 - Forbidden))
kiteconnect.ticker - ERROR - Connection error: 1006 - connection was closed uncleanly (WebSocket connection upgrade failed (403 - Forbidden))
kiteconnect.ticker - ERROR - Connection closed: 1006 - connection was closed uncleanly (WebSocket connection upgrade failed (403 - Forbidden))
kiteconnect.ticker - ERROR - Connection error: 1006 - connection was closed uncleanly (WebSocket connection upgrade failed (403 - Forbidden))
kiteconnect.ticker - ERROR - Connection closed: 1006 - connection was closed uncleanly (WebSocket connection upgrade failed (403 - Forbidden))
kiteconnect.ticker - ERROR - Connection error: 1006 - connection was closed uncleanly (WebSocket connection upgrade failed (403 - Forbidden))
kiteconnect.ticker - ERROR - Connection closed: 1006 - connection was closed uncleanly (WebSocket connection upgrade failed (403 - Forbidden))
kiteconnect.ticker - ERROR - Connection error: 1006 - connection was closed uncleanly (WebSocket connection upgrade failed (403 - Forbidden))
kiteconnect.ticker - ERROR - Connection closed: 1006 - connection was closed uncleanly (WebSocket connection upgrade failed (403 - Forbidden))
kiteconnect.ticker - ERROR - Connection error: 1006 - connection was closed uncleanly (WebSocket connection upgrade failed (403 - Forbidden))
kiteconnect.ticker - ERROR - Connection closed: 1006 - connection was closed uncleanly (WebSocket connection upgrade failed (403 - Forbidden))
kiteconnect.ticker - ERROR - Connection error: 1006 - connection was closed uncleanly (WebSocket connection upgrade failed (403 - Forbidden))
kiteconnect.ticker - ERROR - Connection closed: 1006 - connection was closed uncleanly (WebSocket connection upgrade failed (403 - Forbidden))
kiteconnect.ticker - ERROR - Connection error: 1006 - connection was closed uncleanly (WebSocket connection upgrade failed (403 - Forbidden))
kiteconnect.ticker - ERROR - Connection closed: 1006 - connection was closed uncleanly (WebSocket connection upgrade failed (403 - Forbidden))
kiteconnect.ticker - ERROR - Connection error: 1006 - connection was closed uncleanly (WebSocket connection upgrade failed (403 - Forbidden))
kiteconnect.ticker - ERROR - Connection closed: 1006 - connection was closed uncleanly (WebSocket connection upgrade failed (403 - Forbidden))
kiteconnect.ticker - ERROR - Connection error: 1006 - connection was closed uncleanly (WebSocket connection upgrade failed (403 - Forbidden))
kiteconnect.ticker - ERROR - Connection closed: 1006 - connection was closed uncleanly (WebSocket connection upgrade failed (403 - Forbidden))
kiteconnect.ticker - ERROR - Connection error: 1006 - connection was closed uncleanly (WebSocket connection upgrade failed (403 - Forbidden))
kiteconnect.ticker - ERROR - Connection closed: 1006 - connection was closed uncleanly (WebSocket connection upgrade failed (403 - Forbidden))
kiteconnect.ticker - ERROR - Connection error: 1006 - connection was closed uncleanly (WebSocket connection upgrade failed (403 - Forbidden))
kiteconnect.ticker - ERROR - Connection closed: 1006 - connection was closed uncleanly (WebSocket connection upgrade failed (403 - Forbidden))
kiteconnect.ticker - ERROR - Connection error: 1006 - connection was closed uncleanly (WebSocket connection upgrade failed (403 - Forbidden))
kiteconnect.ticker - ERROR - Connection closed: 1006 - connection was closed uncleanly (WebSocket connection upgrade failed (403 - Forbidden))
kiteconnect.ticker - ERROR - Connection error: 1006 - connection was closed uncleanly (WebSocket connection upgrade failed (403 - Forbidden))
kiteconnect.ticker - ERROR - Connection closed: 1006 - connection was closed uncleanly (WebSocket connection upgrade failed (403 - Forbidden))
kiteconnect.ticker - ERROR - Connection error: 1006 - connection was closed uncleanly (WebSocket connection upgrade failed (403 - Forbidden))
kiteconnect.ticker - ERROR - Connection closed: 1006 - connection was closed uncleanly (WebSocket connection upgrade failed (403 - Forbidden))
kiteconnect.ticker - ERROR - Connection error: 1006 - connection was closed uncleanly (WebSocket connection upgrade failed (403 - Forbidden))
kiteconnect.ticker - ERROR - Connection closed: 1006 - connection was closed uncleanly (WebSocket connection upgrade failed (403 - Forbidden))
kiteconnect.ticker - ERROR - Connection error: 1006 - connection was closed uncleanly (WebSocket connection upgrade failed (403 - Forbidden))
kiteconnect.ticker - ERROR - Connection closed: 1006 - connection was closed uncleanly (WebSocket connection upgrade failed (403 - Forbidden))
kiteconnect.ticker - ERROR - Connection error: 1006 - connection was closed uncleanly (WebSocket connection upgrade failed (403 - Forbidden))
kiteconnect.ticker - ERROR - Connection closed: 1006 - connection was closed uncleanly (WebSocket connection upgrade failed (403 - Forbidden))
kiteconnect.ticker - ERROR - Connection error: 1006 - connection was closed uncleanly (WebSocket connection upgrade failed (403 - Forbidden))
kiteconnect.ticker - ERROR - Connection closed: 1006 - connection was closed uncleanly (WebSocket connection upgrade failed (403 - Forbidden))
kiteconnect.ticker - ERROR - Connection error: 1006 - connection was closed uncleanly (WebSocket connection upgrade failed (403 - Forbidden))
kiteconnect.ticker - ERROR - Connection closed: 1006 - connection was closed uncleanly (WebSocket connection upgrade failed (403 - Forbidden))
kiteconnect.ticker - ERROR - Connection error: 1006 - connection was closed uncleanly (WebSocket connection upgrade failed (403 - Forbidden))
kiteconnect.ticker - ERROR - Connection closed: 1006 - connection was closed uncleanly (WebSocket connection upgrade failed (403 - Forbidden))
kiteconnect.ticker - ERROR - Connection error: 1006 - connection was closed uncleanly (WebSocket connection upgrade failed (403 - Forbidden))
kiteconnect.ticker - ERROR - Connection closed: 1006 - connection was closed uncleanly (WebSocket connection upgrade failed (403 - Forbidden))
kiteconnect.ticker - ERROR - Connection error: 1006 - connection was closed uncleanly (WebSocket connection upgrade failed (403 - Forbidden))
kiteconnect.ticker - ERROR - Connection closed: 1006 - connection was closed uncleanly (WebSocket connection upgrade failed (403 - Forbidden))
kiteconnect.ticker - ERROR - Connection error: 1006 - connection was closed uncleanly (WebSocket connection upgrade failed (403 - Forbidden))
kiteconnect.ticker - ERROR - Connection closed: 1006 - connection was closed uncleanly (WebSocket connection upgrade failed (403 - Forbidden))
kiteconnect.ticker - ERROR - Connection error: 1006 - connection was closed uncleanly (WebSocket connection upgrade failed (403 - Forbidden))
kiteconnect.ticker - ERROR - Connection closed: 1006 - connection was closed uncleanly (WebSocket connection upgrade failed (403 - Forbidden))
kiteconnect.ticker - ERROR - Connection error: 1006 - connection was closed uncleanly (WebSocket connection upgrade failed (403 - Forbidden))
kiteconnect.ticker - ERROR - Connection closed: 1006 - connection was closed uncleanly (WebSocket connection upgrade failed (403 - Forbidden))
kiteconnect.ticker - ERROR - Connection error: 1006 - connection was closed uncleanly (WebSocket connection upgrade failed (403 - Forbidden))
kiteconnect.ticker - ERROR - Connection closed: 1006 - connection was closed uncleanly (WebSocket connection upgrade failed (403 - Forbidden))
kiteconnect.ticker - ERROR - Connection error: 1006 - connection was closed uncleanly (WebSocket connection upgrade failed (403 - Forbidden))
kiteconnect.ticker - ERROR - Connection closed: 1006 - connection was closed uncleanly (WebSocket connection upgrade failed (403 - Forbidden))
kiteconnect.ticker - ERROR - Connection error: 1006 - connection was closed uncleanly (WebSocket connection upgrade failed (403 - Forbidden))
kiteconnect.ticker - ERROR - Connection closed: 1006 - connection was closed uncleanly (WebSocket connection upgrade failed (403 - Forbidden))
kiteconnect.ticker - ERROR - Connection error: 1006 - connection was closed uncleanly (WebSocket connection upgrade failed (403 - Forbidden))
kiteconnect.ticker - ERROR - Connection closed: 1006 - connection was closed uncleanly (WebSocket connection upgrade failed (403 - Forbidden))
kiteconnect.ticker - ERROR - Connection error: 1006 - connection was closed uncleanly (WebSocket connection upgrade failed (403 - Forbidden))
kiteconnect.ticker - ERROR - Connection closed: 1006 - connection was closed uncleanly (WebSocket connection upgrade failed (403 - Forbidden))
kiteconnect.ticker - ERROR - Connection error: 1006 - connection was closed uncleanly (WebSocket connection upgrade failed (403 - Forbidden))
kiteconnect.ticker - ERROR - Connection closed: 1006 - connection was closed uncleanly (WebSocket connection upgrade failed (403 - Forbidden))
kiteconnect.ticker - ERROR - Connection error: 1006 - connection was closed uncleanly (WebSocket connection upgrade failed (403 - Forbidden))
kiteconnect.ticker - ERROR - Connection closed: 1006 - connection was closed uncleanly (WebSocket connection upgrade failed (403 - Forbidden))
kiteconnect.ticker - ERROR - Connection error: 1006 - connection was closed uncleanly (WebSocket connection upgrade failed (403 - Forbidden))
kiteconnect.ticker - ERROR - Connection closed: 1006 - connection was closed uncleanly (WebSocket connection upgrade failed (403 - Forbidden))
kiteconnect.ticker - ERROR - Connection error: 1006 - connection was closed uncleanly (WebSocket connection upgrade failed (403 - Forbidden))
kiteconnect.ticker - ERROR - Connection closed: 1006 - connection was closed uncleanly (WebSocket connection upgrade failed (403 - Forbidden))
kiteconnect.ticker - ERROR - Connection error: 1006 - connection was closed uncleanly (WebSocket connection upgrade failed (403 - Forbidden))
kiteconnect.ticker - ERROR - Connection closed: 1006 - connection was closed uncleanly (WebSocket connection upgrade failed (403 - Forbidden))
kiteconnect.ticker - ERROR - Connection error: 1006 - connection was closed uncleanly (WebSocket connection upgrade failed (403 - Forbidden))
kiteconnect.ticker - ERROR - Connection closed: 1006 - connection was closed uncleanly (WebSocket connection upgrade failed (403 - Forbidden))
kiteconnect.ticker - ERROR - Connection error: 1006 - connection was closed uncleanly (WebSocket connection upgrade failed (403 - Forbidden))
kiteconnect.ticker - ERROR - Connection closed: 1006 - connection was closed uncleanly (WebSocket connection upgrade failed (403 - Forbidden))
kiteconnect.ticker - ERROR - Connection error: 1006 - connection was closed uncleanly (WebSocket connection upgrade failed (403 - Forbidden))
kiteconnect.ticker - ERROR - Connection closed: 1006 - connection was closed uncleanly (WebSocket connection upgrade failed (403 - Forbidden))
kiteconnect.ticker - ERROR - Connection error: 1006 - connection was closed uncleanly (WebSocket connection upgrade failed (403 - Forbidden))
kiteconnect.ticker - ERROR - Connection closed: 1006 - connection was closed uncleanly (WebSocket connection upgrade failed (403 - Forbidden))
kiteconnect.ticker - ERROR - Connection error: 1006 - connection was closed uncleanly (WebSocket connection upgrade failed (403 - Forbidden))
kiteconnect.ticker - ERROR - Connection closed: 1006 - connection was closed uncleanly (WebSocket connection upgrade failed (403 - Forbidden))
kiteconnect.ticker - ERROR - Connection error: 1006 - connection was closed uncleanly (WebSocket connection upgrade failed (403 - Forbidden))
kiteconnect.ticker - ERROR - Connection closed: 1006 - connection was closed uncleanly (WebSocket connection upgrade failed (403 - Forbidden))
kiteconnect.ticker - ERROR - Connection error: 1006 - connection was closed uncleanly (WebSocket connection upgrade failed (403 - Forbidden))
kiteconnect.ticker - ERROR - Connection closed: 1006 - connection was closed uncleanly (WebSocket connection upgrade failed (403 - Forbidden))
kiteconnect.ticker - ERROR - Connection error: 1006 - connection was closed uncleanly (WebSocket connection upgrade failed (403 - Forbidden))
kiteconnect.ticker - ERROR - Connection closed: 1006 - connection was closed uncleanly (WebSocket connection upgrade failed (403 - Forbidden))
kiteconnect.ticker - ERROR - Connection error: 1006 - connection was closed uncleanly (WebSocket connection upgrade failed (403 - Forbidden))
kiteconnect.ticker - ERROR - Connection closed: 1006 - connection was closed uncleanly (WebSocket connection upgrade failed (403 - Forbidden))
kiteconnect.ticker - ERROR - Connection error: 1006 - connection was closed uncleanly (WebSocket connection upgrade failed (403 - Forbidden))
kiteconnect.ticker - ERROR - Connection closed: 1006 - connection was closed uncleanly (WebSocket connection upgrade failed (403 - Forbidden))
kiteconnect.ticker - ERROR - Connection error: 1006 - connection was closed uncleanly (WebSocket connection upgrade failed (403 - Forbidden))
kiteconnect.ticker - ERROR - Connection closed: 1006 - connection was closed uncleanly (WebSocket connection upgrade failed (403 - Forbidden))
kiteconnect.ticker - ERROR - Connection error: 1006 - connection was closed uncleanly (WebSocket connection upgrade failed (403 - Forbidden))
kiteconnect.ticker - ERROR - Connection closed: 1006 - connection was closed uncleanly (WebSocket connection upgrade failed (403 - Forbidden))
kiteconnect.ticker - ERROR - Connection error: 1006 - connection was closed uncleanly (WebSocket connection upgrade failed (403 - Forbidden))
kiteconnect.ticker - ERROR - Connection closed: 1006 - connection was closed uncleanly (WebSocket connection upgrade failed (403 - Forbidden))
kiteconnect.ticker - ERROR - Connection error: 1006 - connection was closed uncleanly (WebSocket connection upgrade failed (403 - Forbidden))
kiteconnect.ticker - ERROR - Connection closed: 1006 - connection was closed uncleanly (WebSocket connection upgrade failed (403 - Forbidden))
kiteconnect.ticker - ERROR - Connection error: 1006 - connection was closed uncleanly (WebSocket connection upgrade failed (403 - Forbidden))
kiteconnect.ticker - ERROR - Connection closed: 1006 - connection was closed uncleanly (WebSocket connection upgrade failed (403 - Forbidden))
kiteconnect.ticker - ERROR - Connection error: 1006 - connection was closed uncleanly (WebSocket connection upgrade failed (403 - Forbidden))
kiteconnect.ticker - ERROR - Connection closed: 1006 - connection was closed uncleanly (WebSocket connection upgrade failed (403 - Forbidden))
kiteconnect.ticker - ERROR - Connection error: 1006 - connection was closed uncleanly (WebSocket connection upgrade failed (403 - Forbidden))
kiteconnect.ticker - ERROR - Connection closed: 1006 - connection was closed uncleanly (WebSocket connection upgrade failed (403 - Forbidden))
kiteconnect.ticker - ERROR - Connection error: 1006 - connection was closed uncleanly (WebSocket connection upgrade failed (403 - Forbidden))
kiteconnect.ticker - ERROR - Connection closed: 1006 - connection was closed uncleanly (WebSocket connection upgrade failed (403 - Forbidden))
kiteconnect.ticker - ERROR - Connection error: 1006 - connection was closed uncleanly (WebSocket connection upgrade failed (403 - Forbidden))
kiteconnect.ticker - ERROR - Connection closed: 1006 - connection was closed uncleanly (WebSocket connection upgrade failed (403 - Forbidden))
kiteconnect.ticker - ERROR - Connection error: 1006 - connection was closed uncleanly (WebSocket connection upgrade failed (403 - Forbidden))
kiteconnect.ticker - ERROR - Connection closed: 1006 - connection was closed uncleanly (WebSocket connection upgrade failed (403 - Forbidden))
kiteconnect.ticker - ERROR - Connection error: 1006 - connection was closed uncleanly (WebSocket connection upgrade failed (403 - Forbidden))
kiteconnect.ticker - ERROR - Connection closed: 1006 - connection was closed uncleanly (WebSocket connection upgrade failed (403 - Forbidden))
kiteconnect.ticker - ERROR - Connection error: 1006 - connection was closed uncleanly (WebSocket connection upgrade failed (403 - Forbidden))
kiteconnect.ticker - ERROR - Connection closed: 1006 - connection was closed uncleanly (WebSocket connection upgrade failed (403 - Forbidden))
kiteconnect.ticker - ERROR - Connection error: 1006 - connection was closed uncleanly (WebSocket connection upgrade failed (403 - Forbidden))
kiteconnect.ticker - ERROR - Connection closed: 1006 - connection was closed uncleanly (WebSocket connection upgrade failed (403 - Forbidden))
kiteconnect.ticker - ERROR - Connection error: 1006 - connection was closed uncleanly (WebSocket connection upgrade failed (403 - Forbidden))
kiteconnect.ticker - ERROR - Connection closed: 1006 - connection was closed uncleanly (WebSocket connection upgrade failed (403 - Forbidden))
kiteconnect.ticker - ERROR - Connection error: 1006 - connection was closed uncleanly (WebSocket connection upgrade failed (403 - Forbidden))
kiteconnect.ticker - ERROR - Connection closed: 1006 - connection was closed uncleanly (WebSocket connection upgrade failed (403 - Forbidden))
kiteconnect.ticker - ERROR - Connection error: 1006 - connection was closed uncleanly (WebSocket connection upgrade failed (403 - Forbidden))
kiteconnect.ticker - ERROR - Connection closed: 1006 - connection was closed uncleanly (WebSocket connection upgrade failed (403 - Forbidden))
kiteconnect.ticker - ERROR - Connection error: 1006 - connection was closed uncleanly (WebSocket connection upgrade failed (403 - Forbidden))
kiteconnect.ticker - ERROR - Connection closed: 1006 - connection was closed uncleanly (WebSocket connection upgrade failed (403 - Forbidden))
kiteconnect.ticker - ERROR - Connection error: 1006 - connection was closed uncleanly (WebSocket connection upgrade failed (403 - Forbidden))
kiteconnect.ticker - ERROR - Connection closed: 1006 - connection was closed uncleanly (WebSocket connection upgrade failed (403 - Forbidden))
kiteconnect.ticker - ERROR - Connection error: 1006 - connection was closed uncleanly (WebSocket connection upgrade failed (403 - Forbidden))
kiteconnect.ticker - ERROR - Connection closed: 1006 - connection was closed uncleanly (WebSocket connection upgrade failed (403 - Forbidden))
kiteconnect.ticker - ERROR - Connection error: 1006 - connection was closed uncleanly (WebSocket connection upgrade failed (403 - Forbidden))
kiteconnect.ticker - ERROR - Connection closed: 1006 - connection was closed uncleanly (WebSocket connection upgrade failed (403 - Forbidden))
kiteconnect.ticker - ERROR - Connection error: 1006 - connection was closed uncleanly (WebSocket connection upgrade failed (403 - Forbidden))
kiteconnect.ticker - ERROR - Connection closed: 1006 - connection was closed uncleanly (WebSocket connection upgrade failed (403 - Forbidden))
kiteconnect.ticker - ERROR - Connection error: 1006 - connection was closed uncleanly (WebSocket connection upgrade failed (403 - Forbidden))
kiteconnect.ticker - ERROR - Connection closed: 1006 - connection was closed uncleanly (WebSocket connection upgrade failed (403 - Forbidden))
kiteconnect.ticker - ERROR - Connection error: 1006 - connection was closed uncleanly (WebSocket connection upgrade failed (403 - Forbidden))
kiteconnect.ticker - ERROR - Connection closed: 1006 - connection was closed uncleanly (WebSocket connection upgrade failed (403 - Forbidden))
kiteconnect.ticker - ERROR - Connection error: 1006 - connection was closed uncleanly (WebSocket connection upgrade failed (403 - Forbidden))
kiteconnect.ticker - ERROR - Connection closed: 1006 - connection was closed uncleanly (WebSocket connection upgrade failed (403 - Forbidden))
kiteconnect.ticker - ERROR - Connection error: 1006 - connection was closed uncleanly (WebSocket connection upgrade failed (403 - Forbidden))
kiteconnect.ticker - ERROR - Connection closed: 1006 - connection was closed uncleanly (WebSocket connection upgrade failed (403 - Forbidden))
kiteconnect.ticker - ERROR - Connection error: 1006 - connection was closed uncleanly (WebSocket connection upgrade failed (403 - Forbidden))
kiteconnect.ticker - ERROR - Connection closed: 1006 - connection was closed uncleanly (WebSocket connection upgrade failed (403 - Forbidden))
kiteconnect.ticker - ERROR - Connection error: 1006 - connection was closed uncleanly (WebSocket connection upgrade failed (403 - Forbidden))
kiteconnect.ticker - ERROR - Connection closed: 1006 - connection was closed uncleanly (WebSocket connection upgrade failed (403 - Forbidden))
kiteconnect.ticker - ERROR - Connection error: 1006 - connection was closed uncleanly (WebSocket connection upgrade failed (403 - Forbidden))
kiteconnect.ticker - ERROR - Connection closed: 1006 - connection was closed uncleanly (WebSocket connection upgrade failed (403 - Forbidden))
kiteconnect.ticker - ERROR - Connection error: 1006 - connection was closed uncleanly (WebSocket connection upgrade failed (403 - Forbidden))
kiteconnect.ticker - ERROR - Connection closed: 1006 - connection was closed uncleanly (WebSocket connection upgrade failed (403 - Forbidden))
kiteconnect.ticker - ERROR - Connection error: 1006 - connection was closed uncleanly (WebSocket connection upgrade failed (403 - Forbidden))
kiteconnect.ticker - ERROR - Connection closed: 1006 - connection was closed uncleanly (WebSocket connection upgrade failed (403 - Forbidden))
kiteconnect.ticker - ERROR - Connection error: 1006 - connection was closed uncleanly (WebSocket connection upgrade failed (403 - Forbidden))
kiteconnect.ticker - ERROR - Connection closed: 1006 - connection was closed uncleanly (WebSocket connection upgrade failed (403 - Forbidden))
kiteconnect.ticker - ERROR - Connection error: 1006 - connection was closed uncleanly (WebSocket connection upgrade failed (403 - Forbidden))
kiteconnect.ticker - ERROR - Connection closed: 1006 - connection was closed uncleanly (WebSocket connection upgrade failed (403 - Forbidden))
kiteconnect.ticker - ERROR - Connection error: 1006 - connection was closed uncleanly (WebSocket connection upgrade failed (403 - Forbidden))
kiteconnect.ticker - ERROR - Connection closed: 1006 - connection was closed uncleanly (WebSocket connection upgrade failed (403 - Forbidden))
kiteconnect.ticker - ERROR - Connection error: 1006 - connection was closed uncleanly (WebSocket connection upgrade failed (403 - Forbidden))
kiteconnect.ticker - ERROR - Connection closed: 1006 - connection was closed uncleanly (WebSocket connection upgrade failed (403 - Forbidden))
kiteconnect.ticker - ERROR - Connection error: 1006 - connection was closed uncleanly (WebSocket connection upgrade failed (403 - Forbidden))
kiteconnect.ticker - ERROR - Connection closed: 1006 - connection was closed uncleanly (WebSocket connection upgrade failed (403 - Forbidden))
kiteconnect.ticker - ERROR - Connection error: 1006 - connection was closed uncleanly (WebSocket connection upgrade failed (403 - Forbidden))
kiteconnect.ticker - ERROR - Connection closed: 1006 - connection was closed uncleanly (WebSocket connection upgrade failed (403 - Forbidden))
kiteconnect.ticker - ERROR - Connection error: 1006 - connection was closed uncleanly (WebSocket connection upgrade failed (403 - Forbidden))
kiteconnect.ticker - ERROR - Connection closed: 1006 - connection was closed uncleanly (WebSocket connection upgrade failed (403 - Forbidden))
kiteconnect.ticker - ERROR - Connection error: 1006 - connection was closed uncleanly (WebSocket connection upgrade failed (403 - Forbidden))
kiteconnect.ticker - ERROR - Connection closed: 1006 - connection was closed uncleanly (WebSocket connection upgrade failed (403 - Forbidden))
kiteconnect.ticker - ERROR - Connection error: 1006 - connection was closed uncleanly (WebSocket connection upgrade failed (403 - Forbidden))
kiteconnect.ticker - ERROR - Connection closed: 1006 - connection was closed uncleanly (WebSocket connection upgrade failed (403 - Forbidden))
kiteconnect.ticker - ERROR - Connection error: 1006 - connection was closed uncleanly (WebSocket connection upgrade failed (403 - Forbidden))
kiteconnect.ticker - ERROR - Connection closed: 1006 - connection was closed uncleanly (WebSocket connection upgrade failed (403 - Forbidden))
kiteconnect.ticker - ERROR - Connection error: 1006 - connection was closed uncleanly (WebSocket connection upgrade failed (403 - Forbidden))
kiteconnect.ticker - ERROR - Connection closed: 1006 - connection was closed uncleanly (WebSocket connection upgrade failed (403 - Forbidden))
kiteconnect.ticker - ERROR - Connection error: 1006 - connection was closed uncleanly (WebSocket connection upgrade failed (403 - Forbidden))
kiteconnect.ticker - ERROR - Connection closed: 1006 - connection was closed uncleanly (WebSocket connection upgrade failed (403 - Forbidden))
kiteconnect.ticker - ERROR - Connection error: 1006 - connection was closed uncleanly (WebSocket connection upgrade failed (403 - Forbidden))
kiteconnect.ticker - ERROR - Connection closed: 1006 - connection was closed uncleanly (WebSocket connection upgrade failed (403 - Forbidden))
kiteconnect.ticker - ERROR - Connection error: 1006 - connection was closed uncleanly (WebSocket connection upgrade failed (403 - Forbidden))
kiteconnect.ticker - ERROR - Connection closed: 1006 - connection was closed uncleanly (WebSocket connection upgrade failed (403 - Forbidden))
kiteconnect.ticker - ERROR - Connection error: 1006 - connection was closed uncleanly (WebSocket connection upgrade failed (403 - Forbidden))
kiteconnect.ticker - ERROR - Connection closed: 1006 - connection was closed uncleanly (WebSocket connection upgrade failed (403 - Forbidden))
kiteconnect.ticker - ERROR - Connection error: 1006 - connection was closed uncleanly (WebSocket connection upgrade failed (403 - Forbidden))
kiteconnect.ticker - ERROR - Connection closed: 1006 - connection was closed uncleanly (WebSocket connection upgrade failed (403 - Forbidden))
kiteconnect.ticker - ERROR - Connection error: 1006 - connection was closed uncleanly (WebSocket connection upgrade failed (403 - Forbidden))
kiteconnect.ticker - ERROR - Connection closed: 1006 - connection was closed uncleanly (WebSocket connection upgrade failed (403 - Forbidden))
kiteconnect.ticker - ERROR - Connection error: 1006 - connection was closed uncleanly (WebSocket connection upgrade failed (403 - Forbidden))
kiteconnect.ticker - ERROR - Connection closed: 1006 - connection was closed uncleanly (WebSocket connection upgrade failed (403 - Forbidden))
kiteconnect.ticker - ERROR - Connection error: 1006 - connection was closed uncleanly (WebSocket connection upgrade failed (403 - Forbidden))
kiteconnect.ticker - ERROR - Connection closed: 1006 - connection was closed uncleanly (WebSocket connection upgrade failed (403 - Forbidden))
kiteconnect.ticker - ERROR - Connection error: 1006 - connection was closed uncleanly (WebSocket connection upgrade failed (403 - Forbidden))
kiteconnect.ticker - ERROR - Connection closed: 1006 - connection was closed uncleanly (WebSocket connection upgrade failed (403 - Forbidden))
kiteconnect.ticker - ERROR - Connection error: 1006 - connection was closed uncleanly (WebSocket connection upgrade failed (403 - Forbidden))
kiteconnect.ticker - ERROR - Connection closed: 1006 - connection was closed uncleanly (WebSocket connection upgrade failed (403 - Forbidden))
kiteconnect.ticker - ERROR - Connection error: 1006 - connection was closed uncleanly (WebSocket connection upgrade failed (403 - Forbidden))
kiteconnect.ticker - ERROR - Connection closed: 1006 - connection was closed uncleanly (WebSocket connection upgrade failed (403 - Forbidden))
kiteconnect.ticker - ERROR - Connection error: 1006 - connection was closed uncleanly (WebSocket connection upgrade failed (403 - Forbidden))
kiteconnect.ticker - ERROR - Connection closed: 1006 - connection was closed uncleanly (WebSocket connection upgrade failed (403 - Forbidden))
root - INFO - 2023-07-10 09:10:25.874887 - Starting NTDS
