root - INFO - 2023-05-04 12:55:11.832553 - OMS Server turned on.
uvicorn.error - INFO - Started server process [24661]
uvicorn.error - INFO - Waiting for application startup.
tortoise - INFO - Tortoise-ORM started, {'default': <tortoise.backends.sqlite.client.SqliteClient object at 0x7f886c154280>}, {'models': {'OptionSpread': <class 'models.OptionSpread'>, 'User': <class 'models.User'>, 'User_Finvant': <class 'models.User_Finvant'>}}
tortoise - INFO - Tortoise-ORM generating schema
uvicorn.error - INFO - Application startup complete.
uvicorn.error - INFO - Shutting down
uvicorn.error - INFO - Waiting for application shutdown.
tortoise - INFO - Tortoise-ORM shutdown
tortoise - INFO - Tortoise-ORM shutdown
uvicorn.error - INFO - Application shutdown complete.
uvicorn.error - INFO - Finished server process [24661]
root - INFO - 2023-05-04 12:58:29.865824 - OMS Server turned on.
uvicorn.error - INFO - Started server process [24912]
uvicorn.error - INFO - Waiting for application startup.
tortoise - INFO - Tortoise-ORM started, {'default': <tortoise.backends.sqlite.client.SqliteClient object at 0x7f9c9f7fc2b0>}, {'models': {'OptionSpread': <class 'models.OptionSpread'>, 'User': <class 'models.User'>, 'User_Finvant': <class 'models.User_Finvant'>}}
tortoise - INFO - Tortoise-ORM generating schema
uvicorn.error - INFO - Application startup complete.
root - INFO - 2023-05-04 13:00:14.897343 - Order placed for fin_user_1 NOVA SPREAD_TEST BUY 1 0 0
root - INFO - 2023-05-04 13:00:15.034673 - Order placement successful for users: [{'user_name': 'fin_user_1', 'strategy': 'NOVA', 'instrument_nomenclature': 'SPREAD_TEST', 'position': 'BUY', 'target': 0, 'stoploss': 0, 'quantity': 1}]
root - INFO - 2023-05-04 13:05:27.844817 - Order placement successful for users: []
root - INFO - 2023-05-04 13:05:51.338954 - Order placed for fin_user_1 NOVA SPREAD_TEST SELL 1 0 0
root - INFO - 2023-05-04 13:05:51.462637 - Order placement successful for users: [{'user_name': 'fin_user_1', 'strategy': 'NOVA', 'instrument_nomenclature': 'SPREAD_TEST', 'position': 'SELL', 'target': 0, 'stoploss': 0}]
uvicorn.error - INFO - Shutting down
uvicorn.error - INFO - Waiting for application shutdown.
tortoise - INFO - Tortoise-ORM shutdown
tortoise - INFO - Tortoise-ORM shutdown
uvicorn.error - INFO - Application shutdown complete.
uvicorn.error - INFO - Finished server process [24912]
root - INFO - 2023-05-04 13:09:26.572270 - OMS Server turned on.
uvicorn.error - INFO - Started server process [25412]
uvicorn.error - INFO - Waiting for application startup.
tortoise - INFO - Tortoise-ORM started, {'default': <tortoise.backends.sqlite.client.SqliteClient object at 0x7ff0051182b0>}, {'models': {'OptionSpread': <class 'models.OptionSpread'>, 'User': <class 'models.User'>, 'User_Finvant': <class 'models.User_Finvant'>}}
tortoise - INFO - Tortoise-ORM generating schema
uvicorn.error - INFO - Application startup complete.
uvicorn.error - INFO - Shutting down
uvicorn.error - INFO - Waiting for application shutdown.
tortoise - INFO - Tortoise-ORM shutdown
tortoise - INFO - Tortoise-ORM shutdown
uvicorn.error - INFO - Application shutdown complete.
uvicorn.error - INFO - Finished server process [25412]
root - INFO - 2023-05-04 13:10:21.115091 - OMS Server turned on.
uvicorn.error - INFO - Started server process [25491]
uvicorn.error - INFO - Waiting for application startup.
tortoise - INFO - Tortoise-ORM started, {'default': <tortoise.backends.sqlite.client.SqliteClient object at 0x7f84ef7f8250>}, {'models': {'OptionSpread': <class 'models.OptionSpread'>, 'User': <class 'models.User'>, 'User_Finvant': <class 'models.User_Finvant'>}}
tortoise - INFO - Tortoise-ORM generating schema
uvicorn.error - INFO - Application startup complete.
uvicorn.error - INFO - Shutting down
uvicorn.error - INFO - Waiting for application shutdown.
tortoise - INFO - Tortoise-ORM shutdown
tortoise - INFO - Tortoise-ORM shutdown
uvicorn.error - INFO - Application shutdown complete.
uvicorn.error - INFO - Finished server process [25491]
root - INFO - 2023-05-04 13:10:25.320286 - OMS Server turned on.
uvicorn.error - INFO - Started server process [25508]
uvicorn.error - INFO - Waiting for application startup.
tortoise - INFO - Tortoise-ORM started, {'default': <tortoise.backends.sqlite.client.SqliteClient object at 0x7f7a299182b0>}, {'models': {'OptionSpread': <class 'models.OptionSpread'>, 'User': <class 'models.User'>, 'User_Finvant': <class 'models.User_Finvant'>}}
tortoise - INFO - Tortoise-ORM generating schema
uvicorn.error - INFO - Application startup complete.
uvicorn.error - INFO - Shutting down
uvicorn.error - INFO - Waiting for application shutdown.
tortoise - INFO - Tortoise-ORM shutdown
tortoise - INFO - Tortoise-ORM shutdown
uvicorn.error - INFO - Application shutdown complete.
uvicorn.error - INFO - Finished server process [25508]
root - INFO - 2023-05-04 23:24:21.198274 - OMS Server turned on.
uvicorn.error - INFO - Started server process [3480]
uvicorn.error - INFO - Waiting for application startup.
tortoise - INFO - Tortoise-ORM started, {'default': <tortoise.backends.sqlite.client.SqliteClient object at 0x7fde121172b0>}, {'models': {'OptionSpread': <class 'models.OptionSpread'>, 'User': <class 'models.User'>, 'User_Finvant': <class 'models.User_Finvant'>}}
tortoise - INFO - Tortoise-ORM generating schema
uvicorn.error - INFO - Application startup complete.
root - INFO - 2023-05-04 23:24:59.724595 - Order placed for fin_user_1 NOVA SPREAD_TEST BUY 1 0 0
root - INFO - 2023-05-04 23:24:59.864490 - Order placement successful for users: [{'user_name': 'fin_user_1', 'strategy': 'NOVA', 'instrument_nomenclature': 'SPREAD_TEST', 'position': 'BUY', 'target': 0, 'stoploss': 0, 'quantity': 1}]
root - INFO - 2023-05-05 00:57:06.056089 - Order placed for fin_user_1 NOVA SPREAD_TEST SELL 1 0 0
root - INFO - 2023-05-05 00:57:06.255867 - Order placement successful for users: [{'user_name': 'fin_user_1', 'strategy': 'NOVA', 'instrument_nomenclature': 'SPREAD_TEST', 'position': 'SELL', 'target': 0, 'stoploss': 0}]
uvicorn.error - INFO - Shutting down
uvicorn.error - INFO - Waiting for application shutdown.
tortoise - INFO - Tortoise-ORM shutdown
tortoise - INFO - Tortoise-ORM shutdown
uvicorn.error - INFO - Application shutdown complete.
uvicorn.error - INFO - Finished server process [3480]
