root - INFO - 2023-05-05 11:10:14.721387 - OMS Server turned on.
uvicorn.error - INFO - Started server process [6478]
uvicorn.error - INFO - Waiting for application startup.
tortoise - INFO - Tortoise-ORM started, {'default': <tortoise.backends.sqlite.client.SqliteClient object at 0x7fd1cfefc2b0>}, {'models': {'OptionSpread': <class 'models.OptionSpread'>, 'User': <class 'models.User'>, 'User_Finvant': <class 'models.User_Finvant'>}}
tortoise - INFO - Tortoise-ORM generating schema
uvicorn.error - INFO - Application startup complete.
root - INFO - 2023-05-05 11:13:15.248494 - Order placed for fin_user_1 NOVA SPREAD_TEST BUY 1 0 0
root - INFO - 2023-05-05 11:13:15.406563 - Order placement successful for users: [{'user_name': 'fin_user_1', 'strategy': 'NOVA', 'instrument_nomenclature': 'SPREAD_TEST', 'position': 'BUY', 'target': 0, 'stoploss': 0, 'quantity': 1}]
root - INFO - 2023-05-05 11:14:31.810872 - Rollover order placed for NIFTY23MAY18300PE with order id 5817464356002162930
root - INFO - 2023-05-05 11:14:32.428341 - Rollover order placed for NIFTY23MAY18200PE with order id 5817464356002162930
root - INFO - 2023-05-05 11:14:32.568309 - Order rollover successful
root - INFO - 2023-05-05 11:22:43.350759 - Order placed for fin_user_1 NOVA SPREAD_TEST BUY 1 0 0
root - INFO - 2023-05-05 11:22:43.476191 - Order placement successful for users: [{'user_name': 'fin_user_1', 'strategy': 'NOVA', 'instrument_nomenclature': 'SPREAD_TEST', 'position': 'BUY', 'target': 0, 'stoploss': 0, 'quantity': 1}]
root - INFO - 2023-05-05 11:23:36.042222 - Rollover order placed for NIFTY23MAY18300PE with order id 655226720341323126
root - INFO - 2023-05-05 11:23:36.574547 - Rollover order placed for NIFTY23MAY18200PE with order id 655226720341323126
root - INFO - 2023-05-05 11:23:36.704994 - Order rollover successful
root - INFO - 2023-05-05 11:29:32.294858 - Order placed for fin_user_1 NOVA SPREAD_TEST BUY 1 0 0
root - INFO - 2023-05-05 11:29:32.459700 - Order placement successful for users: [{'user_name': 'fin_user_1', 'strategy': 'NOVA', 'instrument_nomenclature': 'SPREAD_TEST', 'position': 'BUY', 'target': 0, 'stoploss': 0, 'quantity': 1}]
root - INFO - 2023-05-05 11:32:49.624358 - Rollover order placed for NIFTY23MAY18300PE with order id 7586893754739472422
root - INFO - 2023-05-05 11:32:50.162873 - Rollover order placed for NIFTY23MAY18200PE with order id 7586893754739472422
root - INFO - 2023-05-05 11:32:50.298410 - Order rollover successful
root - INFO - 2023-05-05 12:05:32.620820 - Order placed for fin_user_1 NOVA SPREAD_TEST BUY 1 0 0
root - INFO - 2023-05-05 12:05:32.803351 - Order placement successful for users: [{'user_name': 'fin_user_1', 'strategy': 'NOVA', 'instrument_nomenclature': 'SPREAD_TEST', 'position': 'BUY', 'target': 0, 'stoploss': 0, 'quantity': 1}]
root - INFO - 2023-05-05 13:55:05.617435 - Order placed for fin_user_1 NOVA SPREAD_TEST BUY 1 0 0
root - INFO - 2023-05-05 13:55:05.742066 - Order placement successful for users: [{'user_name': 'fin_user_1', 'strategy': 'NOVA', 'instrument_nomenclature': 'SPREAD_TEST', 'position': 'BUY', 'target': 0, 'stoploss': 0, 'quantity': 1}]
root - INFO - 2023-05-05 13:55:41.749589 - Order placed for fin_user_1 NOVA SPREAD_TEST SELL 1 0 0
root - INFO - 2023-05-05 13:55:41.878862 - Order placement successful for users: [{'user_name': 'fin_user_1', 'strategy': 'NOVA', 'instrument_nomenclature': 'SPREAD_TEST', 'position': 'SELL', 'target': 0, 'stoploss': 0}]
root - INFO - 2023-05-05 13:56:21.354258 - Order placed for fin_user_1 NOVA SPREAD_TEST BUY 1 0 0
root - INFO - 2023-05-05 13:56:21.481483 - Order placement successful for users: [{'user_name': 'fin_user_1', 'strategy': 'NOVA', 'instrument_nomenclature': 'SPREAD_TEST', 'position': 'BUY', 'target': 0, 'stoploss': 0, 'quantity': 1}]
root - INFO - 2023-05-05 13:56:59.571258 - Rollover order placed for NIFTY23MAY18300PE with order id 2075283149711308732
root - INFO - 2023-05-05 13:57:00.132917 - Rollover order placed for NIFTY23MAY18200PE with order id 2075283149711308732
root - INFO - 2023-05-05 13:57:00.259905 - Order rollover successful
uvicorn.error - INFO - Shutting down
uvicorn.error - INFO - Finished server process [6478]
tortoise - INFO - Tortoise-ORM shutdown
tortoise - INFO - Tortoise-ORM shutdown
uvicorn.error - ERROR - Traceback (most recent call last):
  File "/Users/vishaljha/anaconda3/lib/python3.8/site-packages/starlette/routing.py", line 624, in lifespan
    await receive()
  File "/Users/vishaljha/anaconda3/lib/python3.8/site-packages/uvicorn/lifespan/on.py", line 135, in receive
    return await self.receive_queue.get()
  File "/Users/vishaljha/anaconda3/lib/python3.8/asyncio/queues.py", line 163, in get
    await getter
asyncio.exceptions.CancelledError

root - INFO - 2023-05-05 14:29:13.605604 - OMS Server turned on.
uvicorn.error - INFO - Started server process [12769]
uvicorn.error - INFO - Waiting for application startup.
tortoise - INFO - Tortoise-ORM started, {'default': <tortoise.backends.sqlite.client.SqliteClient object at 0x7fa6ecf172b0>}, {'models': {'OptionSpread': <class 'models.OptionSpread'>, 'User': <class 'models.User'>, 'User_Finvant': <class 'models.User_Finvant'>}}
tortoise - INFO - Tortoise-ORM generating schema
uvicorn.error - INFO - Application startup complete.
uvicorn.error - INFO - Shutting down
uvicorn.error - INFO - Waiting for application shutdown.
tortoise - INFO - Tortoise-ORM shutdown
tortoise - INFO - Tortoise-ORM shutdown
uvicorn.error - INFO - Application shutdown complete.
uvicorn.error - INFO - Finished server process [12769]
