root - INFO - 2023-03-27 09:09:19.980739 - OMS Server turned on.
uvicorn.error - INFO - Started server process [96717]
uvicorn.error - INFO - Waiting for application startup.
tortoise - INFO - Tortoise-ORM started, {'default': <tortoise.backends.sqlite.client.SqliteClient object at 0x119acd6a0>}, {'models': {'OptionSpread': <class 'models.OptionSpread'>, 'User': <class 'models.User'>, 'User_Finvant': <class 'models.User_Finvant'>}}
tortoise - INFO - Tortoise-ORM generating schema
uvicorn.error - INFO - Application startup complete.
uvicorn.error - INFO - Uvicorn running on http://0.0.0.0:8000 (Press CTRL+C to quit)
root - INFO - 2023-03-27 09:35:18.004289 - Order placement successful for users: []
root - INFO - 2023-03-27 09:40:15.889770 - Order placement successful for users: []
root - INFO - 2023-03-27 09:45:15.961971 - Order placement successful for users: []
root - INFO - 2023-03-27 09:50:15.938019 - Order placement successful for users: []
root - INFO - 2023-03-27 09:55:15.939489 - Order placement successful for users: []
root - INFO - 2023-03-27 10:05:16.157161 - Order placement successful for users: []
root - INFO - 2023-03-27 10:10:15.999946 - Order placement successful for users: []
root - INFO - 2023-03-27 10:15:15.923956 - Order placement successful for users: []
root - INFO - 2023-03-27 10:20:15.884694 - Order placement successful for users: []
root - INFO - 2023-03-27 10:25:15.938777 - Order placement successful for users: []
root - INFO - 2023-03-27 10:30:16.554213 - Order placement successful for users: []
root - INFO - 2023-03-27 10:35:16.029620 - Order placement successful for users: []
root - INFO - 2023-03-27 10:40:15.928261 - Order placement successful for users: []
root - INFO - 2023-03-27 10:45:15.983957 - Order placement successful for users: []
root - INFO - 2023-03-27 10:50:16.143779 - Order placement successful for users: []
root - INFO - 2023-03-27 10:55:16.024993 - Order placement successful for users: []
root - INFO - 2023-03-27 11:00:16.135571 - Order placement successful for users: []
root - INFO - 2023-03-27 11:05:15.914047 - Order placement successful for users: []
root - INFO - 2023-03-27 11:20:16.231980 - Order placed for FINVANT_LIVE QUASAR_5M BANKNIFTY_SYNTHETIC_INTRADAY_SHORT BUY 1 0 0.5
root - INFO - 2023-03-27 11:20:16.355331 - Order placed for FINVANT_LIVE QUASAR_5M NIFTY_SYNTHETIC_INTRADAY_SHORT BUY 2 0 0.5
root - INFO - 2023-03-27 11:20:16.466780 - Order placement successful for users: [{'user_name': 'FINVANT_LIVE', 'strategy': 'QUASAR_5M', 'instrument_nomenclature': 'BANKNIFTY_SYNTHETIC_INTRADAY_SHORT', 'position': 'BUY', 'target': 0.5, 'stoploss': 0, 'quantity': 1}, {'user_name': 'FINVANT_LIVE', 'strategy': 'QUASAR_5M', 'instrument_nomenclature': 'NIFTY_SYNTHETIC_INTRADAY_SHORT', 'position': 'BUY', 'target': 0.5, 'stoploss': 0, 'quantity': 2}]
root - INFO - 2023-03-27 11:25:15.964823 - Order placement successful for users: []
root - INFO - 2023-03-27 11:30:15.902033 - Order placement successful for users: []
root - INFO - 2023-03-27 11:40:16.962000 - Order placement successful for users: []
root - INFO - 2023-03-27 11:45:15.929717 - Order placement successful for users: []
root - INFO - 2023-03-27 11:50:15.925627 - Order placement successful for users: []
root - INFO - 2023-03-27 12:00:15.934266 - Order placement successful for users: []
root - INFO - 2023-03-27 12:05:15.926292 - Order placement successful for users: []
root - INFO - 2023-03-27 12:15:15.899790 - Order placement successful for users: []
root - INFO - 2023-03-27 12:20:16.431025 - Order placed for MASTER_TRUST OPHIUCUS NIFTY|L|0|PE|WEEK|0 OPEN SHORT -10 0 0
root - INFO - 2023-03-27 12:20:16.546078 - Order placed for ODIN OPHIUCUS NIFTY|L|0|PE|WEEK|0 OPEN SHORT -1 0 0
root - INFO - 2023-03-27 12:20:16.662589 - Order placed for FINVANT_LIVE OPHIUCUS NIFTY|L|0|PE|WEEK|0 OPEN SHORT -1 0 0
root - INFO - 2023-03-27 12:20:16.761121 - Order placed for BPWealth_AHD083 OPHIUCUS NIFTY|L|0|PE|WEEK|0 OPEN SHORT -1 0 0
root - INFO - 2023-03-27 12:20:16.877087 - Order placed for BPWealth_ACS1301 OPHIUCUS NIFTY|L|0|PE|WEEK|0 OPEN SHORT -1 0 0
root - INFO - 2023-03-27 12:20:16.974286 - Order placed for BPWealth_ACS1207 OPHIUCUS NIFTY|L|0|PE|WEEK|0 OPEN SHORT -1 0 0
root - INFO - 2023-03-27 12:20:17.082355 - Order placed for BPWealth_AC66 OPHIUCUS NIFTY|L|0|PE|WEEK|0 OPEN SHORT -2 0 0
root - INFO - 2023-03-27 12:20:17.179797 - Order placement successful for users: [{'user_name': 'MASTER_TRUST', 'strategy': 'OPHIUCUS', 'instrument_nomenclature': 'NIFTY|L|0|PE|WEEK|0', 'position': 'OPEN SHORT', 'target': 0, 'stoploss': 0, 'quantity': 10}, {'user_name': 'ODIN', 'strategy': 'OPHIUCUS', 'instrument_nomenclature': 'NIFTY|L|0|PE|WEEK|0', 'position': 'OPEN SHORT', 'target': 0, 'stoploss': 0, 'quantity': 1}, {'user_name': 'FINVANT_LIVE', 'strategy': 'OPHIUCUS', 'instrument_nomenclature': 'NIFTY|L|0|PE|WEEK|0', 'position': 'OPEN SHORT', 'target': 0, 'stoploss': 0, 'quantity': 1}, {'user_name': 'BPWealth_AHD083', 'strategy': 'OPHIUCUS', 'instrument_nomenclature': 'NIFTY|L|0|PE|WEEK|0', 'position': 'OPEN SHORT', 'target': 0, 'stoploss': 0, 'quantity': 1}, {'user_name': 'BPWealth_ACS1301', 'strategy': 'OPHIUCUS', 'instrument_nomenclature': 'NIFTY|L|0|PE|WEEK|0', 'position': 'OPEN SHORT', 'target': 0, 'stoploss': 0, 'quantity': 1}, {'user_name': 'BPWealth_ACS1207', 'strategy': 'OPHIUCUS', 'instrument_nomenclature': 'NIFTY|L|0|PE|WEEK|0', 'position': 'OPEN SHORT', 'target': 0, 'stoploss': 0, 'quantity': 1}, {'user_name': 'BPWealth_AC66', 'strategy': 'OPHIUCUS', 'instrument_nomenclature': 'NIFTY|L|0|PE|WEEK|0', 'position': 'OPEN SHORT', 'target': 0, 'stoploss': 0, 'quantity': 2}]
uvicorn.error - INFO - Shutting down
uvicorn.error - INFO - Waiting for application shutdown.
tortoise - INFO - Tortoise-ORM shutdown
uvicorn.error - INFO - Application shutdown complete.
uvicorn.error - INFO - Finished server process [96717]
root - INFO - 2023-03-27 12:25:31.559274 - OMS Server turned on.
uvicorn.error - INFO - Started server process [22714]
uvicorn.error - INFO - Waiting for application startup.
tortoise - INFO - Tortoise-ORM started, {'default': <tortoise.backends.sqlite.client.SqliteClient object at 0x13220d6a0>}, {'models': {'OptionSpread': <class 'models.OptionSpread'>, 'User': <class 'models.User'>, 'User_Finvant': <class 'models.User_Finvant'>}}
tortoise - INFO - Tortoise-ORM generating schema
uvicorn.error - INFO - Application startup complete.
uvicorn.error - INFO - Uvicorn running on http://0.0.0.0:8000 (Press CTRL+C to quit)
root - INFO - 2023-03-27 15:21:57.512425 - Order placed for MASTER_TRUST OPHIUCUS NIFTY|L|0|PE|WEEK|0 CLOSE SHORT -10 0 0
root - INFO - 2023-03-27 15:21:57.623984 - Order placed for ODIN OPHIUCUS NIFTY|L|0|PE|WEEK|0 CLOSE SHORT -1 0 0
root - INFO - 2023-03-27 15:21:57.736347 - Order placed for FINVANT_LIVE OPHIUCUS NIFTY|L|0|PE|WEEK|0 CLOSE SHORT -1 0 0
root - INFO - 2023-03-27 15:21:57.851469 - Order placed for BPWealth_AHD083 OPHIUCUS NIFTY|L|0|PE|WEEK|0 CLOSE SHORT -1 0 0
root - INFO - 2023-03-27 15:21:57.951125 - Order placed for BPWealth_ACS1301 OPHIUCUS NIFTY|L|0|PE|WEEK|0 CLOSE SHORT -1 0 0
root - INFO - 2023-03-27 15:21:58.064986 - Order placed for BPWealth_ACS1207 OPHIUCUS NIFTY|L|0|PE|WEEK|0 CLOSE SHORT -1 0 0
root - INFO - 2023-03-27 15:21:58.186213 - Order placed for BPWealth_AC66 OPHIUCUS NIFTY|L|0|PE|WEEK|0 CLOSE SHORT -2 0 0
root - INFO - 2023-03-27 15:21:58.284122 - Order placement successful for users: [{'user_name': 'MASTER_TRUST', 'strategy': 'OPHIUCUS', 'instrument_nomenclature': 'NIFTY|L|0|PE|WEEK|0', 'position': 'CLOSE SHORT', 'target': 0, 'stoploss': 0}, {'user_name': 'ODIN', 'strategy': 'OPHIUCUS', 'instrument_nomenclature': 'NIFTY|L|0|PE|WEEK|0', 'position': 'CLOSE SHORT', 'target': 0, 'stoploss': 0}, {'user_name': 'FINVANT_LIVE', 'strategy': 'OPHIUCUS', 'instrument_nomenclature': 'NIFTY|L|0|PE|WEEK|0', 'position': 'CLOSE SHORT', 'target': 0, 'stoploss': 0}, {'user_name': 'BPWealth_AHD083', 'strategy': 'OPHIUCUS', 'instrument_nomenclature': 'NIFTY|L|0|PE|WEEK|0', 'position': 'CLOSE SHORT', 'target': 0, 'stoploss': 0}, {'user_name': 'BPWealth_ACS1301', 'strategy': 'OPHIUCUS', 'instrument_nomenclature': 'NIFTY|L|0|PE|WEEK|0', 'position': 'CLOSE SHORT', 'target': 0, 'stoploss': 0}, {'user_name': 'BPWealth_ACS1207', 'strategy': 'OPHIUCUS', 'instrument_nomenclature': 'NIFTY|L|0|PE|WEEK|0', 'position': 'CLOSE SHORT', 'target': 0, 'stoploss': 0}, {'user_name': 'BPWealth_AC66', 'strategy': 'OPHIUCUS', 'instrument_nomenclature': 'NIFTY|L|0|PE|WEEK|0', 'position': 'CLOSE SHORT', 'target': 0, 'stoploss': 0}]
